"E:/UnrealProjects/Exana/Content/StarterContent/Audio/Collapse01.uasset" 0
"E:/UnrealProjects/Exana/Content/StarterContent/Audio/Collapse01.uexp" 1
"E:/UnrealProjects/Exana/Content/StarterContent/Audio/Collapse02.uasset" 2
"E:/UnrealProjects/Exana/Content/StarterContent/Audio/Collapse02.uexp" 3
"E:/UnrealProjects/Exana/Content/StarterContent/Audio/Fire01.uasset" 4
"E:/UnrealProjects/Exana/Content/StarterContent/Audio/Fire01.uexp" 5
"E:/UnrealProjects/Exana/Content/StarterContent/Audio/Fire_Sparks01.uasset" 6
"E:/UnrealProjects/Exana/Content/StarterContent/Audio/Fire_Sparks01.uexp" 7
"E:/UnrealProjects/Exana/Content/StarterContent/Audio/Smoke01.uasset" 8
"E:/UnrealProjects/Exana/Content/StarterContent/Audio/Smoke01.uexp" 9
"E:/UnrealProjects/Exana/Content/StarterContent/Audio/Starter_Birds01.uasset" 10
"E:/UnrealProjects/Exana/Content/StarterContent/Audio/Starter_Birds01.uexp" 11
"E:/UnrealProjects/Exana/Content/StarterContent/Audio/Starter_Music01.uasset" 12
"E:/UnrealProjects/Exana/Content/StarterContent/Audio/Starter_Music01.uexp" 13
"E:/UnrealProjects/Exana/Content/StarterContent/Audio/Starter_Wind05.uasset" 14
"E:/UnrealProjects/Exana/Content/StarterContent/Audio/Starter_Wind05.uexp" 15
"E:/UnrealProjects/Exana/Content/StarterContent/Audio/Starter_Wind06.uasset" 16
"E:/UnrealProjects/Exana/Content/StarterContent/Audio/Starter_Wind06.uexp" 17
"E:/UnrealProjects/Exana/Content/StarterContent/Audio/Steam01.uasset" 18
"E:/UnrealProjects/Exana/Content/StarterContent/Audio/Steam01.uexp" 19
"E:/UnrealProjects/Exana/Content/Mannequin/Character/Materials/MaterialLayers/T_ML_Rubber_Blue_01_D.uasset" 20
"E:/UnrealProjects/Exana/Content/Mannequin/Character/Materials/MaterialLayers/T_ML_Rubber_Blue_01_D.uexp" 21
"E:/UnrealProjects/Exana/Content/Mannequin/Character/Textures/T_UE4Logo_N.uasset" 22
"E:/UnrealProjects/Exana/Content/Mannequin/Character/Textures/T_UE4Logo_N.uexp" 23
"E:/UnrealProjects/Exana/Content/Mannequin/Character/Materials/MaterialLayers/T_ML_Aluminum01_N.uasset" 24
"E:/UnrealProjects/Exana/Content/Mannequin/Character/Materials/MaterialLayers/T_ML_Aluminum01_N.uexp" 25
"E:/UnrealProjects/Exana/Content/Mannequin/Character/Materials/MaterialLayers/T_ML_Rubber_Blue_01_N.uasset" 26
"E:/UnrealProjects/Exana/Content/Mannequin/Character/Materials/MaterialLayers/T_ML_Rubber_Blue_01_N.uexp" 27
"E:/UnrealProjects/Exana/Content/Mannequin/Character/Textures/T_UE4Logo_Mask.uasset" 28
"E:/UnrealProjects/Exana/Content/Mannequin/Character/Textures/T_UE4Logo_Mask.uexp" 29
"E:/UnrealProjects/Exana/Content/Mannequin/Character/Textures/T_Male_N.uasset" 30
"E:/UnrealProjects/Exana/Content/Mannequin/Character/Textures/T_Male_N.uexp" 31
"../../../Engine/Content/Functions/MaterialLayerFunctions/MatLayerBlend_Simple.uasset" 32
"../../../Engine/Content/Functions/MaterialLayerFunctions/MatLayerBlend_Simple.uexp" 33
"E:/UnrealProjects/Exana/Content/Mannequin/Character/Materials/MaterialLayers/T_ML_Aluminum01.uasset" 34
"E:/UnrealProjects/Exana/Content/Mannequin/Character/Materials/MaterialLayers/T_ML_Aluminum01.uexp" 35
"E:/UnrealProjects/Exana/Content/Mannequin/Character/Materials/MaterialLayers/ML_SoftMetal_UE4.uasset" 36
"E:/UnrealProjects/Exana/Content/Mannequin/Character/Materials/MaterialLayers/ML_SoftMetal_UE4.uexp" 37
"E:/UnrealProjects/Exana/Content/Mannequin/Character/Materials/MaterialLayers/ML_Plastic_Shiny_Beige.uasset" 38
"E:/UnrealProjects/Exana/Content/Mannequin/Character/Materials/MaterialLayers/ML_Plastic_Shiny_Beige.uexp" 39
"E:/UnrealProjects/Exana/Content/Mannequin/Character/Materials/MaterialLayers/ML_GlossyBlack_Latex_UE4.uasset" 40
"E:/UnrealProjects/Exana/Content/Mannequin/Character/Materials/MaterialLayers/ML_GlossyBlack_Latex_UE4.uexp" 41
"../../../Engine/Content/Functions/Engine_MaterialFunctions02/Utility/BlendAngleCorrectedNormals.uasset" 42
"../../../Engine/Content/Functions/Engine_MaterialFunctions02/Utility/BlendAngleCorrectedNormals.uexp" 43
"../../../Engine/Content/Functions/MaterialLayerFunctions/MatLayerBlend_NormalBlend.uasset" 44
"../../../Engine/Content/Functions/MaterialLayerFunctions/MatLayerBlend_NormalBlend.uexp" 45
"E:/UnrealProjects/Exana/Content/Mannequin/Character/Materials/MaterialLayers/ML_Plastic_Shiny_Beige_LOGO.uasset" 46
"E:/UnrealProjects/Exana/Content/Mannequin/Character/Materials/MaterialLayers/ML_Plastic_Shiny_Beige_LOGO.uexp" 47
"E:/UnrealProjects/Exana/Content/Mannequin/Character/Textures/T_Male_Mask.uasset" 48
"E:/UnrealProjects/Exana/Content/Mannequin/Character/Textures/T_Male_Mask.uexp" 49
"E:/UnrealProjects/Exana/Content/Mannequin/Character/Materials/M_Male_Body.uasset" 50
"E:/UnrealProjects/Exana/Content/Mannequin/Character/Materials/M_Male_Body.uexp" 51
"E:/UnrealProjects/Exana/Content/Mannequin/Character/Materials/M_UE4Man_ChestLogo.uasset" 52
"E:/UnrealProjects/Exana/Content/Mannequin/Character/Materials/M_UE4Man_ChestLogo.uexp" 53
"E:/UnrealProjects/Exana/Content/Mannequin/Character/Mesh/SK_Mannequin_PhysicsAsset.uasset" 54
"E:/UnrealProjects/Exana/Content/Mannequin/Character/Mesh/SK_Mannequin_PhysicsAsset.uexp" 55
"E:/UnrealProjects/Exana/Content/Mannequin/Character/Mesh/UE4_Mannequin_Skeleton.uasset" 56
"E:/UnrealProjects/Exana/Content/Mannequin/Character/Mesh/UE4_Mannequin_Skeleton.uexp" 57
"E:/UnrealProjects/Exana/Content/Mannequin/Character/Mesh/SK_Mannequin.uasset" 58
"E:/UnrealProjects/Exana/Content/Mannequin/Character/Mesh/SK_Mannequin.uexp" 59
"E:/UnrealProjects/Exana/Content/Mannequin/Animations/ThirdPerson_Jump.uasset" 60
"E:/UnrealProjects/Exana/Content/Mannequin/Animations/ThirdPerson_Jump.uexp" 61
"E:/UnrealProjects/Exana/Content/Mannequin/Animations/ThirdPersonWalk.uasset" 62
"E:/UnrealProjects/Exana/Content/Mannequin/Animations/ThirdPersonWalk.uexp" 63
"E:/UnrealProjects/Exana/Content/Mannequin/Animations/ThirdPersonRun.uasset" 64
"E:/UnrealProjects/Exana/Content/Mannequin/Animations/ThirdPersonRun.uexp" 65
"E:/UnrealProjects/Exana/Content/Mannequin/Animations/ThirdPersonIdle.uasset" 66
"E:/UnrealProjects/Exana/Content/Mannequin/Animations/ThirdPersonIdle.uexp" 67
"E:/UnrealProjects/Exana/Content/Mannequin/Animations/ThirdPerson_IdleRun_2D.uasset" 68
"E:/UnrealProjects/Exana/Content/Mannequin/Animations/ThirdPerson_IdleRun_2D.uexp" 69
"E:/UnrealProjects/Exana/Content/Mannequin/Animations/ThirdPersonJump_Start.uasset" 70
"E:/UnrealProjects/Exana/Content/Mannequin/Animations/ThirdPersonJump_Start.uexp" 71
"E:/UnrealProjects/Exana/Content/Mannequin/Animations/ThirdPersonJump_Loop.uasset" 72
"E:/UnrealProjects/Exana/Content/Mannequin/Animations/ThirdPersonJump_Loop.uexp" 73
"E:/UnrealProjects/Exana/Content/Mannequin/Animations/ThirdPerson_AnimBP.uasset" 74
"E:/UnrealProjects/Exana/Content/Mannequin/Animations/ThirdPerson_AnimBP.uexp" 75
"E:/UnrealProjects/Exana/Content/ThirdPersonBP/Blueprints/ThirdPersonCharacter.uasset" 76
"E:/UnrealProjects/Exana/Content/ThirdPersonBP/Blueprints/ThirdPersonCharacter.uexp" 77
"E:/UnrealProjects/Exana/Content/ThirdPersonBP/Blueprints/ThirdPersonGameMode.uasset" 78
"E:/UnrealProjects/Exana/Content/ThirdPersonBP/Blueprints/ThirdPersonGameMode.uexp" 79
"../../../Engine/Content/Animation/DefaultAnimBoneCompressionSettings.uasset" 80
"../../../Engine/Content/Animation/DefaultAnimBoneCompressionSettings.uexp" 81
"../../../Engine/Content/Animation/DefaultAnimCurveCompressionSettings.uasset" 82
"../../../Engine/Content/Animation/DefaultAnimCurveCompressionSettings.uexp" 83
"../../../Engine/Content/EngineMaterials/T_Default_Material_Grid_M.uasset" 84
"../../../Engine/Content/EngineMaterials/T_Default_Material_Grid_M.uexp" 85
"../../../Engine/Content/EngineMaterials/T_Default_Material_Grid_N.uasset" 86
"../../../Engine/Content/EngineMaterials/T_Default_Material_Grid_N.uexp" 87
"../../../Engine/Content/Functions/Engine_MaterialFunctions01/Opacity/CameraDepthFade.uasset" 88
"../../../Engine/Content/Functions/Engine_MaterialFunctions01/Opacity/CameraDepthFade.uexp" 89
"../../../Engine/Content/EngineMaterials/WorldGridMaterial.uasset" 90
"../../../Engine/Content/EngineMaterials/WorldGridMaterial.uexp" 91
"../../../Engine/Content/ArtTools/RenderToTexture/Meshes/S_1_Unit_Plane.uasset" 92
"../../../Engine/Content/ArtTools/RenderToTexture/Meshes/S_1_Unit_Plane.uexp" 93
"../../../Engine/Content/EngineMaterials/DefaultMaterial.uasset" 94
"../../../Engine/Content/EngineMaterials/DefaultMaterial.uexp" 95
"../../../Engine/Content/BasicShapes/Cone.uasset" 96
"../../../Engine/Content/BasicShapes/Cone.uexp" 97
"../../../Engine/Content/BasicShapes/Cube.uasset" 98
"../../../Engine/Content/BasicShapes/Cube.uexp" 99
"../../../Engine/Content/BasicShapes/Plane.uasset" 100
"../../../Engine/Content/BasicShapes/Plane.uexp" 101
"../../../Engine/Content/BasicShapes/Sphere.uasset" 102
"../../../Engine/Content/BasicShapes/Sphere.uexp" 103
"../../../Engine/Content/Functions/Engine_MaterialFunctions02/Utility/MakeFloat4.uasset" 104
"../../../Engine/Content/Functions/Engine_MaterialFunctions02/Utility/MakeFloat4.uexp" 105
"../../../Engine/Content/Functions/Engine_MaterialFunctions02/Utility/MakeFloat3.uasset" 106
"../../../Engine/Content/Functions/Engine_MaterialFunctions02/Utility/MakeFloat3.uexp" 107
"../../../Engine/Content/Functions/Engine_MaterialFunctions02/Utility/BreakOutFloat3Components.uasset" 108
"../../../Engine/Content/Functions/Engine_MaterialFunctions02/Utility/BreakOutFloat3Components.uexp" 109
"../../../Engine/Content/EngineDamageTypes/DmgTypeBP_Environmental.uasset" 110
"../../../Engine/Content/EngineDamageTypes/DmgTypeBP_Environmental.uexp" 111
"../../../Engine/Content/EngineDebugMaterials/DebugEditorMaterial.uasset" 112
"../../../Engine/Content/EngineDebugMaterials/DebugEditorMaterial.uexp" 113
"../../../Engine/Content/EngineDebugMaterials/DebugMeshMaterial.uasset" 114
"../../../Engine/Content/EngineDebugMaterials/DebugMeshMaterial.uexp" 115
"../../../Engine/Content/EngineDebugMaterials/M_SimpleUnlitTranslucent.uasset" 116
"../../../Engine/Content/EngineDebugMaterials/M_SimpleUnlitTranslucent.uexp" 117
"../../../Engine/Content/EngineDebugMaterials/VolumeToRender.uasset" 118
"../../../Engine/Content/EngineDebugMaterials/VolumeToRender.uexp" 119
"../../../Engine/Content/Functions/Engine_MaterialFunctions02/Utility/CameraDirectionVector.uasset" 120
"../../../Engine/Content/Functions/Engine_MaterialFunctions02/Utility/CameraDirectionVector.uexp" 121
"../../../Engine/Content/EngineDebugMaterials/M_VolumeRenderSphereTracePP.uasset" 122
"../../../Engine/Content/EngineDebugMaterials/M_VolumeRenderSphereTracePP.uexp" 123
"../../../Engine/Content/Functions/Engine_MaterialFunctions01/Shading/ConvertFromDiffSpec.uasset" 124
"../../../Engine/Content/Functions/Engine_MaterialFunctions01/Shading/ConvertFromDiffSpec.uexp" 125
"../../../Engine/Content/EngineDebugMaterials/VertexColorMaterial.uasset" 126
"../../../Engine/Content/EngineDebugMaterials/VertexColorMaterial.uexp" 127
"../../../Engine/Content/EngineDebugMaterials/WireframeMaterial.uasset" 128
"../../../Engine/Content/EngineDebugMaterials/WireframeMaterial.uexp" 129
"../../../Engine/Content/EngineFonts/Faces/RobotoLight.uasset" 130
"../../../Engine/Content/EngineFonts/Faces/RobotoLight.uexp" 131
"../../../Engine/Content/EngineFonts/Faces/RobotoLight.ufont" 132
"../../../Engine/Content/EngineFonts/Faces/RobotoBold.uasset" 133
"../../../Engine/Content/EngineFonts/Faces/RobotoBold.uexp" 134
"../../../Engine/Content/EngineFonts/Faces/RobotoBold.ufont" 135
"../../../Engine/Content/EngineFonts/Faces/DroidSansFallback.uasset" 136
"../../../Engine/Content/EngineFonts/Faces/DroidSansFallback.uexp" 137
"../../../Engine/Content/EngineFonts/Faces/DroidSansFallback.ufont" 138
"../../../Engine/Content/EngineFonts/Faces/RobotoBoldItalic.uasset" 139
"../../../Engine/Content/EngineFonts/Faces/RobotoBoldItalic.uexp" 140
"../../../Engine/Content/EngineFonts/Faces/RobotoBoldItalic.ufont" 141
"../../../Engine/Content/EngineFonts/Faces/RobotoItalic.uasset" 142
"../../../Engine/Content/EngineFonts/Faces/RobotoItalic.uexp" 143
"../../../Engine/Content/EngineFonts/Faces/RobotoItalic.ufont" 144
"../../../Engine/Content/EngineFonts/Faces/RobotoRegular.uasset" 145
"../../../Engine/Content/EngineFonts/Faces/RobotoRegular.uexp" 146
"../../../Engine/Content/EngineFonts/Faces/RobotoRegular.ufont" 147
"../../../Engine/Content/EngineMaterials/BaseFlattenNormalMap.uasset" 148
"../../../Engine/Content/EngineMaterials/BaseFlattenNormalMap.uexp" 149
"../../../Engine/Content/EngineMaterials/BaseFlattenEmissiveMap.uasset" 150
"../../../Engine/Content/EngineMaterials/BaseFlattenEmissiveMap.uexp" 151
"../../../Engine/Content/EngineMaterials/BaseFlattenDiffuseMap.uasset" 152
"../../../Engine/Content/EngineMaterials/BaseFlattenDiffuseMap.uexp" 153
"../../../Engine/Content/EngineMaterials/BaseFlattenGrayscaleMap.uasset" 154
"../../../Engine/Content/EngineMaterials/BaseFlattenGrayscaleMap.uexp" 155
"../../../Engine/Content/EngineMaterials/BaseFlattenMaterial.uasset" 156
"../../../Engine/Content/EngineMaterials/BaseFlattenMaterial.uexp" 157
"../../../Engine/Content/EngineMaterials/BaseFlattenNormalMap_VT.uasset" 158
"../../../Engine/Content/EngineMaterials/BaseFlattenNormalMap_VT.uexp" 159
"../../../Engine/Content/EngineMaterials/BaseFlattenEmissiveMap_VT.uasset" 160
"../../../Engine/Content/EngineMaterials/BaseFlattenEmissiveMap_VT.uexp" 161
"../../../Engine/Content/EngineMaterials/BaseFlattenDiffuseMap_VT.uasset" 162
"../../../Engine/Content/EngineMaterials/BaseFlattenDiffuseMap_VT.uexp" 163
"../../../Engine/Content/EngineMaterials/BaseFlattenGrayscaleMap_VT.uasset" 164
"../../../Engine/Content/EngineMaterials/BaseFlattenGrayscaleMap_VT.uexp" 165
"../../../Engine/Content/EngineMaterials/BaseFlattenMaterial_VT.uasset" 166
"../../../Engine/Content/EngineMaterials/BaseFlattenMaterial_VT.uexp" 167
"../../../Engine/Content/EngineMaterials/BlueNoise.uasset" 168
"../../../Engine/Content/EngineMaterials/BlueNoise.uexp" 169
"../../../Engine/Content/EngineMaterials/DefaultBloomKernel.uasset" 170
"../../../Engine/Content/EngineMaterials/DefaultBloomKernel.uexp" 171
"../../../Engine/Content/EngineMaterials/DefaultBokeh.uasset" 172
"../../../Engine/Content/EngineMaterials/DefaultBokeh.uexp" 173
"../../../Engine/Content/EngineMaterials/DefaultDiffuse.uasset" 174
"../../../Engine/Content/EngineMaterials/DefaultDiffuse.uexp" 175
"../../../Engine/Content/EngineMaterials/DefaultDeferredDecalMaterial.uasset" 176
"../../../Engine/Content/EngineMaterials/DefaultDeferredDecalMaterial.uexp" 177
"../../../Engine/Content/EngineMaterials/DefaultLightFunctionMaterial.uasset" 178
"../../../Engine/Content/EngineMaterials/DefaultLightFunctionMaterial.uexp" 179
"../../../Engine/Content/EngineMaterials/DefaultPhysicalMaterial.uasset" 180
"../../../Engine/Content/EngineMaterials/DefaultPhysicalMaterial.uexp" 181
"../../../Engine/Content/Functions/Engine_MaterialFunctions02/Utility/BreakOutFloat2Components.uasset" 182
"../../../Engine/Content/Functions/Engine_MaterialFunctions02/Utility/BreakOutFloat2Components.uexp" 183
"../../../Engine/Content/EngineMaterials/DefaultPostProcessMaterial.uasset" 184
"../../../Engine/Content/EngineMaterials/DefaultPostProcessMaterial.uexp" 185
"../../../Engine/Content/EngineMaterials/DefaultTextMaterialOpaque.uasset" 186
"../../../Engine/Content/EngineMaterials/DefaultTextMaterialOpaque.uexp" 187
"../../../Engine/Content/EngineMaterials/DefaultWhiteGrid.uasset" 188
"../../../Engine/Content/EngineMaterials/DefaultWhiteGrid.uexp" 189
"../../../Engine/Content/EngineMaterials/DefaultWhiteGrid_Low.uasset" 190
"../../../Engine/Content/EngineMaterials/DefaultWhiteGrid_Low.uexp" 191
"../../../Engine/Content/EngineMaterials/EmissiveMeshMaterial.uasset" 192
"../../../Engine/Content/EngineMaterials/EmissiveMeshMaterial.uexp" 193
"../../../Engine/Content/EngineMaterials/GizmoMaterial.uasset" 194
"../../../Engine/Content/EngineMaterials/GizmoMaterial.uexp" 195
"../../../Engine/Content/EngineMaterials/Good64x64TilingNoiseHighFreq.uasset" 196
"../../../Engine/Content/EngineMaterials/Good64x64TilingNoiseHighFreq.uexp" 197
"../../../Engine/Content/EngineMaterials/MiniFont.uasset" 198
"../../../Engine/Content/EngineMaterials/MiniFont.uexp" 199
"../../../Engine/Content/EngineMaterials/InvalidLightmapSettings.uasset" 200
"../../../Engine/Content/EngineMaterials/InvalidLightmapSettings.uexp" 201
"../../../Engine/Content/EngineMaterials/M_InvalidLightmapSettings.uasset" 202
"../../../Engine/Content/EngineMaterials/M_InvalidLightmapSettings.uexp" 203
"../../../Engine/Content/Functions/Engine_MaterialFunctions02/WorldPositionOffset/CameraOffset.uasset" 204
"../../../Engine/Content/Functions/Engine_MaterialFunctions02/WorldPositionOffset/CameraOffset.uexp" 205
"../../../Engine/Content/EngineMaterials/PhAT_JointLimitMaterial.uasset" 206
"../../../Engine/Content/EngineMaterials/PhAT_JointLimitMaterial.uexp" 207
"../../../Engine/Content/EngineMaterials/PreintegratedSkinBRDF.uasset" 208
"../../../Engine/Content/EngineMaterials/PreintegratedSkinBRDF.uexp" 209
"../../../Engine/Content/EngineMaterials/RemoveSurfaceMaterial.uasset" 210
"../../../Engine/Content/EngineMaterials/RemoveSurfaceMaterial.uexp" 211
"../../../Engine/Content/EngineMaterials/WeightMapPlaceholderTexture.uasset" 212
"../../../Engine/Content/EngineMaterials/WeightMapPlaceholderTexture.uexp" 213
"../../../Engine/Content/EngineResources/WhiteSquareTexture.uasset" 214
"../../../Engine/Content/EngineResources/WhiteSquareTexture.uexp" 215
"../../../Engine/Content/EngineMaterials/Widget3DPassThrough.uasset" 216
"../../../Engine/Content/EngineMaterials/Widget3DPassThrough.uexp" 217
"../../../Engine/Content/EngineMaterials/Widget3DPassThrough_Masked.uasset" 218
"../../../Engine/Content/EngineMaterials/Widget3DPassThrough_Masked.uexp" 219
"../../../Engine/Content/EngineMaterials/Widget3DPassThrough_Opaque.uasset" 220
"../../../Engine/Content/EngineMaterials/Widget3DPassThrough_Opaque.uexp" 221
"../../../Engine/Content/EngineMaterials/Widget3DPassThrough_Masked_OneSided.uasset" 222
"../../../Engine/Content/EngineMaterials/Widget3DPassThrough_Masked_OneSided.uexp" 223
"../../../Engine/Content/EngineMaterials/Widget3DPassThrough_Opaque_OneSided.uasset" 224
"../../../Engine/Content/EngineMaterials/Widget3DPassThrough_Opaque_OneSided.uexp" 225
"../../../Engine/Content/EngineMaterials/Widget3DPassThrough_Translucent.uasset" 226
"../../../Engine/Content/EngineMaterials/Widget3DPassThrough_Translucent.uexp" 227
"../../../Engine/Content/EngineMaterials/Widget3DPassThrough_Translucent_OneSided.uasset" 228
"../../../Engine/Content/EngineMaterials/Widget3DPassThrough_Translucent_OneSided.uexp" 229
"../../../Engine/Content/EngineMeshes/Sphere.uasset" 230
"../../../Engine/Content/EngineMeshes/Sphere.uexp" 231
"../../../Engine/Content/EngineResources/Black.uasset" 232
"../../../Engine/Content/EngineResources/Black.uexp" 233
"../../../Engine/Content/EngineResources/DefaultTextureCube.uasset" 234
"../../../Engine/Content/EngineResources/DefaultTextureCube.uexp" 235
"../../../Engine/Content/EngineResources/DefaultVolumeTexture2D.uasset" 236
"../../../Engine/Content/EngineResources/DefaultVolumeTexture2D.uexp" 237
"../../../Engine/Content/EngineResources/DefaultVolumeTexture.uasset" 238
"../../../Engine/Content/EngineResources/DefaultVolumeTexture.uexp" 239
"../../../Engine/Content/EngineResources/GradientTexture0.uasset" 240
"../../../Engine/Content/EngineResources/GradientTexture0.uexp" 241
"../../../Engine/Content/EngineSky/VolumetricClouds/T_NoiseErosion.uasset" 242
"../../../Engine/Content/EngineSky/VolumetricClouds/T_NoiseErosion.uexp" 243
"../../../Engine/Content/EngineSky/VolumetricClouds/T_VolumeNoiseErosion32.uasset" 244
"../../../Engine/Content/EngineSky/VolumetricClouds/T_VolumeNoiseErosion32.uexp" 245
"../../../Engine/Content/EngineSky/VolumetricClouds/CloudGradientTexture.uasset" 246
"../../../Engine/Content/EngineSky/VolumetricClouds/CloudGradientTexture.uexp" 247
"../../../Engine/Content/EngineSky/VolumetricClouds/CloudWeatherTexture.uasset" 248
"../../../Engine/Content/EngineSky/VolumetricClouds/CloudWeatherTexture.uexp" 249
"../../../Engine/Content/EngineSky/VolumetricClouds/T_NoiseShape64.uasset" 250
"../../../Engine/Content/EngineSky/VolumetricClouds/T_NoiseShape64.uexp" 251
"../../../Engine/Content/EngineSky/VolumetricClouds/T_VolumeNoiseShape64.uasset" 252
"../../../Engine/Content/EngineSky/VolumetricClouds/T_VolumeNoiseShape64.uexp" 253
"../../../Engine/Content/Functions/Engine_MaterialFunctions02/Utility/MakeFloat2.uasset" 254
"../../../Engine/Content/Functions/Engine_MaterialFunctions02/Utility/MakeFloat2.uexp" 255
"../../../Engine/Content/EngineSky/VolumetricClouds/m_SimpleVolumetricCloud.uasset" 256
"../../../Engine/Content/EngineSky/VolumetricClouds/m_SimpleVolumetricCloud.uexp" 257
"../../../Engine/Content/EngineSky/VolumetricClouds/m_SimpleVolumetricCloud_Inst.uasset" 258
"../../../Engine/Content/EngineSky/VolumetricClouds/m_SimpleVolumetricCloud_Inst.uexp" 259
"../../../Engine/Content/EngineSounds/Master.uasset" 260
"../../../Engine/Content/EngineSounds/Master.uexp" 261
"../../../Engine/Content/Functions/Engine_MaterialFunctions01/Shading/PowerToRoughness.uasset" 262
"../../../Engine/Content/Functions/Engine_MaterialFunctions01/Shading/PowerToRoughness.uexp" 263
"../../../Engine/Content/Maps/Templates/Thumbnails/Default.uasset" 264
"../../../Engine/Content/Maps/Templates/Thumbnails/Default.uexp" 265
"../../../Engine/Content/Maps/Templates/Thumbnails/TimeOfDay.uasset" 266
"../../../Engine/Content/Maps/Templates/Thumbnails/TimeOfDay.uexp" 267
"../../../Engine/Content/Maps/Templates/Thumbnails/VR-Basic.uasset" 268
"../../../Engine/Content/Maps/Templates/Thumbnails/VR-Basic.uexp" 269
"../../../Engine/Content/MobileResources/T_MobileControls_texture.uasset" 270
"../../../Engine/Content/MobileResources/T_MobileControls_texture.uexp" 271
"../../../Engine/Content/MobileResources/T_MobileMenu2.uasset" 272
"../../../Engine/Content/MobileResources/T_MobileMenu2.uexp" 273
"../../../Engine/Content/MobileResources/HUD/AnalogHat.uasset" 274
"../../../Engine/Content/MobileResources/HUD/AnalogHat.uexp" 275
"../../../Engine/Content/MobileResources/HUD/VirtualJoystick_Background.uasset" 276
"../../../Engine/Content/MobileResources/HUD/VirtualJoystick_Background.uexp" 277
"../../../Engine/Content/MobileResources/HUD/VirtualJoystick_Thumb.uasset" 278
"../../../Engine/Content/MobileResources/HUD/VirtualJoystick_Thumb.uexp" 279
"../../../Engine/Content/MobileResources/HUD/DefaultVirtualJoysticks.uasset" 280
"../../../Engine/Content/MobileResources/HUD/DefaultVirtualJoysticks.uexp" 281
"../../../Engine/Content/MobileResources/HUD/LeftVirtualJoystickOnly.uasset" 282
"../../../Engine/Content/MobileResources/HUD/LeftVirtualJoystickOnly.uexp" 283
"../../../Engine/Content/MobileResources/HUD/MobileHUDButton1_off.uasset" 284
"../../../Engine/Content/MobileResources/HUD/MobileHUDButton1_off.uexp" 285
"../../../Engine/Content/MobileResources/HUD/MobileHUDButton1_on.uasset" 286
"../../../Engine/Content/MobileResources/HUD/MobileHUDButton1_on.uexp" 287
"../../../Engine/Content/MobileResources/HUD/MobileHUDButton2_off.uasset" 288
"../../../Engine/Content/MobileResources/HUD/MobileHUDButton2_off.uexp" 289
"../../../Engine/Content/MobileResources/HUD/MobileHUDButton2_on.uasset" 290
"../../../Engine/Content/MobileResources/HUD/MobileHUDButton2_on.uexp" 291
"../../../Engine/Content/MobileResources/HUD/MobileHUDButton3.uasset" 292
"../../../Engine/Content/MobileResources/HUD/MobileHUDButton3.uexp" 293
"../../../Engine/Content/MobileResources/HUD/MobileHUDButtonFire.uasset" 294
"../../../Engine/Content/MobileResources/HUD/MobileHUDButtonFire.uexp" 295
"../../../Engine/Content/MobileResources/HUD/MobileHUDDirectionPad.uasset" 296
"../../../Engine/Content/MobileResources/HUD/MobileHUDDirectionPad.uexp" 297
"../../../Engine/Content/MobileResources/HUD/MobileHUDDirectionPad2.uasset" 298
"../../../Engine/Content/MobileResources/HUD/MobileHUDDirectionPad2.uexp" 299
"../../../Engine/Content/MobileResources/HUD/MobileHUDDirectionPad3.uasset" 300
"../../../Engine/Content/MobileResources/HUD/MobileHUDDirectionPad3.uexp" 301
"../../../Engine/Content/MobileResources/HUD/MobileHUDDirectionStick.uasset" 302
"../../../Engine/Content/MobileResources/HUD/MobileHUDDirectionStick.uexp" 303
"../../../Engine/Content/MobileResources/HUD/T_Castle_ThumbstickInner.uasset" 304
"../../../Engine/Content/MobileResources/HUD/T_Castle_ThumbstickInner.uexp" 305
"../../../Engine/Content/MobileResources/HUD/T_Castle_ThumbstickOutter.uasset" 306
"../../../Engine/Content/MobileResources/HUD/T_Castle_ThumbstickOutter.uexp" 307
"../../../Engine/Content/Tutorial/ContentIntroCurve.uasset" 308
"../../../Engine/Content/Tutorial/ContentIntroCurve.uexp" 309
"../../../Engine/Plugins/2D/Paper2D/Content/PlaceholderTextures/DummySpriteTexture.uasset" 310
"../../../Engine/Plugins/2D/Paper2D/Content/PlaceholderTextures/DummySpriteTexture.uexp" 311
"../../../Engine/Plugins/2D/Paper2D/Content/DummySprite.uasset" 312
"../../../Engine/Plugins/2D/Paper2D/Content/DummySprite.uexp" 313
"../../../Engine/Plugins/2D/Paper2D/Content/DefaultPaperTerrainMaterial.uasset" 314
"../../../Engine/Plugins/2D/Paper2D/Content/DefaultPaperTerrainMaterial.uexp" 315
"../../../Engine/Plugins/2D/Paper2D/Content/DefaultSpriteMaterial.uasset" 316
"../../../Engine/Plugins/2D/Paper2D/Content/DefaultSpriteMaterial.uexp" 317
"../../../Engine/Plugins/2D/Paper2D/Content/MaskedUnlitSpriteMaterial.uasset" 318
"../../../Engine/Plugins/2D/Paper2D/Content/MaskedUnlitSpriteMaterial.uexp" 319
"../../../Engine/Plugins/2D/Paper2D/Content/OpaqueUnlitSpriteMaterial.uasset" 320
"../../../Engine/Plugins/2D/Paper2D/Content/OpaqueUnlitSpriteMaterial.uexp" 321
"../../../Engine/Content/ArtTools/RenderToTexture/Materials/Debug/M_Emissive_Color.uasset" 322
"../../../Engine/Content/ArtTools/RenderToTexture/Materials/Debug/M_Emissive_Color.uexp" 323
"../../../Engine/Content/BasicShapes/Cylinder.uasset" 324
"../../../Engine/Content/BasicShapes/Cylinder.uexp" 325
"../../../Engine/Plugins/Lumin/MagicLeapPassableWorld/Content/MagicLeapARPinInfoActor.uasset" 326
"../../../Engine/Plugins/Lumin/MagicLeapPassableWorld/Content/MagicLeapARPinInfoActor.uexp" 327
"../../../Engine/Content/EngineResources/DefaultTexture.uasset" 328
"../../../Engine/Content/EngineResources/DefaultTexture.uexp" 329
"../../../Engine/Content/Functions/Engine_MaterialFunctions02/SafeNormalize.uasset" 330
"../../../Engine/Content/Functions/Engine_MaterialFunctions02/SafeNormalize.uexp" 331
"../../../Engine/Content/Functions/Engine_MaterialFunctions02/ObjectLocalBounds.uasset" 332
"../../../Engine/Content/Functions/Engine_MaterialFunctions02/ObjectLocalBounds.uexp" 333
"../../../Engine/Content/Functions/Engine_MaterialFunctions02/UVs/BoundingBoxBased_0-1_UVW.uasset" 334
"../../../Engine/Content/Functions/Engine_MaterialFunctions02/UVs/BoundingBoxBased_0-1_UVW.uexp" 335
"../../../Engine/Plugins/Editor/SpeedTreeImporter/Content/SpeedTree9/game_wind_noise.uasset" 336
"../../../Engine/Plugins/Editor/SpeedTreeImporter/Content/SpeedTree9/game_wind_noise.uexp" 337
"../../../Engine/Plugins/Editor/SpeedTreeImporter/Content/SpeedTree9/SpeedTreeWindMotion.uasset" 338
"../../../Engine/Plugins/Editor/SpeedTreeImporter/Content/SpeedTree9/SpeedTreeWindMotion.uexp" 339
"../../../Engine/Plugins/Editor/SpeedTreeImporter/Content/SpeedTree9/UnpackDirection.uasset" 340
"../../../Engine/Plugins/Editor/SpeedTreeImporter/Content/SpeedTree9/UnpackDirection.uexp" 341
"../../../Engine/Plugins/Editor/SpeedTreeImporter/Content/SpeedTree9/UnpackInteger3.uasset" 342
"../../../Engine/Plugins/Editor/SpeedTreeImporter/Content/SpeedTree9/UnpackInteger3.uexp" 343
"../../../Engine/Plugins/Editor/SpeedTreeImporter/Content/SpeedTree9/SpeedTreeBranchMotion.uasset" 344
"../../../Engine/Plugins/Editor/SpeedTreeImporter/Content/SpeedTree9/SpeedTreeBranchMotion.uexp" 345
"../../../Engine/Plugins/Editor/SpeedTreeImporter/Content/SpeedTree9/SpeedTreeWind.uasset" 346
"../../../Engine/Plugins/Editor/SpeedTreeImporter/Content/SpeedTree9/SpeedTreeWind.uexp" 347
"../../../Engine/Plugins/Editor/SpeedTreeImporter/Content/SpeedTree9/SpeedTreeBillboard.uasset" 348
"../../../Engine/Plugins/Editor/SpeedTreeImporter/Content/SpeedTree9/SpeedTreeBillboard.uexp" 349
"../../../Engine/Plugins/Editor/SpeedTreeImporter/Content/SpeedTree9/SpeedTreeBillboardMaster.uasset" 350
"../../../Engine/Plugins/Editor/SpeedTreeImporter/Content/SpeedTree9/SpeedTreeBillboardMaster.uexp" 351
"../../../Engine/Plugins/Editor/SpeedTreeImporter/Content/SpeedTree9/SpeedTreeCameraFacing.uasset" 352
"../../../Engine/Plugins/Editor/SpeedTreeImporter/Content/SpeedTree9/SpeedTreeCameraFacing.uexp" 353
"../../../Engine/Plugins/Editor/SpeedTreeImporter/Content/SpeedTree9/SpeedTreeMaster.uasset" 354
"../../../Engine/Plugins/Editor/SpeedTreeImporter/Content/SpeedTree9/SpeedTreeMaster.uexp" 355
"../../../Engine/Plugins/Runtime/HairStrands/Content/Materials/HairCardsDefaultMaterial.uasset" 356
"../../../Engine/Plugins/Runtime/HairStrands/Content/Materials/HairCardsDefaultMaterial.uexp" 357
"../../../Engine/Content/EngineMaterials/HairDebugColor.uasset" 358
"../../../Engine/Content/EngineMaterials/HairDebugColor.uexp" 359
"../../../Engine/Content/EngineMaterials/HairColorMap.uasset" 360
"../../../Engine/Content/EngineMaterials/HairColorMap.uexp" 361
"../../../Engine/Plugins/Runtime/HairStrands/Content/Materials/HairDebugMaterial.uasset" 362
"../../../Engine/Plugins/Runtime/HairStrands/Content/Materials/HairDebugMaterial.uexp" 363
"../../../Engine/Plugins/Runtime/HairStrands/Content/Materials/HairDefaultMaterial.uasset" 364
"../../../Engine/Plugins/Runtime/HairStrands/Content/Materials/HairDefaultMaterial.uexp" 365
"../../../Engine/Plugins/Runtime/HairStrands/Content/Materials/HairMeshesDefaultMaterial.uasset" 366
"../../../Engine/Plugins/Runtime/HairStrands/Content/Materials/HairMeshesDefaultMaterial.uexp" 367
"../../../Engine/Content/Functions/Engine_MaterialFunctions02/Utility/BreakOutFloat4Components.uasset" 368
"../../../Engine/Content/Functions/Engine_MaterialFunctions02/Utility/BreakOutFloat4Components.uexp" 369
"../../../Engine/Plugins/Runtime/Oculus/OculusVR/Content/Materials/OculusMR_ChromaKey.uasset" 370
"../../../Engine/Plugins/Runtime/Oculus/OculusVR/Content/Materials/OculusMR_ChromaKey.uexp" 371
"../../../Engine/Plugins/Runtime/Oculus/OculusVR/Content/Materials/OculusMR_OpaqueColoredMaterial.uasset" 372
"../../../Engine/Plugins/Runtime/Oculus/OculusVR/Content/Materials/OculusMR_OpaqueColoredMaterial.uexp" 373
"../../../Engine/Plugins/Runtime/Oculus/OculusVR/Content/Materials/PokeAHoleMaterial.uasset" 374
"../../../Engine/Plugins/Runtime/Oculus/OculusVR/Content/Materials/PokeAHoleMaterial.uexp" 375
"../../../Engine/Content/EngineSky/T_Sky_Clouds_M.uasset" 376
"../../../Engine/Content/EngineSky/T_Sky_Clouds_M.uexp" 377
"../../../Engine/Content/EngineSky/T_Sky_Stars.uasset" 378
"../../../Engine/Content/EngineSky/T_Sky_Stars.uexp" 379
"../../../Engine/Content/EngineSky/T_Sky_Blue.uasset" 380
"../../../Engine/Content/EngineSky/T_Sky_Blue.uexp" 381
"../../../Engine/Content/EngineSky/M_Sky_Panning_Clouds2.uasset" 382
"../../../Engine/Content/EngineSky/M_Sky_Panning_Clouds2.uexp" 383
"../../../Engine/Content/MapTemplates/SM_Template_Map_Floor.uasset" 384
"../../../Engine/Content/MapTemplates/SM_Template_Map_Floor.uexp" 385
"E:/UnrealProjects/Exana/Content/MMO/Maps/Spawn_BuiltData.uasset" 386
"E:/UnrealProjects/Exana/Content/MMO/Maps/Spawn_BuiltData.uexp" 387
"../../../Engine/Content/EngineSky/C_Sky_Horizon_Color.uasset" 388
"../../../Engine/Content/EngineSky/C_Sky_Horizon_Color.uexp" 389
"../../../Engine/Content/EngineSky/C_Sky_Zenith_Color.uasset" 390
"../../../Engine/Content/EngineSky/C_Sky_Zenith_Color.uexp" 391
"../../../Engine/Content/EngineSky/C_Sky_Cloud_Color.uasset" 392
"../../../Engine/Content/EngineSky/C_Sky_Cloud_Color.uexp" 393
"../../../Engine/Content/EngineSky/SM_SkySphere.uasset" 394
"../../../Engine/Content/EngineSky/SM_SkySphere.uexp" 395
"../../../Engine/Content/EngineSky/BP_Sky_Sphere.uasset" 396
"../../../Engine/Content/EngineSky/BP_Sky_Sphere.uexp" 397
"E:/UnrealProjects/Exana/Content/MMO/Maps/Spawn.uexp" 398
"E:/UnrealProjects/Exana/Content/MMO/Maps/Spawn.umap" 399
"E:/UnrealProjects/Exana/Content/StarterContent/Materials/M_AssetPlatform.uasset" 400
"E:/UnrealProjects/Exana/Content/StarterContent/Materials/M_AssetPlatform.uexp" 401
"E:/UnrealProjects/Exana/Content/StarterContent/Architecture/SM_AssetPlatform.uasset" 402
"E:/UnrealProjects/Exana/Content/StarterContent/Architecture/SM_AssetPlatform.uexp" 403
"../../../Engine/Content/MapTemplates/Sky/DaylightAmbientCubemap.uasset" 404
"../../../Engine/Content/MapTemplates/Sky/DaylightAmbientCubemap.uexp" 405
"E:/UnrealProjects/Exana/Content/StarterContent/Blueprints/Assets/M_LightStage_Skybox_Master.uasset" 406
"E:/UnrealProjects/Exana/Content/StarterContent/Blueprints/Assets/M_LightStage_Skybox_Master.uexp" 407
"E:/UnrealProjects/Exana/Content/StarterContent/Blueprints/Assets/M_LightStage_Skybox_HDRI.uasset" 408
"E:/UnrealProjects/Exana/Content/StarterContent/Blueprints/Assets/M_LightStage_Skybox_HDRI.uexp" 409
"E:/UnrealProjects/Exana/Content/StarterContent/HDRI/HDRI_Epic_Courtyard_Daylight.uasset" 410
"E:/UnrealProjects/Exana/Content/StarterContent/HDRI/HDRI_Epic_Courtyard_Daylight.uexp" 411
"E:/UnrealProjects/Exana/Content/StarterContent/Maps/Advanced_Lighting_BuiltData.uasset" 412
"E:/UnrealProjects/Exana/Content/StarterContent/Maps/Advanced_Lighting_BuiltData.uexp" 413
"../../../Engine/Content/Functions/Engine_MaterialFunctions01/Texturing/ScaleUVsByCenter.uasset" 414
"../../../Engine/Content/Functions/Engine_MaterialFunctions01/Texturing/ScaleUVsByCenter.uexp" 415
"../../../Engine/Content/ArtTools/RenderToTexture/MaterialFunctions/CheckerPattern.uasset" 416
"../../../Engine/Content/ArtTools/RenderToTexture/MaterialFunctions/CheckerPattern.uexp" 417
"../../../Engine/Content/Functions/Engine_MaterialFunctions02/ScreenResolution.uasset" 418
"../../../Engine/Content/Functions/Engine_MaterialFunctions02/ScreenResolution.uexp" 419
"../../../Engine/Content/Functions/Engine_MaterialFunctions02/Texturing/ScreenAlignedUVs.uasset" 420
"../../../Engine/Content/Functions/Engine_MaterialFunctions02/Texturing/ScreenAlignedUVs.uexp" 421
"E:/UnrealProjects/Exana/Content/StarterContent/Blueprints/Assets/Skybox.uasset" 422
"E:/UnrealProjects/Exana/Content/StarterContent/Blueprints/Assets/Skybox.uexp" 423
"E:/UnrealProjects/Exana/Content/StarterContent/Blueprints/Assets/SM_Arrows.uasset" 424
"E:/UnrealProjects/Exana/Content/StarterContent/Blueprints/Assets/SM_Arrows.uexp" 425
"E:/UnrealProjects/Exana/Content/StarterContent/Blueprints/Assets/FogBrightnessLUT.uasset" 426
"E:/UnrealProjects/Exana/Content/StarterContent/Blueprints/Assets/FogBrightnessLUT.uexp" 427
"E:/UnrealProjects/Exana/Content/StarterContent/Blueprints/Assets/SunlightColorLUT.uasset" 428
"E:/UnrealProjects/Exana/Content/StarterContent/Blueprints/Assets/SunlightColorLUT.uexp" 429
"E:/UnrealProjects/Exana/Content/StarterContent/Blueprints/Assets/M_LightStage_Arrows.uasset" 430
"E:/UnrealProjects/Exana/Content/StarterContent/Blueprints/Assets/M_LightStage_Arrows.uexp" 431
"E:/UnrealProjects/Exana/Content/StarterContent/Blueprints/Assets/M_LightStage_Skybox_Black.uasset" 432
"E:/UnrealProjects/Exana/Content/StarterContent/Blueprints/Assets/M_LightStage_Skybox_Black.uexp" 433
"E:/UnrealProjects/Exana/Content/StarterContent/Blueprints/BP_LightStudio.uasset" 434
"E:/UnrealProjects/Exana/Content/StarterContent/Blueprints/BP_LightStudio.uexp" 435
"E:/UnrealProjects/Exana/Content/StarterContent/Maps/Advanced_Lighting.uexp" 436
"E:/UnrealProjects/Exana/Content/StarterContent/Maps/Advanced_Lighting.umap" 437
"E:/UnrealProjects/Exana/Content/StarterContent/Audio/Starter_Background_Cue.uasset" 438
"E:/UnrealProjects/Exana/Content/StarterContent/Audio/Starter_Background_Cue.uexp" 439
"E:/UnrealProjects/Exana/Content/StarterContent/Materials/M_Basic_Floor.uasset" 440
"E:/UnrealProjects/Exana/Content/StarterContent/Materials/M_Basic_Floor.uexp" 441
"E:/UnrealProjects/Exana/Content/StarterContent/Architecture/Floor_400x400.uasset" 442
"E:/UnrealProjects/Exana/Content/StarterContent/Architecture/Floor_400x400.uexp" 443
"E:/UnrealProjects/Exana/Content/StarterContent/Textures/T_Statue_M.uasset" 444
"E:/UnrealProjects/Exana/Content/StarterContent/Textures/T_Statue_M.uexp" 445
"E:/UnrealProjects/Exana/Content/StarterContent/Textures/T_Statue_N.uasset" 446
"E:/UnrealProjects/Exana/Content/StarterContent/Textures/T_Statue_N.uexp" 447
"E:/UnrealProjects/Exana/Content/StarterContent/Props/Materials/M_StatueGlass.uasset" 448
"E:/UnrealProjects/Exana/Content/StarterContent/Props/Materials/M_StatueGlass.uexp" 449
"E:/UnrealProjects/Exana/Content/StarterContent/Props/Materials/M_Statue.uasset" 450
"E:/UnrealProjects/Exana/Content/StarterContent/Props/Materials/M_Statue.uexp" 451
"E:/UnrealProjects/Exana/Content/StarterContent/Props/SM_Statue.uasset" 452
"E:/UnrealProjects/Exana/Content/StarterContent/Props/SM_Statue.uexp" 453
"E:/UnrealProjects/Exana/Content/StarterContent/Textures/T_TableRound_M.uasset" 454
"E:/UnrealProjects/Exana/Content/StarterContent/Textures/T_TableRound_M.uexp" 455
"E:/UnrealProjects/Exana/Content/StarterContent/Textures/T_TableRound_N.uasset" 456
"E:/UnrealProjects/Exana/Content/StarterContent/Textures/T_TableRound_N.uexp" 457
"E:/UnrealProjects/Exana/Content/StarterContent/Props/Materials/M_TableRound.uasset" 458
"E:/UnrealProjects/Exana/Content/StarterContent/Props/Materials/M_TableRound.uexp" 459
"E:/UnrealProjects/Exana/Content/StarterContent/Props/SM_TableRound.uasset" 460
"E:/UnrealProjects/Exana/Content/StarterContent/Props/SM_TableRound.uexp" 461
"E:/UnrealProjects/Exana/Content/StarterContent/Textures/T_MacroVariation.uasset" 462
"E:/UnrealProjects/Exana/Content/StarterContent/Textures/T_MacroVariation.uexp" 463
"E:/UnrealProjects/Exana/Content/StarterContent/Textures/T_Metal_Aluminum_D.uasset" 464
"E:/UnrealProjects/Exana/Content/StarterContent/Textures/T_Metal_Aluminum_D.uexp" 465
"E:/UnrealProjects/Exana/Content/StarterContent/Textures/T_Metal_Gold_N.uasset" 466
"E:/UnrealProjects/Exana/Content/StarterContent/Textures/T_Metal_Gold_N.uexp" 467
"E:/UnrealProjects/Exana/Content/StarterContent/Materials/M_Metal_Burnished_Steel.uasset" 468
"E:/UnrealProjects/Exana/Content/StarterContent/Materials/M_Metal_Burnished_Steel.uexp" 469
"E:/UnrealProjects/Exana/Content/StarterContent/Textures/T_Metal_Copper_D.uasset" 470
"E:/UnrealProjects/Exana/Content/StarterContent/Textures/T_Metal_Copper_D.uexp" 471
"E:/UnrealProjects/Exana/Content/StarterContent/Materials/M_Metal_Copper.uasset" 472
"E:/UnrealProjects/Exana/Content/StarterContent/Materials/M_Metal_Copper.uexp" 473
"E:/UnrealProjects/Exana/Content/StarterContent/Materials/M_Metal_Brushed_Nickel.uasset" 474
"E:/UnrealProjects/Exana/Content/StarterContent/Materials/M_Metal_Brushed_Nickel.uexp" 475
"E:/UnrealProjects/Exana/Content/StarterContent/Textures/T_Chair_M.uasset" 476
"E:/UnrealProjects/Exana/Content/StarterContent/Textures/T_Chair_M.uexp" 477
"E:/UnrealProjects/Exana/Content/StarterContent/Textures/T_Chair_N.uasset" 478
"E:/UnrealProjects/Exana/Content/StarterContent/Textures/T_Chair_N.uexp" 479
"E:/UnrealProjects/Exana/Content/StarterContent/Props/Materials/M_Chair.uasset" 480
"E:/UnrealProjects/Exana/Content/StarterContent/Props/Materials/M_Chair.uexp" 481
"E:/UnrealProjects/Exana/Content/StarterContent/Maps/Minimal_Default_BuiltData.uasset" 482
"E:/UnrealProjects/Exana/Content/StarterContent/Maps/Minimal_Default_BuiltData.uexp" 483
"E:/UnrealProjects/Exana/Content/StarterContent/Props/SM_Chair.uasset" 484
"E:/UnrealProjects/Exana/Content/StarterContent/Props/SM_Chair.uexp" 485
"E:/UnrealProjects/Exana/Content/StarterContent/Maps/Minimal_Default.uexp" 486
"E:/UnrealProjects/Exana/Content/StarterContent/Maps/Minimal_Default.umap" 487
"E:/UnrealProjects/Exana/Content/StarterContent/Audio/Starter_Music_Cue.uasset" 488
"E:/UnrealProjects/Exana/Content/StarterContent/Audio/Starter_Music_Cue.uexp" 489
"E:/UnrealProjects/Exana/Content/StarterContent/Materials/M_Basic_Wall.uasset" 490
"E:/UnrealProjects/Exana/Content/StarterContent/Materials/M_Basic_Wall.uexp" 491
"E:/UnrealProjects/Exana/Content/StarterContent/Architecture/Wall_400x200.uasset" 492
"E:/UnrealProjects/Exana/Content/StarterContent/Architecture/Wall_400x200.uexp" 493
"E:/UnrealProjects/Exana/Content/StarterContent/Architecture/Wall_Window_400x300.uasset" 494
"E:/UnrealProjects/Exana/Content/StarterContent/Architecture/Wall_Window_400x300.uexp" 495
"E:/UnrealProjects/Exana/Content/StarterContent/Architecture/Wall_Door_400x300.uasset" 496
"E:/UnrealProjects/Exana/Content/StarterContent/Architecture/Wall_Door_400x300.uexp" 497
"E:/UnrealProjects/Exana/Content/StarterContent/Textures/T_Lamp_M.uasset" 498
"E:/UnrealProjects/Exana/Content/StarterContent/Textures/T_Lamp_M.uexp" 499
"E:/UnrealProjects/Exana/Content/StarterContent/Textures/T_Lamp_N.uasset" 500
"E:/UnrealProjects/Exana/Content/StarterContent/Textures/T_Lamp_N.uexp" 501
"E:/UnrealProjects/Exana/Content/StarterContent/Props/Materials/M_Lamp.uasset" 502
"E:/UnrealProjects/Exana/Content/StarterContent/Props/Materials/M_Lamp.uexp" 503
"E:/UnrealProjects/Exana/Content/StarterContent/Props/SM_Lamp_Ceiling.uasset" 504
"E:/UnrealProjects/Exana/Content/StarterContent/Props/SM_Lamp_Ceiling.uexp" 505
"E:/UnrealProjects/Exana/Content/StarterContent/Blueprints/Blueprint_CeilingLight.uasset" 506
"E:/UnrealProjects/Exana/Content/StarterContent/Blueprints/Blueprint_CeilingLight.uexp" 507
"E:/UnrealProjects/Exana/Content/StarterContent/Audio/Collapse_Cue.uasset" 508
"E:/UnrealProjects/Exana/Content/StarterContent/Audio/Collapse_Cue.uexp" 509
"E:/UnrealProjects/Exana/Content/StarterContent/Maps/StarterMap_BuiltData.uasset" 510
"E:/UnrealProjects/Exana/Content/StarterContent/Maps/StarterMap_BuiltData.uexp" 511
"../../../Engine/Content/Functions/Engine_MaterialFunctions03/Procedurals/ComputeFilterWidth.uasset" 512
"../../../Engine/Content/Functions/Engine_MaterialFunctions03/Procedurals/ComputeFilterWidth.uexp" 513
"../../../Engine/Content/EngineMaterials/AntiAliasedTextMaterialTranslucent.uasset" 514
"../../../Engine/Content/EngineMaterials/AntiAliasedTextMaterialTranslucent.uexp" 515
"E:/UnrealProjects/Exana/Content/StarterContent/Textures/T_Brick_Clay_Beveled_D.uasset" 516
"E:/UnrealProjects/Exana/Content/StarterContent/Textures/T_Brick_Clay_Beveled_D.uexp" 517
"E:/UnrealProjects/Exana/Content/StarterContent/Textures/T_Brick_Clay_Beveled_M.uasset" 518
"E:/UnrealProjects/Exana/Content/StarterContent/Textures/T_Brick_Clay_Beveled_M.uexp" 519
"E:/UnrealProjects/Exana/Content/StarterContent/Textures/T_Brick_Clay_Beveled_N.uasset" 520
"E:/UnrealProjects/Exana/Content/StarterContent/Textures/T_Brick_Clay_Beveled_N.uexp" 521
"E:/UnrealProjects/Exana/Content/StarterContent/Materials/M_Brick_Clay_Beveled.uasset" 522
"E:/UnrealProjects/Exana/Content/StarterContent/Materials/M_Brick_Clay_Beveled.uexp" 523
"E:/UnrealProjects/Exana/Content/StarterContent/Textures/T_Brick_Clay_New_D.uasset" 524
"E:/UnrealProjects/Exana/Content/StarterContent/Textures/T_Brick_Clay_New_D.uexp" 525
"E:/UnrealProjects/Exana/Content/StarterContent/Textures/T_Brick_Clay_New_M.uasset" 526
"E:/UnrealProjects/Exana/Content/StarterContent/Textures/T_Brick_Clay_New_M.uexp" 527
"E:/UnrealProjects/Exana/Content/StarterContent/Textures/T_Brick_Clay_New_N.uasset" 528
"E:/UnrealProjects/Exana/Content/StarterContent/Textures/T_Brick_Clay_New_N.uexp" 529
"E:/UnrealProjects/Exana/Content/StarterContent/Textures/T_Detail_Rocky_N.uasset" 530
"E:/UnrealProjects/Exana/Content/StarterContent/Textures/T_Detail_Rocky_N.uexp" 531
"E:/UnrealProjects/Exana/Content/StarterContent/Materials/M_Brick_Clay_New.uasset" 532
"E:/UnrealProjects/Exana/Content/StarterContent/Materials/M_Brick_Clay_New.uexp" 533
"E:/UnrealProjects/Exana/Content/StarterContent/Textures/T_Brick_Hewn_Stone_D.uasset" 534
"E:/UnrealProjects/Exana/Content/StarterContent/Textures/T_Brick_Hewn_Stone_D.uexp" 535
"E:/UnrealProjects/Exana/Content/StarterContent/Textures/T_Brick_Hewn_Stone_M.uasset" 536
"E:/UnrealProjects/Exana/Content/StarterContent/Textures/T_Brick_Hewn_Stone_M.uexp" 537
"E:/UnrealProjects/Exana/Content/StarterContent/Textures/T_Brick_Hewn_Stone_N.uasset" 538
"E:/UnrealProjects/Exana/Content/StarterContent/Textures/T_Brick_Hewn_Stone_N.uexp" 539
"E:/UnrealProjects/Exana/Content/StarterContent/Materials/M_Brick_Hewn_Stone.uasset" 540
"E:/UnrealProjects/Exana/Content/StarterContent/Materials/M_Brick_Hewn_Stone.uexp" 541
"E:/UnrealProjects/Exana/Content/StarterContent/Textures/T_Brick_Clay_Old_N.uasset" 542
"E:/UnrealProjects/Exana/Content/StarterContent/Textures/T_Brick_Clay_Old_N.uexp" 543
"E:/UnrealProjects/Exana/Content/StarterContent/Textures/T_Brick_Clay_Old_D.uasset" 544
"E:/UnrealProjects/Exana/Content/StarterContent/Textures/T_Brick_Clay_Old_D.uexp" 545
"E:/UnrealProjects/Exana/Content/StarterContent/Textures/T_Perlin_Noise_M.uasset" 546
"E:/UnrealProjects/Exana/Content/StarterContent/Textures/T_Perlin_Noise_M.uexp" 547
"E:/UnrealProjects/Exana/Content/StarterContent/Materials/M_Brick_Clay_Old.uasset" 548
"E:/UnrealProjects/Exana/Content/StarterContent/Materials/M_Brick_Clay_Old.uexp" 549
"E:/UnrealProjects/Exana/Content/StarterContent/Textures/T_Brick_Cut_Stone_D.uasset" 550
"E:/UnrealProjects/Exana/Content/StarterContent/Textures/T_Brick_Cut_Stone_D.uexp" 551
"E:/UnrealProjects/Exana/Content/StarterContent/Textures/T_Brick_Cut_Stone_N.uasset" 552
"E:/UnrealProjects/Exana/Content/StarterContent/Textures/T_Brick_Cut_Stone_N.uexp" 553
"E:/UnrealProjects/Exana/Content/StarterContent/Materials/M_Brick_Cut_Stone.uasset" 554
"E:/UnrealProjects/Exana/Content/StarterContent/Materials/M_Brick_Cut_Stone.uexp" 555
"E:/UnrealProjects/Exana/Content/StarterContent/Textures/T_Wood_Floor_Walnut_D.uasset" 556
"E:/UnrealProjects/Exana/Content/StarterContent/Textures/T_Wood_Floor_Walnut_D.uexp" 557
"E:/UnrealProjects/Exana/Content/StarterContent/Textures/T_Wood_Floor_Walnut_M.uasset" 558
"E:/UnrealProjects/Exana/Content/StarterContent/Textures/T_Wood_Floor_Walnut_M.uexp" 559
"E:/UnrealProjects/Exana/Content/StarterContent/Textures/T_Wood_Floor_Walnut_N.uasset" 560
"E:/UnrealProjects/Exana/Content/StarterContent/Textures/T_Wood_Floor_Walnut_N.uexp" 561
"E:/UnrealProjects/Exana/Content/StarterContent/Materials/M_Wood_Floor_Walnut_Polished.uasset" 562
"E:/UnrealProjects/Exana/Content/StarterContent/Materials/M_Wood_Floor_Walnut_Polished.uexp" 563
"E:/UnrealProjects/Exana/Content/StarterContent/Textures/T_Metal_Steel_D.uasset" 564
"E:/UnrealProjects/Exana/Content/StarterContent/Textures/T_Metal_Steel_D.uexp" 565
"E:/UnrealProjects/Exana/Content/StarterContent/Textures/T_Metal_Steel_N.uasset" 566
"E:/UnrealProjects/Exana/Content/StarterContent/Textures/T_Metal_Steel_N.uexp" 567
"E:/UnrealProjects/Exana/Content/StarterContent/Materials/M_Metal_Steel.uasset" 568
"E:/UnrealProjects/Exana/Content/StarterContent/Materials/M_Metal_Steel.uexp" 569
"E:/UnrealProjects/Exana/Content/StarterContent/Textures/T_ground_Moss_D.uasset" 570
"E:/UnrealProjects/Exana/Content/StarterContent/Textures/T_ground_Moss_D.uexp" 571
"E:/UnrealProjects/Exana/Content/StarterContent/Textures/T_Ground_Moss_N.uasset" 572
"E:/UnrealProjects/Exana/Content/StarterContent/Textures/T_Ground_Moss_N.uexp" 573
"E:/UnrealProjects/Exana/Content/StarterContent/Materials/M_Ground_Moss.uasset" 574
"E:/UnrealProjects/Exana/Content/StarterContent/Materials/M_Ground_Moss.uexp" 575
"E:/UnrealProjects/Exana/Content/StarterContent/Textures/T_CobbleStone_Pebble_D.uasset" 576
"E:/UnrealProjects/Exana/Content/StarterContent/Textures/T_CobbleStone_Pebble_D.uexp" 577
"E:/UnrealProjects/Exana/Content/StarterContent/Textures/T_CobbleStone_Pebble_M.uasset" 578
"E:/UnrealProjects/Exana/Content/StarterContent/Textures/T_CobbleStone_Pebble_M.uexp" 579
"E:/UnrealProjects/Exana/Content/StarterContent/Textures/T_CobbleStone_Pebble_N.uasset" 580
"E:/UnrealProjects/Exana/Content/StarterContent/Textures/T_CobbleStone_Pebble_N.uexp" 581
"E:/UnrealProjects/Exana/Content/StarterContent/Materials/M_CobbleStone_Pebble.uasset" 582
"E:/UnrealProjects/Exana/Content/StarterContent/Materials/M_CobbleStone_Pebble.uexp" 583
"E:/UnrealProjects/Exana/Content/StarterContent/Textures/T_CobbleStone_Rough_D.uasset" 584
"E:/UnrealProjects/Exana/Content/StarterContent/Textures/T_CobbleStone_Rough_D.uexp" 585
"E:/UnrealProjects/Exana/Content/StarterContent/Textures/T_CobbleStone_Rough_N.uasset" 586
"E:/UnrealProjects/Exana/Content/StarterContent/Textures/T_CobbleStone_Rough_N.uexp" 587
"E:/UnrealProjects/Exana/Content/StarterContent/Textures/T_Gradinet_01.uasset" 588
"E:/UnrealProjects/Exana/Content/StarterContent/Textures/T_Gradinet_01.uexp" 589
"E:/UnrealProjects/Exana/Content/StarterContent/Textures/T_Rock_Smooth_Granite_D.uasset" 590
"E:/UnrealProjects/Exana/Content/StarterContent/Textures/T_Rock_Smooth_Granite_D.uexp" 591
"E:/UnrealProjects/Exana/Content/StarterContent/Materials/M_CobbleStone_Rough.uasset" 592
"E:/UnrealProjects/Exana/Content/StarterContent/Materials/M_CobbleStone_Rough.uexp" 593
"E:/UnrealProjects/Exana/Content/StarterContent/Textures/T_Checker_Noise_M.uasset" 594
"E:/UnrealProjects/Exana/Content/StarterContent/Textures/T_Checker_Noise_M.uexp" 595
"E:/UnrealProjects/Exana/Content/StarterContent/Textures/T_Single_Tile_N.uasset" 596
"E:/UnrealProjects/Exana/Content/StarterContent/Textures/T_Single_Tile_N.uexp" 597
"E:/UnrealProjects/Exana/Content/StarterContent/Textures/T_Tech_Dot_M.uasset" 598
"E:/UnrealProjects/Exana/Content/StarterContent/Textures/T_Tech_Dot_M.uexp" 599
"E:/UnrealProjects/Exana/Content/StarterContent/Textures/T_Tech_Dot_N.uasset" 600
"E:/UnrealProjects/Exana/Content/StarterContent/Textures/T_Tech_Dot_N.uexp" 601
"E:/UnrealProjects/Exana/Content/StarterContent/Materials/M_Tech_Checker_Dot.uasset" 602
"E:/UnrealProjects/Exana/Content/StarterContent/Materials/M_Tech_Checker_Dot.uexp" 603
"E:/UnrealProjects/Exana/Content/StarterContent/Textures/T_Ceramic_Tile_M.uasset" 604
"E:/UnrealProjects/Exana/Content/StarterContent/Textures/T_Ceramic_Tile_M.uexp" 605
"E:/UnrealProjects/Exana/Content/StarterContent/Textures/T_Ceramic_Tile_N.uasset" 606
"E:/UnrealProjects/Exana/Content/StarterContent/Textures/T_Ceramic_Tile_N.uexp" 607
"E:/UnrealProjects/Exana/Content/StarterContent/Textures/T_Rock_Marble_Polished_D.uasset" 608
"E:/UnrealProjects/Exana/Content/StarterContent/Textures/T_Rock_Marble_Polished_D.uexp" 609
"E:/UnrealProjects/Exana/Content/StarterContent/Materials/M_Ceramic_Tile_Checker.uasset" 610
"E:/UnrealProjects/Exana/Content/StarterContent/Materials/M_Ceramic_Tile_Checker.uexp" 611
"E:/UnrealProjects/Exana/Content/StarterContent/Textures/T_Ground_Gravel_D.uasset" 612
"E:/UnrealProjects/Exana/Content/StarterContent/Textures/T_Ground_Gravel_D.uexp" 613
"E:/UnrealProjects/Exana/Content/StarterContent/Textures/T_Ground_Gravel_N.uasset" 614
"E:/UnrealProjects/Exana/Content/StarterContent/Textures/T_Ground_Gravel_N.uexp" 615
"E:/UnrealProjects/Exana/Content/StarterContent/Materials/M_Ground_Gravel.uasset" 616
"E:/UnrealProjects/Exana/Content/StarterContent/Materials/M_Ground_Gravel.uexp" 617
"E:/UnrealProjects/Exana/Content/StarterContent/Textures/T_Water_N.uasset" 618
"E:/UnrealProjects/Exana/Content/StarterContent/Textures/T_Water_N.uexp" 619
"E:/UnrealProjects/Exana/Content/StarterContent/Materials/M_Water_Lake.uasset" 620
"E:/UnrealProjects/Exana/Content/StarterContent/Materials/M_Water_Lake.uexp" 621
"E:/UnrealProjects/Exana/Content/StarterContent/Textures/T_Wood_Pine_D.uasset" 622
"E:/UnrealProjects/Exana/Content/StarterContent/Textures/T_Wood_Pine_D.uexp" 623
"E:/UnrealProjects/Exana/Content/StarterContent/Textures/T_Wood_Pine_N.uasset" 624
"E:/UnrealProjects/Exana/Content/StarterContent/Textures/T_Wood_Pine_N.uexp" 625
"E:/UnrealProjects/Exana/Content/StarterContent/Materials/M_Wood_Pine.uasset" 626
"E:/UnrealProjects/Exana/Content/StarterContent/Materials/M_Wood_Pine.uexp" 627
"E:/UnrealProjects/Exana/Content/StarterContent/Textures/T_Metal_Rust_N.uasset" 628
"E:/UnrealProjects/Exana/Content/StarterContent/Textures/T_Metal_Rust_N.uexp" 629
"E:/UnrealProjects/Exana/Content/StarterContent/Textures/T_Metal_Rust_D.uasset" 630
"E:/UnrealProjects/Exana/Content/StarterContent/Textures/T_Metal_Rust_D.uexp" 631
"E:/UnrealProjects/Exana/Content/StarterContent/Materials/M_Metal_Rust.uasset" 632
"E:/UnrealProjects/Exana/Content/StarterContent/Materials/M_Metal_Rust.uexp" 633
"E:/UnrealProjects/Exana/Content/StarterContent/Textures/T_CobbleStone_Smooth_D.uasset" 634
"E:/UnrealProjects/Exana/Content/StarterContent/Textures/T_CobbleStone_Smooth_D.uexp" 635
"E:/UnrealProjects/Exana/Content/StarterContent/Textures/T_CobbleStone_Smooth_M.uasset" 636
"E:/UnrealProjects/Exana/Content/StarterContent/Textures/T_CobbleStone_Smooth_M.uexp" 637
"E:/UnrealProjects/Exana/Content/StarterContent/Textures/T_CobbleStone_Smooth_N.uasset" 638
"E:/UnrealProjects/Exana/Content/StarterContent/Textures/T_CobbleStone_Smooth_N.uexp" 639
"E:/UnrealProjects/Exana/Content/StarterContent/Materials/M_CobbleStone_Smooth.uasset" 640
"E:/UnrealProjects/Exana/Content/StarterContent/Materials/M_CobbleStone_Smooth.uexp" 641
"E:/UnrealProjects/Exana/Content/StarterContent/Textures/T_Tech_Hex_Tile_M.uasset" 642
"E:/UnrealProjects/Exana/Content/StarterContent/Textures/T_Tech_Hex_Tile_M.uexp" 643
"E:/UnrealProjects/Exana/Content/StarterContent/Textures/T_Tech_Hex_Tile_N.uasset" 644
"E:/UnrealProjects/Exana/Content/StarterContent/Textures/T_Tech_Hex_Tile_N.uexp" 645
"E:/UnrealProjects/Exana/Content/StarterContent/Materials/M_Tech_Hex_Tile.uasset" 646
"E:/UnrealProjects/Exana/Content/StarterContent/Materials/M_Tech_Hex_Tile.uexp" 647
"E:/UnrealProjects/Exana/Content/StarterContent/Textures/T_Concrete_Poured_D.uasset" 648
"E:/UnrealProjects/Exana/Content/StarterContent/Textures/T_Concrete_Poured_D.uexp" 649
"E:/UnrealProjects/Exana/Content/StarterContent/Textures/T_Concrete_Poured_N.uasset" 650
"E:/UnrealProjects/Exana/Content/StarterContent/Textures/T_Concrete_Poured_N.uexp" 651
"E:/UnrealProjects/Exana/Content/StarterContent/Materials/M_Concrete_Poured.uasset" 652
"E:/UnrealProjects/Exana/Content/StarterContent/Materials/M_Concrete_Poured.uexp" 653
"E:/UnrealProjects/Exana/Content/StarterContent/Textures/T_Water_M.uasset" 654
"E:/UnrealProjects/Exana/Content/StarterContent/Textures/T_Water_M.uexp" 655
"E:/UnrealProjects/Exana/Content/StarterContent/Materials/M_Water_Ocean.uasset" 656
"E:/UnrealProjects/Exana/Content/StarterContent/Materials/M_Water_Ocean.uexp" 657
"E:/UnrealProjects/Exana/Content/StarterContent/Materials/M_Metal_Chrome.uasset" 658
"E:/UnrealProjects/Exana/Content/StarterContent/Materials/M_Metal_Chrome.uexp" 659
"E:/UnrealProjects/Exana/Content/StarterContent/Textures/T_Concrete_Panels_N.uasset" 660
"E:/UnrealProjects/Exana/Content/StarterContent/Textures/T_Concrete_Panels_N.uexp" 661
"E:/UnrealProjects/Exana/Content/StarterContent/Textures/T_Concrete_Panels_D.uasset" 662
"E:/UnrealProjects/Exana/Content/StarterContent/Textures/T_Concrete_Panels_D.uexp" 663
"E:/UnrealProjects/Exana/Content/StarterContent/Materials/M_Concrete_Panels.uasset" 664
"E:/UnrealProjects/Exana/Content/StarterContent/Materials/M_Concrete_Panels.uexp" 665
"E:/UnrealProjects/Exana/Content/StarterContent/Textures/T_Wood_Oak_D.uasset" 666
"E:/UnrealProjects/Exana/Content/StarterContent/Textures/T_Wood_Oak_D.uexp" 667
"E:/UnrealProjects/Exana/Content/StarterContent/Textures/T_Wood_Oak_N.uasset" 668
"E:/UnrealProjects/Exana/Content/StarterContent/Textures/T_Wood_Oak_N.uexp" 669
"E:/UnrealProjects/Exana/Content/StarterContent/Materials/M_Wood_Oak.uasset" 670
"E:/UnrealProjects/Exana/Content/StarterContent/Materials/M_Wood_Oak.uexp" 671
"E:/UnrealProjects/Exana/Content/StarterContent/Textures/T_Tech_Panel_M.uasset" 672
"E:/UnrealProjects/Exana/Content/StarterContent/Textures/T_Tech_Panel_M.uexp" 673
"E:/UnrealProjects/Exana/Content/StarterContent/Textures/T_Tech_Panel_N.uasset" 674
"E:/UnrealProjects/Exana/Content/StarterContent/Textures/T_Tech_Panel_N.uexp" 675
"E:/UnrealProjects/Exana/Content/StarterContent/Materials/M_Tech_Panel.uasset" 676
"E:/UnrealProjects/Exana/Content/StarterContent/Materials/M_Tech_Panel.uexp" 677
"E:/UnrealProjects/Exana/Content/StarterContent/Materials/M_Rock_Marble_Polished.uasset" 678
"E:/UnrealProjects/Exana/Content/StarterContent/Materials/M_Rock_Marble_Polished.uexp" 679
"E:/UnrealProjects/Exana/Content/StarterContent/Textures/T_Rock_Slate_D.uasset" 680
"E:/UnrealProjects/Exana/Content/StarterContent/Textures/T_Rock_Slate_D.uexp" 681
"E:/UnrealProjects/Exana/Content/StarterContent/Textures/T_Rock_Slate_N.uasset" 682
"E:/UnrealProjects/Exana/Content/StarterContent/Textures/T_Rock_Slate_N.uexp" 683
"E:/UnrealProjects/Exana/Content/StarterContent/Materials/M_Rock_Slate.uasset" 684
"E:/UnrealProjects/Exana/Content/StarterContent/Materials/M_Rock_Slate.uexp" 685
"E:/UnrealProjects/Exana/Content/StarterContent/Textures/T_Rock_Basalt_D.uasset" 686
"E:/UnrealProjects/Exana/Content/StarterContent/Textures/T_Rock_Basalt_D.uexp" 687
"E:/UnrealProjects/Exana/Content/StarterContent/Textures/T_Rock_Basalt_N.uasset" 688
"E:/UnrealProjects/Exana/Content/StarterContent/Textures/T_Rock_Basalt_N.uexp" 689
"E:/UnrealProjects/Exana/Content/StarterContent/Materials/M_Rock_Basalt.uasset" 690
"E:/UnrealProjects/Exana/Content/StarterContent/Materials/M_Rock_Basalt.uexp" 691
"E:/UnrealProjects/Exana/Content/StarterContent/Textures/T_Rock_Sandstone_D.uasset" 692
"E:/UnrealProjects/Exana/Content/StarterContent/Textures/T_Rock_Sandstone_D.uexp" 693
"E:/UnrealProjects/Exana/Content/StarterContent/Textures/T_Rock_Sandstone_N.uasset" 694
"E:/UnrealProjects/Exana/Content/StarterContent/Textures/T_Rock_Sandstone_N.uexp" 695
"E:/UnrealProjects/Exana/Content/StarterContent/Materials/M_Rock_Sandstone.uasset" 696
"E:/UnrealProjects/Exana/Content/StarterContent/Materials/M_Rock_Sandstone.uexp" 697
"E:/UnrealProjects/Exana/Content/StarterContent/Textures/T_Metal_Gold_D.uasset" 698
"E:/UnrealProjects/Exana/Content/StarterContent/Textures/T_Metal_Gold_D.uexp" 699
"E:/UnrealProjects/Exana/Content/StarterContent/Materials/M_Metal_Gold.uasset" 700
"E:/UnrealProjects/Exana/Content/StarterContent/Materials/M_Metal_Gold.uexp" 701
"../../../Engine/Content/Functions/Engine_MaterialFunctions01/Opacity/AlphaOffset.uasset" 702
"../../../Engine/Content/Functions/Engine_MaterialFunctions01/Opacity/AlphaOffset.uexp" 703
"E:/UnrealProjects/Exana/Content/StarterContent/Materials/M_Wood_Floor_Walnut_Worn.uasset" 704
"E:/UnrealProjects/Exana/Content/StarterContent/Materials/M_Wood_Floor_Walnut_Worn.uexp" 705
"E:/UnrealProjects/Exana/Content/StarterContent/Textures/T_Ground_Grass_D.uasset" 706
"E:/UnrealProjects/Exana/Content/StarterContent/Textures/T_Ground_Grass_D.uexp" 707
"E:/UnrealProjects/Exana/Content/StarterContent/Textures/T_Ground_Grass_N.uasset" 708
"E:/UnrealProjects/Exana/Content/StarterContent/Textures/T_Ground_Grass_N.uexp" 709
"E:/UnrealProjects/Exana/Content/StarterContent/Materials/M_Ground_Grass.uasset" 710
"E:/UnrealProjects/Exana/Content/StarterContent/Materials/M_Ground_Grass.uexp" 711
"E:/UnrealProjects/Exana/Content/StarterContent/Textures/T_Wood_Walnut_D.uasset" 712
"E:/UnrealProjects/Exana/Content/StarterContent/Textures/T_Wood_Walnut_D.uexp" 713
"E:/UnrealProjects/Exana/Content/StarterContent/Textures/T_Wood_Walnut_N.uasset" 714
"E:/UnrealProjects/Exana/Content/StarterContent/Textures/T_Wood_Walnut_N.uexp" 715
"E:/UnrealProjects/Exana/Content/StarterContent/Materials/M_Wood_Walnut.uasset" 716
"E:/UnrealProjects/Exana/Content/StarterContent/Materials/M_Wood_Walnut.uexp" 717
"E:/UnrealProjects/Exana/Content/StarterContent/Materials/M_Tech_Hex_Tile_Pulse.uasset" 718
"E:/UnrealProjects/Exana/Content/StarterContent/Materials/M_Tech_Hex_Tile_Pulse.uexp" 719
"E:/UnrealProjects/Exana/Content/StarterContent/Textures/T_Concrete_Tiles_D.uasset" 720
"E:/UnrealProjects/Exana/Content/StarterContent/Textures/T_Concrete_Tiles_D.uexp" 721
"E:/UnrealProjects/Exana/Content/StarterContent/Textures/T_Concrete_Tiles_M.uasset" 722
"E:/UnrealProjects/Exana/Content/StarterContent/Textures/T_Concrete_Tiles_M.uexp" 723
"E:/UnrealProjects/Exana/Content/StarterContent/Textures/T_Concrete_Tiles_N.uasset" 724
"E:/UnrealProjects/Exana/Content/StarterContent/Textures/T_Concrete_Tiles_N.uexp" 725
"E:/UnrealProjects/Exana/Content/StarterContent/Textures/T_Concrete_Tiles_Variation_M.uasset" 726
"E:/UnrealProjects/Exana/Content/StarterContent/Textures/T_Concrete_Tiles_Variation_M.uexp" 727
"E:/UnrealProjects/Exana/Content/StarterContent/Materials/M_Concrete_Tiles.uasset" 728
"E:/UnrealProjects/Exana/Content/StarterContent/Materials/M_Concrete_Tiles.uexp" 729
"E:/UnrealProjects/Exana/Content/StarterContent/Textures/T_Concrete_Grime_D.uasset" 730
"E:/UnrealProjects/Exana/Content/StarterContent/Textures/T_Concrete_Grime_D.uexp" 731
"E:/UnrealProjects/Exana/Content/StarterContent/Materials/M_Concrete_Grime.uasset" 732
"E:/UnrealProjects/Exana/Content/StarterContent/Materials/M_Concrete_Grime.uexp" 733
"E:/UnrealProjects/Exana/Content/StarterContent/Audio/Fire01_Cue.uasset" 734
"E:/UnrealProjects/Exana/Content/StarterContent/Audio/Fire01_Cue.uexp" 735
"E:/UnrealProjects/Exana/Content/StarterContent/Textures/T_Smoke_SubUV.uasset" 736
"E:/UnrealProjects/Exana/Content/StarterContent/Textures/T_Smoke_SubUV.uexp" 737
"E:/UnrealProjects/Exana/Content/StarterContent/Textures/T_Smoke_Tiled_D.uasset" 738
"E:/UnrealProjects/Exana/Content/StarterContent/Textures/T_Smoke_Tiled_D.uexp" 739
"E:/UnrealProjects/Exana/Content/StarterContent/Particles/Materials/M_smoke_subUV.uasset" 740
"E:/UnrealProjects/Exana/Content/StarterContent/Particles/Materials/M_smoke_subUV.uexp" 741
"E:/UnrealProjects/Exana/Content/StarterContent/Textures/T_Fire_SubUV.uasset" 742
"E:/UnrealProjects/Exana/Content/StarterContent/Textures/T_Fire_SubUV.uexp" 743
"E:/UnrealProjects/Exana/Content/StarterContent/Textures/T_Fire_Tiled_D.uasset" 744
"E:/UnrealProjects/Exana/Content/StarterContent/Textures/T_Fire_Tiled_D.uexp" 745
"E:/UnrealProjects/Exana/Content/StarterContent/Particles/Materials/M_Fire_SubUV.uasset" 746
"E:/UnrealProjects/Exana/Content/StarterContent/Particles/Materials/M_Fire_SubUV.uexp" 747
"E:/UnrealProjects/Exana/Content/StarterContent/Particles/Materials/M_Heat_Distortion.uasset" 748
"E:/UnrealProjects/Exana/Content/StarterContent/Particles/Materials/M_Heat_Distortion.uexp" 749
"../../../Engine/Content/Functions/Engine_MaterialFunctions01/Gradient/RadialGradient.uasset" 750
"../../../Engine/Content/Functions/Engine_MaterialFunctions01/Gradient/RadialGradient.uexp" 751
"E:/UnrealProjects/Exana/Content/StarterContent/Particles/Materials/M_Radial_Gradient.uasset" 752
"E:/UnrealProjects/Exana/Content/StarterContent/Particles/Materials/M_Radial_Gradient.uexp" 753
"E:/UnrealProjects/Exana/Content/StarterContent/Particles/P_Fire.uasset" 754
"E:/UnrealProjects/Exana/Content/StarterContent/Particles/P_Fire.uexp" 755
"E:/UnrealProjects/Exana/Content/StarterContent/Blueprints/Blueprint_Effect_Fire.uasset" 756
"E:/UnrealProjects/Exana/Content/StarterContent/Blueprints/Blueprint_Effect_Fire.uexp" 757
"E:/UnrealProjects/Exana/Content/StarterContent/Audio/Smoke01_Cue.uasset" 758
"E:/UnrealProjects/Exana/Content/StarterContent/Audio/Smoke01_Cue.uexp" 759
"E:/UnrealProjects/Exana/Content/StarterContent/Particles/P_Smoke.uasset" 760
"E:/UnrealProjects/Exana/Content/StarterContent/Particles/P_Smoke.uexp" 761
"E:/UnrealProjects/Exana/Content/StarterContent/Blueprints/Blueprint_Effect_Smoke.uasset" 762
"E:/UnrealProjects/Exana/Content/StarterContent/Blueprints/Blueprint_Effect_Smoke.uexp" 763
"E:/UnrealProjects/Exana/Content/StarterContent/Audio/Fire_Sparks01_Cue.uasset" 764
"E:/UnrealProjects/Exana/Content/StarterContent/Audio/Fire_Sparks01_Cue.uexp" 765
"E:/UnrealProjects/Exana/Content/StarterContent/Textures/T_Spark_Core.uasset" 766
"E:/UnrealProjects/Exana/Content/StarterContent/Textures/T_Spark_Core.uexp" 767
"E:/UnrealProjects/Exana/Content/StarterContent/Particles/Materials/M_Spark.uasset" 768
"E:/UnrealProjects/Exana/Content/StarterContent/Particles/Materials/M_Spark.uexp" 769
"E:/UnrealProjects/Exana/Content/StarterContent/Particles/P_Sparks.uasset" 770
"E:/UnrealProjects/Exana/Content/StarterContent/Particles/P_Sparks.uexp" 771
"E:/UnrealProjects/Exana/Content/StarterContent/Blueprints/Blueprint_Effect_Sparks.uasset" 772
"E:/UnrealProjects/Exana/Content/StarterContent/Blueprints/Blueprint_Effect_Sparks.uexp" 773
"E:/UnrealProjects/Exana/Content/StarterContent/Audio/Steam01_Cue.uasset" 774
"E:/UnrealProjects/Exana/Content/StarterContent/Audio/Steam01_Cue.uexp" 775
"E:/UnrealProjects/Exana/Content/StarterContent/Particles/P_Steam_Lit.uasset" 776
"E:/UnrealProjects/Exana/Content/StarterContent/Particles/P_Steam_Lit.uexp" 777
"E:/UnrealProjects/Exana/Content/StarterContent/Blueprints/Blueprint_Effect_Steam.uasset" 778
"E:/UnrealProjects/Exana/Content/StarterContent/Blueprints/Blueprint_Effect_Steam.uexp" 779
"E:/UnrealProjects/Exana/Content/StarterContent/Props/SM_Lamp_Wall.uasset" 780
"E:/UnrealProjects/Exana/Content/StarterContent/Props/SM_Lamp_Wall.uexp" 781
"E:/UnrealProjects/Exana/Content/StarterContent/Blueprints/Blueprint_WallSconce.uasset" 782
"E:/UnrealProjects/Exana/Content/StarterContent/Blueprints/Blueprint_WallSconce.uexp" 783
"E:/UnrealProjects/Exana/Content/StarterContent/Textures/T_Dust_Particle_D.uasset" 784
"E:/UnrealProjects/Exana/Content/StarterContent/Textures/T_Dust_Particle_D.uexp" 785
"E:/UnrealProjects/Exana/Content/StarterContent/Particles/Materials/M_Dust_Particle.uasset" 786
"E:/UnrealProjects/Exana/Content/StarterContent/Particles/Materials/M_Dust_Particle.uexp" 787
"E:/UnrealProjects/Exana/Content/StarterContent/Particles/P_Ambient_Dust.uasset" 788
"E:/UnrealProjects/Exana/Content/StarterContent/Particles/P_Ambient_Dust.uexp" 789
"E:/UnrealProjects/Exana/Content/StarterContent/Props/MaterialSphere.uasset" 790
"E:/UnrealProjects/Exana/Content/StarterContent/Props/MaterialSphere.uexp" 791
"E:/UnrealProjects/Exana/Content/StarterContent/Textures/T_Frame_M.uasset" 792
"E:/UnrealProjects/Exana/Content/StarterContent/Textures/T_Frame_M.uexp" 793
"E:/UnrealProjects/Exana/Content/StarterContent/Textures/T_Frame_N.uasset" 794
"E:/UnrealProjects/Exana/Content/StarterContent/Textures/T_Frame_N.uexp" 795
"E:/UnrealProjects/Exana/Content/StarterContent/Props/Materials/M_Frame.uasset" 796
"E:/UnrealProjects/Exana/Content/StarterContent/Props/Materials/M_Frame.uexp" 797
"E:/UnrealProjects/Exana/Content/StarterContent/Props/SM_CornerFrame.uasset" 798
"E:/UnrealProjects/Exana/Content/StarterContent/Props/SM_CornerFrame.uexp" 799
"E:/UnrealProjects/Exana/Content/StarterContent/Props/SM_DoorFrame.uasset" 800
"E:/UnrealProjects/Exana/Content/StarterContent/Props/SM_DoorFrame.uexp" 801
"E:/UnrealProjects/Exana/Content/StarterContent/Materials/M_Glass.uasset" 802
"E:/UnrealProjects/Exana/Content/StarterContent/Materials/M_Glass.uexp" 803
"E:/UnrealProjects/Exana/Content/StarterContent/Props/SM_GlassWindow.uasset" 804
"E:/UnrealProjects/Exana/Content/StarterContent/Props/SM_GlassWindow.uexp" 805
"E:/UnrealProjects/Exana/Content/StarterContent/Props/SM_PillarFrame.uasset" 806
"E:/UnrealProjects/Exana/Content/StarterContent/Props/SM_PillarFrame.uexp" 807
"E:/UnrealProjects/Exana/Content/StarterContent/Props/SM_PillarFrame300.uasset" 808
"E:/UnrealProjects/Exana/Content/StarterContent/Props/SM_PillarFrame300.uexp" 809
"E:/UnrealProjects/Exana/Content/StarterContent/Props/SM_WindowFrame.uasset" 810
"E:/UnrealProjects/Exana/Content/StarterContent/Props/SM_WindowFrame.uexp" 811
"E:/UnrealProjects/Exana/Content/StarterContent/Shapes/Shape_Cube.uasset" 812
"E:/UnrealProjects/Exana/Content/StarterContent/Shapes/Shape_Cube.uexp" 813
"E:/UnrealProjects/Exana/Content/StarterContent/Shapes/Shape_QuadPyramid.uasset" 814
"E:/UnrealProjects/Exana/Content/StarterContent/Shapes/Shape_QuadPyramid.uexp" 815
"E:/UnrealProjects/Exana/Content/StarterContent/Shapes/Shape_Sphere.uasset" 816
"E:/UnrealProjects/Exana/Content/StarterContent/Shapes/Shape_Sphere.uexp" 817
"E:/UnrealProjects/Exana/Content/StarterContent/Maps/StarterMap.uexp" 818
"E:/UnrealProjects/Exana/Content/StarterContent/Maps/StarterMap.umap" 819
"E:/UnrealProjects/Exana/Content/Geometry/Meshes/CubeMaterial.uasset" 820
"E:/UnrealProjects/Exana/Content/Geometry/Meshes/CubeMaterial.uexp" 821
"E:/UnrealProjects/Exana/Content/Geometry/Meshes/1M_Cube_Chamfer.uasset" 822
"E:/UnrealProjects/Exana/Content/Geometry/Meshes/1M_Cube_Chamfer.uexp" 823
"E:/UnrealProjects/Exana/Content/Geometry/Meshes/TemplateFloor.uasset" 824
"E:/UnrealProjects/Exana/Content/Geometry/Meshes/TemplateFloor.uexp" 825
"E:/UnrealProjects/Exana/Content/Geometry/Meshes/1M_Cube.uasset" 826
"E:/UnrealProjects/Exana/Content/Geometry/Meshes/1M_Cube.uexp" 827
"E:/UnrealProjects/Exana/Content/ThirdPerson/Meshes/RampMaterial.uasset" 828
"E:/UnrealProjects/Exana/Content/ThirdPerson/Meshes/RampMaterial.uexp" 829
"E:/UnrealProjects/Exana/Content/ThirdPerson/Meshes/Bump_StaticMesh.uasset" 830
"E:/UnrealProjects/Exana/Content/ThirdPerson/Meshes/Bump_StaticMesh.uexp" 831
"E:/UnrealProjects/Exana/Content/ThirdPerson/Meshes/LeftArm_StaticMesh.uasset" 832
"E:/UnrealProjects/Exana/Content/ThirdPerson/Meshes/LeftArm_StaticMesh.uexp" 833
"E:/UnrealProjects/Exana/Content/ThirdPerson/Meshes/Linear_Stair_StaticMesh.uasset" 834
"E:/UnrealProjects/Exana/Content/ThirdPerson/Meshes/Linear_Stair_StaticMesh.uexp" 835
"E:/UnrealProjects/Exana/Content/ThirdPerson/Meshes/Ramp_StaticMesh.uasset" 836
"E:/UnrealProjects/Exana/Content/ThirdPerson/Meshes/Ramp_StaticMesh.uexp" 837
"E:/UnrealProjects/Exana/Content/ThirdPerson/Meshes/RightArm_StaticMesh.uasset" 838
"E:/UnrealProjects/Exana/Content/ThirdPerson/Meshes/RightArm_StaticMesh.uexp" 839
"E:/UnrealProjects/Exana/Content/ThirdPersonBP/Maps/ThirdPersonExampleMap_BuiltData.uasset" 840
"E:/UnrealProjects/Exana/Content/ThirdPersonBP/Maps/ThirdPersonExampleMap_BuiltData.uexp" 841
"E:/UnrealProjects/Exana/Content/ThirdPersonBP/Maps/ThirdPersonExampleMap.uexp" 842
"E:/UnrealProjects/Exana/Content/ThirdPersonBP/Maps/ThirdPersonExampleMap.umap" 843
