"E:/UnrealProjects/Exana/Content/StarterContent/Audio/Collapse01.uasset" 0
"E:/UnrealProjects/Exana/Content/StarterContent/Audio/Collapse01.uexp" 1
"E:/UnrealProjects/Exana/Content/StarterContent/Audio/Collapse01.ubulk" 2
"E:/UnrealProjects/Exana/Content/StarterContent/Audio/Collapse02.uasset" 3
"E:/UnrealProjects/Exana/Content/StarterContent/Audio/Collapse02.uexp" 4
"E:/UnrealProjects/Exana/Content/StarterContent/Audio/Collapse02.ubulk" 5
"E:/UnrealProjects/Exana/Content/StarterContent/Audio/Fire01.uasset" 6
"E:/UnrealProjects/Exana/Content/StarterContent/Audio/Fire01.uexp" 7
"E:/UnrealProjects/Exana/Content/StarterContent/Audio/Fire01.ubulk" 8
"E:/UnrealProjects/Exana/Content/StarterContent/Audio/Fire_Sparks01.uasset" 9
"E:/UnrealProjects/Exana/Content/StarterContent/Audio/Fire_Sparks01.uexp" 10
"E:/UnrealProjects/Exana/Content/StarterContent/Audio/Fire_Sparks01.ubulk" 11
"E:/UnrealProjects/Exana/Content/StarterContent/Audio/Smoke01.uasset" 12
"E:/UnrealProjects/Exana/Content/StarterContent/Audio/Smoke01.uexp" 13
"E:/UnrealProjects/Exana/Content/StarterContent/Audio/Smoke01.ubulk" 14
"E:/UnrealProjects/Exana/Content/StarterContent/Audio/Starter_Birds01.uasset" 15
"E:/UnrealProjects/Exana/Content/StarterContent/Audio/Starter_Birds01.uexp" 16
"E:/UnrealProjects/Exana/Content/StarterContent/Audio/Starter_Birds01.ubulk" 17
"E:/UnrealProjects/Exana/Content/StarterContent/Audio/Starter_Music01.uasset" 18
"E:/UnrealProjects/Exana/Content/StarterContent/Audio/Starter_Music01.uexp" 19
"E:/UnrealProjects/Exana/Content/StarterContent/Audio/Starter_Music01.ubulk" 20
"E:/UnrealProjects/Exana/Content/StarterContent/Audio/Starter_Wind05.uasset" 21
"E:/UnrealProjects/Exana/Content/StarterContent/Audio/Starter_Wind05.uexp" 22
"E:/UnrealProjects/Exana/Content/StarterContent/Audio/Starter_Wind05.ubulk" 23
"E:/UnrealProjects/Exana/Content/StarterContent/Audio/Starter_Wind06.uasset" 24
"E:/UnrealProjects/Exana/Content/StarterContent/Audio/Starter_Wind06.uexp" 25
"E:/UnrealProjects/Exana/Content/StarterContent/Audio/Starter_Wind06.ubulk" 26
"E:/UnrealProjects/Exana/Content/StarterContent/Audio/Steam01.uasset" 27
"E:/UnrealProjects/Exana/Content/StarterContent/Audio/Steam01.uexp" 28
"E:/UnrealProjects/Exana/Content/StarterContent/Audio/Steam01.ubulk" 29
"E:/UnrealProjects/Exana/Content/Mannequin/Character/Textures/T_UE4Logo_Mask.uasset" 30
"E:/UnrealProjects/Exana/Content/Mannequin/Character/Textures/T_UE4Logo_Mask.uexp" 31
"E:/UnrealProjects/Exana/Content/Mannequin/Character/Textures/T_UE4Logo_Mask.ubulk" 32
"E:/UnrealProjects/Exana/Content/Mannequin/Character/Textures/T_Male_Mask.uasset" 33
"E:/UnrealProjects/Exana/Content/Mannequin/Character/Textures/T_Male_Mask.uexp" 34
"E:/UnrealProjects/Exana/Content/Mannequin/Character/Textures/T_Male_Mask.ubulk" 35
"E:/UnrealProjects/Exana/Content/Mannequin/Character/Materials/MaterialLayers/T_ML_Rubber_Blue_01_D.uasset" 36
"E:/UnrealProjects/Exana/Content/Mannequin/Character/Materials/MaterialLayers/T_ML_Rubber_Blue_01_D.uexp" 37
"E:/UnrealProjects/Exana/Content/Mannequin/Character/Materials/MaterialLayers/T_ML_Rubber_Blue_01_D.ubulk" 38
"E:/UnrealProjects/Exana/Content/Mannequin/Character/Materials/MaterialLayers/T_ML_Aluminum01_N.uasset" 39
"E:/UnrealProjects/Exana/Content/Mannequin/Character/Materials/MaterialLayers/T_ML_Aluminum01_N.uexp" 40
"E:/UnrealProjects/Exana/Content/Mannequin/Character/Materials/MaterialLayers/T_ML_Aluminum01_N.ubulk" 41
"E:/UnrealProjects/Exana/Content/Mannequin/Character/Materials/MaterialLayers/T_ML_Rubber_Blue_01_N.uasset" 42
"E:/UnrealProjects/Exana/Content/Mannequin/Character/Materials/MaterialLayers/T_ML_Rubber_Blue_01_N.uexp" 43
"E:/UnrealProjects/Exana/Content/Mannequin/Character/Materials/MaterialLayers/T_ML_Rubber_Blue_01_N.ubulk" 44
"E:/UnrealProjects/Exana/Content/Mannequin/Character/Textures/T_UE4Logo_N.uasset" 45
"E:/UnrealProjects/Exana/Content/Mannequin/Character/Textures/T_UE4Logo_N.uexp" 46
"E:/UnrealProjects/Exana/Content/Mannequin/Character/Textures/T_UE4Logo_N.ubulk" 47
"E:/UnrealProjects/Exana/Content/Mannequin/Character/Materials/MaterialLayers/T_ML_Aluminum01.uasset" 48
"E:/UnrealProjects/Exana/Content/Mannequin/Character/Materials/MaterialLayers/T_ML_Aluminum01.uexp" 49
"E:/UnrealProjects/Exana/Content/Mannequin/Character/Materials/MaterialLayers/T_ML_Aluminum01.ubulk" 50
"E:/UnrealProjects/Exana/Content/Mannequin/Character/Materials/MaterialLayers/ML_SoftMetal_UE4.uasset" 51
"E:/UnrealProjects/Exana/Content/Mannequin/Character/Materials/MaterialLayers/ML_SoftMetal_UE4.uexp" 52
"E:/UnrealProjects/Exana/Content/Mannequin/Character/Materials/MaterialLayers/ML_Plastic_Shiny_Beige.uasset" 53
"E:/UnrealProjects/Exana/Content/Mannequin/Character/Materials/MaterialLayers/ML_Plastic_Shiny_Beige.uexp" 54
"../../../Engine/Content/Functions/Engine_MaterialFunctions02/Utility/BlendAngleCorrectedNormals.uasset" 55
"../../../Engine/Content/Functions/Engine_MaterialFunctions02/Utility/BlendAngleCorrectedNormals.uexp" 56
"../../../Engine/Content/Functions/MaterialLayerFunctions/MatLayerBlend_Simple.uasset" 57
"../../../Engine/Content/Functions/MaterialLayerFunctions/MatLayerBlend_Simple.uexp" 58
"E:/UnrealProjects/Exana/Content/Mannequin/Character/Textures/T_Male_N.uasset" 59
"E:/UnrealProjects/Exana/Content/Mannequin/Character/Textures/T_Male_N.uexp" 60
"E:/UnrealProjects/Exana/Content/Mannequin/Character/Textures/T_Male_N.ubulk" 61
"E:/UnrealProjects/Exana/Content/Mannequin/Character/Materials/MaterialLayers/ML_Plastic_Shiny_Beige_LOGO.uasset" 62
"E:/UnrealProjects/Exana/Content/Mannequin/Character/Materials/MaterialLayers/ML_Plastic_Shiny_Beige_LOGO.uexp" 63
"E:/UnrealProjects/Exana/Content/Mannequin/Character/Materials/MaterialLayers/ML_GlossyBlack_Latex_UE4.uasset" 64
"E:/UnrealProjects/Exana/Content/Mannequin/Character/Materials/MaterialLayers/ML_GlossyBlack_Latex_UE4.uexp" 65
"../../../Engine/Content/Functions/MaterialLayerFunctions/MatLayerBlend_NormalBlend.uasset" 66
"../../../Engine/Content/Functions/MaterialLayerFunctions/MatLayerBlend_NormalBlend.uexp" 67
"E:/UnrealProjects/Exana/Content/Mannequin/Character/Materials/M_Male_Body.uasset" 68
"E:/UnrealProjects/Exana/Content/Mannequin/Character/Materials/M_Male_Body.uexp" 69
"E:/UnrealProjects/Exana/Content/Mannequin/Character/Materials/M_UE4Man_ChestLogo.uasset" 70
"E:/UnrealProjects/Exana/Content/Mannequin/Character/Materials/M_UE4Man_ChestLogo.uexp" 71
"E:/UnrealProjects/Exana/Content/Mannequin/Character/Mesh/SK_Mannequin_PhysicsAsset.uasset" 72
"E:/UnrealProjects/Exana/Content/Mannequin/Character/Mesh/SK_Mannequin_PhysicsAsset.uexp" 73
"E:/UnrealProjects/Exana/Content/Mannequin/Character/Mesh/UE4_Mannequin_Skeleton.uasset" 74
"E:/UnrealProjects/Exana/Content/Mannequin/Character/Mesh/UE4_Mannequin_Skeleton.uexp" 75
"E:/UnrealProjects/Exana/Content/Mannequin/Character/Mesh/SK_Mannequin.uasset" 76
"E:/UnrealProjects/Exana/Content/Mannequin/Character/Mesh/SK_Mannequin.uexp" 77
"E:/UnrealProjects/Exana/Content/Mannequin/Animations/ThirdPersonJump_Loop.uasset" 78
"E:/UnrealProjects/Exana/Content/Mannequin/Animations/ThirdPersonJump_Loop.uexp" 79
"E:/UnrealProjects/Exana/Content/Mannequin/Animations/ThirdPersonRun.uasset" 80
"E:/UnrealProjects/Exana/Content/Mannequin/Animations/ThirdPersonRun.uexp" 81
"E:/UnrealProjects/Exana/Content/Mannequin/Animations/ThirdPersonWalk.uasset" 82
"E:/UnrealProjects/Exana/Content/Mannequin/Animations/ThirdPersonWalk.uexp" 83
"E:/UnrealProjects/Exana/Content/Mannequin/Animations/ThirdPersonIdle.uasset" 84
"E:/UnrealProjects/Exana/Content/Mannequin/Animations/ThirdPersonIdle.uexp" 85
"E:/UnrealProjects/Exana/Content/Mannequin/Animations/ThirdPerson_IdleRun_2D.uasset" 86
"E:/UnrealProjects/Exana/Content/Mannequin/Animations/ThirdPerson_IdleRun_2D.uexp" 87
"E:/UnrealProjects/Exana/Content/Mannequin/Animations/ThirdPersonJump_Start.uasset" 88
"E:/UnrealProjects/Exana/Content/Mannequin/Animations/ThirdPersonJump_Start.uexp" 89
"E:/UnrealProjects/Exana/Content/Mannequin/Animations/ThirdPerson_Jump.uasset" 90
"E:/UnrealProjects/Exana/Content/Mannequin/Animations/ThirdPerson_Jump.uexp" 91
"E:/UnrealProjects/Exana/Content/Mannequin/Animations/ThirdPerson_AnimBP.uasset" 92
"E:/UnrealProjects/Exana/Content/Mannequin/Animations/ThirdPerson_AnimBP.uexp" 93
"E:/UnrealProjects/Exana/Content/ThirdPersonBP/Blueprints/ThirdPersonCharacter.uasset" 94
"E:/UnrealProjects/Exana/Content/ThirdPersonBP/Blueprints/ThirdPersonCharacter.uexp" 95
"E:/UnrealProjects/Exana/Content/ThirdPersonBP/Blueprints/ThirdPersonGameMode.uasset" 96
"E:/UnrealProjects/Exana/Content/ThirdPersonBP/Blueprints/ThirdPersonGameMode.uexp" 97
"../../../Engine/Content/Animation/DefaultAnimBoneCompressionSettings.uasset" 98
"../../../Engine/Content/Animation/DefaultAnimBoneCompressionSettings.uexp" 99
"../../../Engine/Content/Animation/DefaultAnimCurveCompressionSettings.uasset" 100
"../../../Engine/Content/Animation/DefaultAnimCurveCompressionSettings.uexp" 101
"../../../Engine/Content/EngineMaterials/T_Default_Material_Grid_M.uasset" 102
"../../../Engine/Content/EngineMaterials/T_Default_Material_Grid_M.uexp" 103
"../../../Engine/Content/EngineMaterials/T_Default_Material_Grid_M.ubulk" 104
"../../../Engine/Content/EngineMaterials/T_Default_Material_Grid_N.uasset" 105
"../../../Engine/Content/EngineMaterials/T_Default_Material_Grid_N.uexp" 106
"../../../Engine/Content/EngineMaterials/T_Default_Material_Grid_N.ubulk" 107
"../../../Engine/Content/Functions/Engine_MaterialFunctions01/Opacity/CameraDepthFade.uasset" 108
"../../../Engine/Content/Functions/Engine_MaterialFunctions01/Opacity/CameraDepthFade.uexp" 109
"../../../Engine/Content/EngineMaterials/WorldGridMaterial.uasset" 110
"../../../Engine/Content/EngineMaterials/WorldGridMaterial.uexp" 111
"../../../Engine/Content/ArtTools/RenderToTexture/Meshes/S_1_Unit_Plane.uasset" 112
"../../../Engine/Content/ArtTools/RenderToTexture/Meshes/S_1_Unit_Plane.uexp" 113
"../../../Engine/Content/ArtTools/RenderToTexture/Meshes/S_1_Unit_Plane.ubulk" 114
"../../../Engine/Content/EngineMaterials/DefaultMaterial.uasset" 115
"../../../Engine/Content/EngineMaterials/DefaultMaterial.uexp" 116
"../../../Engine/Content/BasicShapes/Cone.uasset" 117
"../../../Engine/Content/BasicShapes/Cone.uexp" 118
"../../../Engine/Content/BasicShapes/Cone.ubulk" 119
"../../../Engine/Content/BasicShapes/Cube.uasset" 120
"../../../Engine/Content/BasicShapes/Cube.uexp" 121
"../../../Engine/Content/BasicShapes/Cube.ubulk" 122
"../../../Engine/Content/BasicShapes/Plane.uasset" 123
"../../../Engine/Content/BasicShapes/Plane.uexp" 124
"../../../Engine/Content/BasicShapes/Plane.ubulk" 125
"../../../Engine/Content/BasicShapes/Sphere.uasset" 126
"../../../Engine/Content/BasicShapes/Sphere.uexp" 127
"../../../Engine/Content/BasicShapes/Sphere.ubulk" 128
"../../../Engine/Content/Functions/Engine_MaterialFunctions02/Utility/MakeFloat4.uasset" 129
"../../../Engine/Content/Functions/Engine_MaterialFunctions02/Utility/MakeFloat4.uexp" 130
"../../../Engine/Content/Functions/Engine_MaterialFunctions02/Utility/MakeFloat3.uasset" 131
"../../../Engine/Content/Functions/Engine_MaterialFunctions02/Utility/MakeFloat3.uexp" 132
"../../../Engine/Content/Functions/Engine_MaterialFunctions02/Utility/BreakOutFloat3Components.uasset" 133
"../../../Engine/Content/Functions/Engine_MaterialFunctions02/Utility/BreakOutFloat3Components.uexp" 134
"../../../Engine/Content/EngineDamageTypes/DmgTypeBP_Environmental.uasset" 135
"../../../Engine/Content/EngineDamageTypes/DmgTypeBP_Environmental.uexp" 136
"../../../Engine/Content/EngineDebugMaterials/DebugEditorMaterial.uasset" 137
"../../../Engine/Content/EngineDebugMaterials/DebugEditorMaterial.uexp" 138
"../../../Engine/Content/EngineDebugMaterials/DebugMeshMaterial.uasset" 139
"../../../Engine/Content/EngineDebugMaterials/DebugMeshMaterial.uexp" 140
"../../../Engine/Content/EngineDebugMaterials/M_SimpleUnlitTranslucent.uasset" 141
"../../../Engine/Content/EngineDebugMaterials/M_SimpleUnlitTranslucent.uexp" 142
"../../../Engine/Content/Functions/Engine_MaterialFunctions02/Utility/CameraDirectionVector.uasset" 143
"../../../Engine/Content/Functions/Engine_MaterialFunctions02/Utility/CameraDirectionVector.uexp" 144
"../../../Engine/Content/EngineDebugMaterials/VolumeToRender.uasset" 145
"../../../Engine/Content/EngineDebugMaterials/VolumeToRender.uexp" 146
"../../../Engine/Content/EngineDebugMaterials/M_VolumeRenderSphereTracePP.uasset" 147
"../../../Engine/Content/EngineDebugMaterials/M_VolumeRenderSphereTracePP.uexp" 148
"../../../Engine/Content/Functions/Engine_MaterialFunctions01/Shading/ConvertFromDiffSpec.uasset" 149
"../../../Engine/Content/Functions/Engine_MaterialFunctions01/Shading/ConvertFromDiffSpec.uexp" 150
"../../../Engine/Content/EngineDebugMaterials/VertexColorMaterial.uasset" 151
"../../../Engine/Content/EngineDebugMaterials/VertexColorMaterial.uexp" 152
"../../../Engine/Content/EngineDebugMaterials/WireframeMaterial.uasset" 153
"../../../Engine/Content/EngineDebugMaterials/WireframeMaterial.uexp" 154
"../../../Engine/Content/EngineFonts/Faces/RobotoBold.uasset" 155
"../../../Engine/Content/EngineFonts/Faces/RobotoBold.uexp" 156
"../../../Engine/Content/EngineFonts/Faces/RobotoBold.ufont" 157
"../../../Engine/Content/EngineFonts/Faces/RobotoBoldItalic.uasset" 158
"../../../Engine/Content/EngineFonts/Faces/RobotoBoldItalic.uexp" 159
"../../../Engine/Content/EngineFonts/Faces/RobotoBoldItalic.ufont" 160
"../../../Engine/Content/EngineFonts/Faces/RobotoRegular.uasset" 161
"../../../Engine/Content/EngineFonts/Faces/RobotoRegular.uexp" 162
"../../../Engine/Content/EngineFonts/Faces/RobotoRegular.ufont" 163
"../../../Engine/Content/EngineFonts/Faces/DroidSansFallback.uasset" 164
"../../../Engine/Content/EngineFonts/Faces/DroidSansFallback.uexp" 165
"../../../Engine/Content/EngineFonts/Faces/DroidSansFallback.ufont" 166
"../../../Engine/Content/EngineFonts/Faces/RobotoItalic.uasset" 167
"../../../Engine/Content/EngineFonts/Faces/RobotoItalic.uexp" 168
"../../../Engine/Content/EngineFonts/Faces/RobotoItalic.ufont" 169
"../../../Engine/Content/EngineFonts/Faces/RobotoLight.uasset" 170
"../../../Engine/Content/EngineFonts/Faces/RobotoLight.uexp" 171
"../../../Engine/Content/EngineFonts/Faces/RobotoLight.ufont" 172
"../../../Engine/Content/EngineFonts/Roboto.uasset" 173
"../../../Engine/Content/EngineFonts/Roboto.uexp" 174
"../../../Engine/Content/EngineMaterials/BaseFlattenEmissiveMap.uasset" 175
"../../../Engine/Content/EngineMaterials/BaseFlattenEmissiveMap.uexp" 176
"../../../Engine/Content/EngineMaterials/BaseFlattenDiffuseMap.uasset" 177
"../../../Engine/Content/EngineMaterials/BaseFlattenDiffuseMap.uexp" 178
"../../../Engine/Content/EngineMaterials/BaseFlattenGrayscaleMap.uasset" 179
"../../../Engine/Content/EngineMaterials/BaseFlattenGrayscaleMap.uexp" 180
"../../../Engine/Content/EngineMaterials/BaseFlattenNormalMap.uasset" 181
"../../../Engine/Content/EngineMaterials/BaseFlattenNormalMap.uexp" 182
"../../../Engine/Content/EngineMaterials/BaseFlattenMaterial.uasset" 183
"../../../Engine/Content/EngineMaterials/BaseFlattenMaterial.uexp" 184
"../../../Engine/Content/EngineMaterials/BaseFlattenDiffuseMap_VT.uasset" 185
"../../../Engine/Content/EngineMaterials/BaseFlattenDiffuseMap_VT.uexp" 186
"../../../Engine/Content/EngineMaterials/BaseFlattenEmissiveMap_VT.uasset" 187
"../../../Engine/Content/EngineMaterials/BaseFlattenEmissiveMap_VT.uexp" 188
"../../../Engine/Content/EngineMaterials/BaseFlattenNormalMap_VT.uasset" 189
"../../../Engine/Content/EngineMaterials/BaseFlattenNormalMap_VT.uexp" 190
"../../../Engine/Content/EngineMaterials/BaseFlattenGrayscaleMap_VT.uasset" 191
"../../../Engine/Content/EngineMaterials/BaseFlattenGrayscaleMap_VT.uexp" 192
"../../../Engine/Content/EngineMaterials/BaseFlattenMaterial_VT.uasset" 193
"../../../Engine/Content/EngineMaterials/BaseFlattenMaterial_VT.uexp" 194
"../../../Engine/Content/EngineMaterials/BlueNoise.uasset" 195
"../../../Engine/Content/EngineMaterials/BlueNoise.uexp" 196
"../../../Engine/Content/EngineMaterials/DefaultBloomKernel.uasset" 197
"../../../Engine/Content/EngineMaterials/DefaultBloomKernel.uexp" 198
"../../../Engine/Content/EngineMaterials/DefaultBokeh.uasset" 199
"../../../Engine/Content/EngineMaterials/DefaultBokeh.uexp" 200
"../../../Engine/Content/EngineMaterials/DefaultDiffuse.uasset" 201
"../../../Engine/Content/EngineMaterials/DefaultDiffuse.uexp" 202
"../../../Engine/Content/EngineMaterials/DefaultDiffuse.ubulk" 203
"../../../Engine/Content/EngineMaterials/DefaultDeferredDecalMaterial.uasset" 204
"../../../Engine/Content/EngineMaterials/DefaultDeferredDecalMaterial.uexp" 205
"../../../Engine/Content/EngineMaterials/DefaultLightFunctionMaterial.uasset" 206
"../../../Engine/Content/EngineMaterials/DefaultLightFunctionMaterial.uexp" 207
"../../../Engine/Content/EngineMaterials/DefaultPhysicalMaterial.uasset" 208
"../../../Engine/Content/EngineMaterials/DefaultPhysicalMaterial.uexp" 209
"../../../Engine/Content/Functions/Engine_MaterialFunctions02/Utility/BreakOutFloat2Components.uasset" 210
"../../../Engine/Content/Functions/Engine_MaterialFunctions02/Utility/BreakOutFloat2Components.uexp" 211
"../../../Engine/Content/EngineMaterials/DefaultPostProcessMaterial.uasset" 212
"../../../Engine/Content/EngineMaterials/DefaultPostProcessMaterial.uexp" 213
"../../../Engine/Content/EngineFonts/RobotoDistanceField.uasset" 214
"../../../Engine/Content/EngineFonts/RobotoDistanceField.uexp" 215
"../../../Engine/Content/EngineMaterials/DefaultTextMaterialOpaque.uasset" 216
"../../../Engine/Content/EngineMaterials/DefaultTextMaterialOpaque.uexp" 217
"../../../Engine/Content/EngineMaterials/DefaultWhiteGrid.uasset" 218
"../../../Engine/Content/EngineMaterials/DefaultWhiteGrid.uexp" 219
"../../../Engine/Content/EngineMaterials/DefaultWhiteGrid.ubulk" 220
"../../../Engine/Content/EngineMaterials/DefaultWhiteGrid_Low.uasset" 221
"../../../Engine/Content/EngineMaterials/DefaultWhiteGrid_Low.uexp" 222
"../../../Engine/Content/EngineMaterials/EmissiveMeshMaterial.uasset" 223
"../../../Engine/Content/EngineMaterials/EmissiveMeshMaterial.uexp" 224
"../../../Engine/Content/EngineMaterials/GizmoMaterial.uasset" 225
"../../../Engine/Content/EngineMaterials/GizmoMaterial.uexp" 226
"../../../Engine/Content/EngineMaterials/Good64x64TilingNoiseHighFreq.uasset" 227
"../../../Engine/Content/EngineMaterials/Good64x64TilingNoiseHighFreq.uexp" 228
"../../../Engine/Content/EngineMaterials/MiniFont.uasset" 229
"../../../Engine/Content/EngineMaterials/MiniFont.uexp" 230
"../../../Engine/Content/EngineMaterials/InvalidLightmapSettings.uasset" 231
"../../../Engine/Content/EngineMaterials/InvalidLightmapSettings.uexp" 232
"../../../Engine/Content/EngineMaterials/InvalidLightmapSettings.ubulk" 233
"../../../Engine/Content/EngineMaterials/M_InvalidLightmapSettings.uasset" 234
"../../../Engine/Content/EngineMaterials/M_InvalidLightmapSettings.uexp" 235
"../../../Engine/Content/Functions/Engine_MaterialFunctions02/WorldPositionOffset/CameraOffset.uasset" 236
"../../../Engine/Content/Functions/Engine_MaterialFunctions02/WorldPositionOffset/CameraOffset.uexp" 237
"../../../Engine/Content/EngineMaterials/PhAT_JointLimitMaterial.uasset" 238
"../../../Engine/Content/EngineMaterials/PhAT_JointLimitMaterial.uexp" 239
"../../../Engine/Content/EngineMaterials/PreintegratedSkinBRDF.uasset" 240
"../../../Engine/Content/EngineMaterials/PreintegratedSkinBRDF.uexp" 241
"../../../Engine/Content/EngineMaterials/RemoveSurfaceMaterial.uasset" 242
"../../../Engine/Content/EngineMaterials/RemoveSurfaceMaterial.uexp" 243
"../../../Engine/Content/EngineMaterials/WeightMapPlaceholderTexture.uasset" 244
"../../../Engine/Content/EngineMaterials/WeightMapPlaceholderTexture.uexp" 245
"../../../Engine/Content/EngineResources/WhiteSquareTexture.uasset" 246
"../../../Engine/Content/EngineResources/WhiteSquareTexture.uexp" 247
"../../../Engine/Content/EngineMaterials/Widget3DPassThrough.uasset" 248
"../../../Engine/Content/EngineMaterials/Widget3DPassThrough.uexp" 249
"../../../Engine/Content/EngineMaterials/Widget3DPassThrough_Masked.uasset" 250
"../../../Engine/Content/EngineMaterials/Widget3DPassThrough_Masked.uexp" 251
"../../../Engine/Content/EngineMaterials/Widget3DPassThrough_Opaque.uasset" 252
"../../../Engine/Content/EngineMaterials/Widget3DPassThrough_Opaque.uexp" 253
"../../../Engine/Content/EngineMaterials/Widget3DPassThrough_Masked_OneSided.uasset" 254
"../../../Engine/Content/EngineMaterials/Widget3DPassThrough_Masked_OneSided.uexp" 255
"../../../Engine/Content/EngineMaterials/Widget3DPassThrough_Opaque_OneSided.uasset" 256
"../../../Engine/Content/EngineMaterials/Widget3DPassThrough_Opaque_OneSided.uexp" 257
"../../../Engine/Content/EngineMaterials/Widget3DPassThrough_Translucent.uasset" 258
"../../../Engine/Content/EngineMaterials/Widget3DPassThrough_Translucent.uexp" 259
"../../../Engine/Content/EngineMaterials/Widget3DPassThrough_Translucent_OneSided.uasset" 260
"../../../Engine/Content/EngineMaterials/Widget3DPassThrough_Translucent_OneSided.uexp" 261
"../../../Engine/Content/EngineMeshes/Sphere.uasset" 262
"../../../Engine/Content/EngineMeshes/Sphere.uexp" 263
"../../../Engine/Content/EngineMeshes/Sphere.ubulk" 264
"../../../Engine/Content/EngineResources/Black.uasset" 265
"../../../Engine/Content/EngineResources/Black.uexp" 266
"../../../Engine/Content/EngineResources/DefaultTextureCube.uasset" 267
"../../../Engine/Content/EngineResources/DefaultTextureCube.uexp" 268
"../../../Engine/Content/EngineResources/DefaultVolumeTexture2D.uasset" 269
"../../../Engine/Content/EngineResources/DefaultVolumeTexture2D.uexp" 270
"../../../Engine/Content/EngineResources/DefaultVolumeTexture.uasset" 271
"../../../Engine/Content/EngineResources/DefaultVolumeTexture.uexp" 272
"../../../Engine/Content/EngineResources/GradientTexture0.uasset" 273
"../../../Engine/Content/EngineResources/GradientTexture0.uexp" 274
"../../../Engine/Content/EngineSky/VolumetricClouds/T_NoiseErosion.uasset" 275
"../../../Engine/Content/EngineSky/VolumetricClouds/T_NoiseErosion.uexp" 276
"../../../Engine/Content/EngineSky/VolumetricClouds/T_NoiseErosion.ubulk" 277
"../../../Engine/Content/EngineSky/VolumetricClouds/T_VolumeNoiseErosion32.uasset" 278
"../../../Engine/Content/EngineSky/VolumetricClouds/T_VolumeNoiseErosion32.uexp" 279
"../../../Engine/Content/EngineSky/VolumetricClouds/T_NoiseShape64.uasset" 280
"../../../Engine/Content/EngineSky/VolumetricClouds/T_NoiseShape64.uexp" 281
"../../../Engine/Content/EngineSky/VolumetricClouds/T_NoiseShape64.ubulk" 282
"../../../Engine/Content/EngineSky/VolumetricClouds/T_VolumeNoiseShape64.uasset" 283
"../../../Engine/Content/EngineSky/VolumetricClouds/T_VolumeNoiseShape64.uexp" 284
"../../../Engine/Content/EngineSky/VolumetricClouds/CloudWeatherTexture.uasset" 285
"../../../Engine/Content/EngineSky/VolumetricClouds/CloudWeatherTexture.uexp" 286
"../../../Engine/Content/EngineSky/VolumetricClouds/CloudGradientTexture.uasset" 287
"../../../Engine/Content/EngineSky/VolumetricClouds/CloudGradientTexture.uexp" 288
"../../../Engine/Content/Functions/Engine_MaterialFunctions02/Utility/MakeFloat2.uasset" 289
"../../../Engine/Content/Functions/Engine_MaterialFunctions02/Utility/MakeFloat2.uexp" 290
"../../../Engine/Content/EngineSky/VolumetricClouds/m_SimpleVolumetricCloud.uasset" 291
"../../../Engine/Content/EngineSky/VolumetricClouds/m_SimpleVolumetricCloud.uexp" 292
"../../../Engine/Content/EngineSky/VolumetricClouds/m_SimpleVolumetricCloud_Inst.uasset" 293
"../../../Engine/Content/EngineSky/VolumetricClouds/m_SimpleVolumetricCloud_Inst.uexp" 294
"../../../Engine/Content/EngineSounds/Master.uasset" 295
"../../../Engine/Content/EngineSounds/Master.uexp" 296
"../../../Engine/Content/Functions/Engine_MaterialFunctions01/Shading/PowerToRoughness.uasset" 297
"../../../Engine/Content/Functions/Engine_MaterialFunctions01/Shading/PowerToRoughness.uexp" 298
"../../../Engine/Content/Maps/Templates/Thumbnails/Default.uasset" 299
"../../../Engine/Content/Maps/Templates/Thumbnails/Default.uexp" 300
"../../../Engine/Content/Maps/Templates/Thumbnails/TimeOfDay.uasset" 301
"../../../Engine/Content/Maps/Templates/Thumbnails/TimeOfDay.uexp" 302
"../../../Engine/Content/Maps/Templates/Thumbnails/VR-Basic.uasset" 303
"../../../Engine/Content/Maps/Templates/Thumbnails/VR-Basic.uexp" 304
"../../../Engine/Content/MobileResources/T_MobileControls_texture.uasset" 305
"../../../Engine/Content/MobileResources/T_MobileControls_texture.uexp" 306
"../../../Engine/Content/MobileResources/T_MobileMenu2.uasset" 307
"../../../Engine/Content/MobileResources/T_MobileMenu2.uexp" 308
"../../../Engine/Content/MobileResources/HUD/AnalogHat.uasset" 309
"../../../Engine/Content/MobileResources/HUD/AnalogHat.uexp" 310
"../../../Engine/Content/MobileResources/HUD/VirtualJoystick_Background.uasset" 311
"../../../Engine/Content/MobileResources/HUD/VirtualJoystick_Background.uexp" 312
"../../../Engine/Content/MobileResources/HUD/VirtualJoystick_Thumb.uasset" 313
"../../../Engine/Content/MobileResources/HUD/VirtualJoystick_Thumb.uexp" 314
"../../../Engine/Content/MobileResources/HUD/DefaultVirtualJoysticks.uasset" 315
"../../../Engine/Content/MobileResources/HUD/DefaultVirtualJoysticks.uexp" 316
"../../../Engine/Content/MobileResources/HUD/LeftVirtualJoystickOnly.uasset" 317
"../../../Engine/Content/MobileResources/HUD/LeftVirtualJoystickOnly.uexp" 318
"../../../Engine/Content/MobileResources/HUD/MobileHUDButton1_off.uasset" 319
"../../../Engine/Content/MobileResources/HUD/MobileHUDButton1_off.uexp" 320
"../../../Engine/Content/MobileResources/HUD/MobileHUDButton1_on.uasset" 321
"../../../Engine/Content/MobileResources/HUD/MobileHUDButton1_on.uexp" 322
"../../../Engine/Content/MobileResources/HUD/MobileHUDButton2_off.uasset" 323
"../../../Engine/Content/MobileResources/HUD/MobileHUDButton2_off.uexp" 324
"../../../Engine/Content/MobileResources/HUD/MobileHUDButton2_on.uasset" 325
"../../../Engine/Content/MobileResources/HUD/MobileHUDButton2_on.uexp" 326
"../../../Engine/Content/MobileResources/HUD/MobileHUDButton3.uasset" 327
"../../../Engine/Content/MobileResources/HUD/MobileHUDButton3.uexp" 328
"../../../Engine/Content/MobileResources/HUD/MobileHUDButtonFire.uasset" 329
"../../../Engine/Content/MobileResources/HUD/MobileHUDButtonFire.uexp" 330
"../../../Engine/Content/MobileResources/HUD/MobileHUDDirectionPad.uasset" 331
"../../../Engine/Content/MobileResources/HUD/MobileHUDDirectionPad.uexp" 332
"../../../Engine/Content/MobileResources/HUD/MobileHUDDirectionPad2.uasset" 333
"../../../Engine/Content/MobileResources/HUD/MobileHUDDirectionPad2.uexp" 334
"../../../Engine/Content/MobileResources/HUD/MobileHUDDirectionPad3.uasset" 335
"../../../Engine/Content/MobileResources/HUD/MobileHUDDirectionPad3.uexp" 336
"../../../Engine/Content/MobileResources/HUD/MobileHUDDirectionStick.uasset" 337
"../../../Engine/Content/MobileResources/HUD/MobileHUDDirectionStick.uexp" 338
"../../../Engine/Content/MobileResources/HUD/T_Castle_ThumbstickInner.uasset" 339
"../../../Engine/Content/MobileResources/HUD/T_Castle_ThumbstickInner.uexp" 340
"../../../Engine/Content/MobileResources/HUD/T_Castle_ThumbstickOutter.uasset" 341
"../../../Engine/Content/MobileResources/HUD/T_Castle_ThumbstickOutter.uexp" 342
"../../../Engine/Content/Tutorial/ContentIntroCurve.uasset" 343
"../../../Engine/Content/Tutorial/ContentIntroCurve.uexp" 344
"../../../Engine/Plugins/2D/Paper2D/Content/PlaceholderTextures/DummySpriteTexture.uasset" 345
"../../../Engine/Plugins/2D/Paper2D/Content/PlaceholderTextures/DummySpriteTexture.uexp" 346
"../../../Engine/Plugins/2D/Paper2D/Content/PlaceholderTextures/DummySpriteTexture.ubulk" 347
"../../../Engine/Plugins/2D/Paper2D/Content/DummySprite.uasset" 348
"../../../Engine/Plugins/2D/Paper2D/Content/DummySprite.uexp" 349
"../../../Engine/Plugins/2D/Paper2D/Content/DefaultPaperTerrainMaterial.uasset" 350
"../../../Engine/Plugins/2D/Paper2D/Content/DefaultPaperTerrainMaterial.uexp" 351
"../../../Engine/Plugins/2D/Paper2D/Content/DefaultSpriteMaterial.uasset" 352
"../../../Engine/Plugins/2D/Paper2D/Content/DefaultSpriteMaterial.uexp" 353
"../../../Engine/Plugins/2D/Paper2D/Content/MaskedUnlitSpriteMaterial.uasset" 354
"../../../Engine/Plugins/2D/Paper2D/Content/MaskedUnlitSpriteMaterial.uexp" 355
"../../../Engine/Plugins/2D/Paper2D/Content/OpaqueUnlitSpriteMaterial.uasset" 356
"../../../Engine/Plugins/2D/Paper2D/Content/OpaqueUnlitSpriteMaterial.uexp" 357
"../../../Engine/Content/BasicShapes/Cylinder.uasset" 358
"../../../Engine/Content/BasicShapes/Cylinder.uexp" 359
"../../../Engine/Content/BasicShapes/Cylinder.ubulk" 360
"../../../Engine/Content/ArtTools/RenderToTexture/Materials/Debug/M_Emissive_Color.uasset" 361
"../../../Engine/Content/ArtTools/RenderToTexture/Materials/Debug/M_Emissive_Color.uexp" 362
"../../../Engine/Plugins/Lumin/MagicLeapPassableWorld/Content/MagicLeapARPinInfoActor.uasset" 363
"../../../Engine/Plugins/Lumin/MagicLeapPassableWorld/Content/MagicLeapARPinInfoActor.uexp" 364
"../../../Engine/Content/Functions/Engine_MaterialFunctions02/ObjectLocalBounds.uasset" 365
"../../../Engine/Content/Functions/Engine_MaterialFunctions02/ObjectLocalBounds.uexp" 366
"../../../Engine/Content/Functions/Engine_MaterialFunctions02/UVs/BoundingBoxBased_0-1_UVW.uasset" 367
"../../../Engine/Content/Functions/Engine_MaterialFunctions02/UVs/BoundingBoxBased_0-1_UVW.uexp" 368
"../../../Engine/Plugins/Editor/SpeedTreeImporter/Content/SpeedTree9/game_wind_noise.uasset" 369
"../../../Engine/Plugins/Editor/SpeedTreeImporter/Content/SpeedTree9/game_wind_noise.uexp" 370
"../../../Engine/Plugins/Editor/SpeedTreeImporter/Content/SpeedTree9/game_wind_noise.ubulk" 371
"../../../Engine/Plugins/Editor/SpeedTreeImporter/Content/SpeedTree9/SpeedTreeBillboard.uasset" 372
"../../../Engine/Plugins/Editor/SpeedTreeImporter/Content/SpeedTree9/SpeedTreeBillboard.uexp" 373
"../../../Engine/Content/Functions/Engine_MaterialFunctions02/SafeNormalize.uasset" 374
"../../../Engine/Content/Functions/Engine_MaterialFunctions02/SafeNormalize.uexp" 375
"../../../Engine/Plugins/Editor/SpeedTreeImporter/Content/SpeedTree9/SpeedTreeWindMotion.uasset" 376
"../../../Engine/Plugins/Editor/SpeedTreeImporter/Content/SpeedTree9/SpeedTreeWindMotion.uexp" 377
"../../../Engine/Plugins/Editor/SpeedTreeImporter/Content/SpeedTree9/UnpackDirection.uasset" 378
"../../../Engine/Plugins/Editor/SpeedTreeImporter/Content/SpeedTree9/UnpackDirection.uexp" 379
"../../../Engine/Plugins/Editor/SpeedTreeImporter/Content/SpeedTree9/UnpackInteger3.uasset" 380
"../../../Engine/Plugins/Editor/SpeedTreeImporter/Content/SpeedTree9/UnpackInteger3.uexp" 381
"../../../Engine/Plugins/Editor/SpeedTreeImporter/Content/SpeedTree9/SpeedTreeBranchMotion.uasset" 382
"../../../Engine/Plugins/Editor/SpeedTreeImporter/Content/SpeedTree9/SpeedTreeBranchMotion.uexp" 383
"../../../Engine/Plugins/Editor/SpeedTreeImporter/Content/SpeedTree9/SpeedTreeWind.uasset" 384
"../../../Engine/Plugins/Editor/SpeedTreeImporter/Content/SpeedTree9/SpeedTreeWind.uexp" 385
"../../../Engine/Content/EngineResources/DefaultTexture.uasset" 386
"../../../Engine/Content/EngineResources/DefaultTexture.uexp" 387
"../../../Engine/Content/EngineResources/DefaultTexture.ubulk" 388
"../../../Engine/Plugins/Editor/SpeedTreeImporter/Content/SpeedTree9/SpeedTreeBillboardMaster.uasset" 389
"../../../Engine/Plugins/Editor/SpeedTreeImporter/Content/SpeedTree9/SpeedTreeBillboardMaster.uexp" 390
"../../../Engine/Plugins/Editor/SpeedTreeImporter/Content/SpeedTree9/SpeedTreeCameraFacing.uasset" 391
"../../../Engine/Plugins/Editor/SpeedTreeImporter/Content/SpeedTree9/SpeedTreeCameraFacing.uexp" 392
"../../../Engine/Plugins/Editor/SpeedTreeImporter/Content/SpeedTree9/SpeedTreeMaster.uasset" 393
"../../../Engine/Plugins/Editor/SpeedTreeImporter/Content/SpeedTree9/SpeedTreeMaster.uexp" 394
"../../../Engine/Plugins/Runtime/HairStrands/Content/Materials/HairCardsDefaultMaterial.uasset" 395
"../../../Engine/Plugins/Runtime/HairStrands/Content/Materials/HairCardsDefaultMaterial.uexp" 396
"../../../Engine/Content/EngineMaterials/HairColorMap.uasset" 397
"../../../Engine/Content/EngineMaterials/HairColorMap.uexp" 398
"../../../Engine/Content/EngineMaterials/HairDebugColor.uasset" 399
"../../../Engine/Content/EngineMaterials/HairDebugColor.uexp" 400
"../../../Engine/Plugins/Runtime/HairStrands/Content/Materials/HairDebugMaterial.uasset" 401
"../../../Engine/Plugins/Runtime/HairStrands/Content/Materials/HairDebugMaterial.uexp" 402
"../../../Engine/Plugins/Runtime/HairStrands/Content/Materials/HairDefaultMaterial.uasset" 403
"../../../Engine/Plugins/Runtime/HairStrands/Content/Materials/HairDefaultMaterial.uexp" 404
"../../../Engine/Plugins/Runtime/HairStrands/Content/Materials/HairMeshesDefaultMaterial.uasset" 405
"../../../Engine/Plugins/Runtime/HairStrands/Content/Materials/HairMeshesDefaultMaterial.uexp" 406
"../../../Engine/Content/Functions/Engine_MaterialFunctions02/Utility/BreakOutFloat4Components.uasset" 407
"../../../Engine/Content/Functions/Engine_MaterialFunctions02/Utility/BreakOutFloat4Components.uexp" 408
"../../../Engine/Plugins/Runtime/Oculus/OculusVR/Content/Materials/OculusMR_ChromaKey.uasset" 409
"../../../Engine/Plugins/Runtime/Oculus/OculusVR/Content/Materials/OculusMR_ChromaKey.uexp" 410
"../../../Engine/Plugins/Runtime/Oculus/OculusVR/Content/Materials/OculusMR_OpaqueColoredMaterial.uasset" 411
"../../../Engine/Plugins/Runtime/Oculus/OculusVR/Content/Materials/OculusMR_OpaqueColoredMaterial.uexp" 412
"../../../Engine/Plugins/Runtime/Oculus/OculusVR/Content/Materials/PokeAHoleMaterial.uasset" 413
"../../../Engine/Plugins/Runtime/Oculus/OculusVR/Content/Materials/PokeAHoleMaterial.uexp" 414
"E:/UnrealProjects/Exana/Content/StarterContent/Materials/M_AssetPlatform.uasset" 415
"E:/UnrealProjects/Exana/Content/StarterContent/Materials/M_AssetPlatform.uexp" 416
"E:/UnrealProjects/Exana/Content/StarterContent/Architecture/SM_AssetPlatform.uasset" 417
"E:/UnrealProjects/Exana/Content/StarterContent/Architecture/SM_AssetPlatform.uexp" 418
"E:/UnrealProjects/Exana/Content/StarterContent/Architecture/SM_AssetPlatform.ubulk" 419
"../../../Engine/Content/MapTemplates/Sky/DaylightAmbientCubemap.uasset" 420
"../../../Engine/Content/MapTemplates/Sky/DaylightAmbientCubemap.uexp" 421
"E:/UnrealProjects/Exana/Content/StarterContent/Blueprints/Assets/M_LightStage_Skybox_Master.uasset" 422
"E:/UnrealProjects/Exana/Content/StarterContent/Blueprints/Assets/M_LightStage_Skybox_Master.uexp" 423
"E:/UnrealProjects/Exana/Content/StarterContent/Blueprints/Assets/M_LightStage_Skybox_HDRI.uasset" 424
"E:/UnrealProjects/Exana/Content/StarterContent/Blueprints/Assets/M_LightStage_Skybox_HDRI.uexp" 425
"E:/UnrealProjects/Exana/Content/StarterContent/HDRI/HDRI_Epic_Courtyard_Daylight.uasset" 426
"E:/UnrealProjects/Exana/Content/StarterContent/HDRI/HDRI_Epic_Courtyard_Daylight.uexp" 427
"E:/UnrealProjects/Exana/Content/StarterContent/Maps/Advanced_Lighting_BuiltData.uasset" 428
"E:/UnrealProjects/Exana/Content/StarterContent/Maps/Advanced_Lighting_BuiltData.uexp" 429
"E:/UnrealProjects/Exana/Content/StarterContent/Maps/Advanced_Lighting_BuiltData.ubulk" 430
"../../../Engine/Content/Functions/Engine_MaterialFunctions02/ScreenResolution.uasset" 431
"../../../Engine/Content/Functions/Engine_MaterialFunctions02/ScreenResolution.uexp" 432
"../../../Engine/Content/Functions/Engine_MaterialFunctions01/Texturing/ScaleUVsByCenter.uasset" 433
"../../../Engine/Content/Functions/Engine_MaterialFunctions01/Texturing/ScaleUVsByCenter.uexp" 434
"../../../Engine/Content/Functions/Engine_MaterialFunctions02/Texturing/ScreenAlignedUVs.uasset" 435
"../../../Engine/Content/Functions/Engine_MaterialFunctions02/Texturing/ScreenAlignedUVs.uexp" 436
"../../../Engine/Content/ArtTools/RenderToTexture/MaterialFunctions/CheckerPattern.uasset" 437
"../../../Engine/Content/ArtTools/RenderToTexture/MaterialFunctions/CheckerPattern.uexp" 438
"E:/UnrealProjects/Exana/Content/StarterContent/Blueprints/Assets/Skybox.uasset" 439
"E:/UnrealProjects/Exana/Content/StarterContent/Blueprints/Assets/Skybox.uexp" 440
"E:/UnrealProjects/Exana/Content/StarterContent/Blueprints/Assets/Skybox.ubulk" 441
"E:/UnrealProjects/Exana/Content/StarterContent/Blueprints/Assets/SM_Arrows.uasset" 442
"E:/UnrealProjects/Exana/Content/StarterContent/Blueprints/Assets/SM_Arrows.uexp" 443
"E:/UnrealProjects/Exana/Content/StarterContent/Blueprints/Assets/SM_Arrows.ubulk" 444
"E:/UnrealProjects/Exana/Content/StarterContent/Blueprints/Assets/FogBrightnessLUT.uasset" 445
"E:/UnrealProjects/Exana/Content/StarterContent/Blueprints/Assets/FogBrightnessLUT.uexp" 446
"E:/UnrealProjects/Exana/Content/StarterContent/Blueprints/Assets/SunlightColorLUT.uasset" 447
"E:/UnrealProjects/Exana/Content/StarterContent/Blueprints/Assets/SunlightColorLUT.uexp" 448
"E:/UnrealProjects/Exana/Content/StarterContent/Blueprints/Assets/M_LightStage_Arrows.uasset" 449
"E:/UnrealProjects/Exana/Content/StarterContent/Blueprints/Assets/M_LightStage_Arrows.uexp" 450
"E:/UnrealProjects/Exana/Content/StarterContent/Blueprints/Assets/M_LightStage_Skybox_Black.uasset" 451
"E:/UnrealProjects/Exana/Content/StarterContent/Blueprints/Assets/M_LightStage_Skybox_Black.uexp" 452
"E:/UnrealProjects/Exana/Content/StarterContent/Blueprints/BP_LightStudio.uasset" 453
"E:/UnrealProjects/Exana/Content/StarterContent/Blueprints/BP_LightStudio.uexp" 454
"E:/UnrealProjects/Exana/Content/StarterContent/Maps/Advanced_Lighting.uexp" 455
"E:/UnrealProjects/Exana/Content/StarterContent/Maps/Advanced_Lighting.umap" 456
"E:/UnrealProjects/Exana/Content/StarterContent/Audio/Starter_Background_Cue.uasset" 457
"E:/UnrealProjects/Exana/Content/StarterContent/Audio/Starter_Background_Cue.uexp" 458
"E:/UnrealProjects/Exana/Content/StarterContent/Materials/M_Basic_Floor.uasset" 459
"E:/UnrealProjects/Exana/Content/StarterContent/Materials/M_Basic_Floor.uexp" 460
"E:/UnrealProjects/Exana/Content/StarterContent/Architecture/Floor_400x400.uasset" 461
"E:/UnrealProjects/Exana/Content/StarterContent/Architecture/Floor_400x400.uexp" 462
"E:/UnrealProjects/Exana/Content/StarterContent/Architecture/Floor_400x400.ubulk" 463
"E:/UnrealProjects/Exana/Content/StarterContent/Textures/T_MacroVariation.uasset" 464
"E:/UnrealProjects/Exana/Content/StarterContent/Textures/T_MacroVariation.uexp" 465
"E:/UnrealProjects/Exana/Content/StarterContent/Textures/T_Metal_Gold_N.uasset" 466
"E:/UnrealProjects/Exana/Content/StarterContent/Textures/T_Metal_Gold_N.uexp" 467
"E:/UnrealProjects/Exana/Content/StarterContent/Textures/T_Metal_Gold_N.ubulk" 468
"E:/UnrealProjects/Exana/Content/StarterContent/Textures/T_Metal_Copper_D.uasset" 469
"E:/UnrealProjects/Exana/Content/StarterContent/Textures/T_Metal_Copper_D.uexp" 470
"E:/UnrealProjects/Exana/Content/StarterContent/Textures/T_Metal_Copper_D.ubulk" 471
"E:/UnrealProjects/Exana/Content/StarterContent/Materials/M_Metal_Copper.uasset" 472
"E:/UnrealProjects/Exana/Content/StarterContent/Materials/M_Metal_Copper.uexp" 473
"E:/UnrealProjects/Exana/Content/StarterContent/Textures/T_TableRound_M.uasset" 474
"E:/UnrealProjects/Exana/Content/StarterContent/Textures/T_TableRound_M.uexp" 475
"E:/UnrealProjects/Exana/Content/StarterContent/Textures/T_TableRound_M.ubulk" 476
"E:/UnrealProjects/Exana/Content/StarterContent/Textures/T_TableRound_N.uasset" 477
"E:/UnrealProjects/Exana/Content/StarterContent/Textures/T_TableRound_N.uexp" 478
"E:/UnrealProjects/Exana/Content/StarterContent/Textures/T_TableRound_N.ubulk" 479
"E:/UnrealProjects/Exana/Content/StarterContent/Props/Materials/M_TableRound.uasset" 480
"E:/UnrealProjects/Exana/Content/StarterContent/Props/Materials/M_TableRound.uexp" 481
"E:/UnrealProjects/Exana/Content/StarterContent/Props/SM_TableRound.uasset" 482
"E:/UnrealProjects/Exana/Content/StarterContent/Props/SM_TableRound.uexp" 483
"E:/UnrealProjects/Exana/Content/StarterContent/Props/SM_TableRound.ubulk" 484
"E:/UnrealProjects/Exana/Content/StarterContent/Textures/T_Statue_M.uasset" 485
"E:/UnrealProjects/Exana/Content/StarterContent/Textures/T_Statue_M.uexp" 486
"E:/UnrealProjects/Exana/Content/StarterContent/Textures/T_Statue_M.ubulk" 487
"E:/UnrealProjects/Exana/Content/StarterContent/Textures/T_Statue_N.uasset" 488
"E:/UnrealProjects/Exana/Content/StarterContent/Textures/T_Statue_N.uexp" 489
"E:/UnrealProjects/Exana/Content/StarterContent/Textures/T_Statue_N.ubulk" 490
"E:/UnrealProjects/Exana/Content/StarterContent/Props/Materials/M_StatueGlass.uasset" 491
"E:/UnrealProjects/Exana/Content/StarterContent/Props/Materials/M_StatueGlass.uexp" 492
"E:/UnrealProjects/Exana/Content/StarterContent/Props/Materials/M_Statue.uasset" 493
"E:/UnrealProjects/Exana/Content/StarterContent/Props/Materials/M_Statue.uexp" 494
"E:/UnrealProjects/Exana/Content/StarterContent/Props/SM_Statue.uasset" 495
"E:/UnrealProjects/Exana/Content/StarterContent/Props/SM_Statue.uexp" 496
"E:/UnrealProjects/Exana/Content/StarterContent/Props/SM_Statue.ubulk" 497
"E:/UnrealProjects/Exana/Content/StarterContent/Textures/T_Chair_M.uasset" 498
"E:/UnrealProjects/Exana/Content/StarterContent/Textures/T_Chair_M.uexp" 499
"E:/UnrealProjects/Exana/Content/StarterContent/Textures/T_Chair_M.ubulk" 500
"E:/UnrealProjects/Exana/Content/StarterContent/Textures/T_Chair_N.uasset" 501
"E:/UnrealProjects/Exana/Content/StarterContent/Textures/T_Chair_N.uexp" 502
"E:/UnrealProjects/Exana/Content/StarterContent/Textures/T_Chair_N.ubulk" 503
"E:/UnrealProjects/Exana/Content/StarterContent/Props/Materials/M_Chair.uasset" 504
"E:/UnrealProjects/Exana/Content/StarterContent/Props/Materials/M_Chair.uexp" 505
"E:/UnrealProjects/Exana/Content/StarterContent/Props/SM_Chair.uasset" 506
"E:/UnrealProjects/Exana/Content/StarterContent/Props/SM_Chair.uexp" 507
"E:/UnrealProjects/Exana/Content/StarterContent/Props/SM_Chair.ubulk" 508
"../../../Engine/Content/EngineSky/T_Sky_Stars.uasset" 509
"../../../Engine/Content/EngineSky/T_Sky_Stars.uexp" 510
"../../../Engine/Content/EngineSky/T_Sky_Stars.ubulk" 511
"../../../Engine/Content/EngineSky/T_Sky_Blue.uasset" 512
"../../../Engine/Content/EngineSky/T_Sky_Blue.uexp" 513
"../../../Engine/Content/EngineSky/T_Sky_Blue.ubulk" 514
"../../../Engine/Content/EngineSky/T_Sky_Clouds_M.uasset" 515
"../../../Engine/Content/EngineSky/T_Sky_Clouds_M.uexp" 516
"../../../Engine/Content/EngineSky/T_Sky_Clouds_M.ubulk" 517
"../../../Engine/Content/EngineSky/M_Sky_Panning_Clouds2.uasset" 518
"../../../Engine/Content/EngineSky/M_Sky_Panning_Clouds2.uexp" 519
"E:/UnrealProjects/Exana/Content/StarterContent/Maps/Minimal_Default_BuiltData.uasset" 520
"E:/UnrealProjects/Exana/Content/StarterContent/Maps/Minimal_Default_BuiltData.uexp" 521
"E:/UnrealProjects/Exana/Content/StarterContent/Maps/Minimal_Default_BuiltData.ubulk" 522
"../../../Engine/Content/EngineSky/C_Sky_Cloud_Color.uasset" 523
"../../../Engine/Content/EngineSky/C_Sky_Cloud_Color.uexp" 524
"../../../Engine/Content/EngineSky/C_Sky_Zenith_Color.uasset" 525
"../../../Engine/Content/EngineSky/C_Sky_Zenith_Color.uexp" 526
"../../../Engine/Content/EngineSky/C_Sky_Horizon_Color.uasset" 527
"../../../Engine/Content/EngineSky/C_Sky_Horizon_Color.uexp" 528
"../../../Engine/Content/EngineSky/SM_SkySphere.uasset" 529
"../../../Engine/Content/EngineSky/SM_SkySphere.uexp" 530
"../../../Engine/Content/EngineSky/SM_SkySphere.ubulk" 531
"../../../Engine/Content/EngineSky/BP_Sky_Sphere.uasset" 532
"../../../Engine/Content/EngineSky/BP_Sky_Sphere.uexp" 533
"E:/UnrealProjects/Exana/Content/StarterContent/Materials/M_Metal_Brushed_Nickel.uasset" 534
"E:/UnrealProjects/Exana/Content/StarterContent/Materials/M_Metal_Brushed_Nickel.uexp" 535
"E:/UnrealProjects/Exana/Content/StarterContent/Textures/T_Metal_Aluminum_D.uasset" 536
"E:/UnrealProjects/Exana/Content/StarterContent/Textures/T_Metal_Aluminum_D.uexp" 537
"E:/UnrealProjects/Exana/Content/StarterContent/Textures/T_Metal_Aluminum_D.ubulk" 538
"E:/UnrealProjects/Exana/Content/StarterContent/Materials/M_Metal_Burnished_Steel.uasset" 539
"E:/UnrealProjects/Exana/Content/StarterContent/Materials/M_Metal_Burnished_Steel.uexp" 540
"E:/UnrealProjects/Exana/Content/StarterContent/Maps/Minimal_Default.uexp" 541
"E:/UnrealProjects/Exana/Content/StarterContent/Maps/Minimal_Default.umap" 542
"E:/UnrealProjects/Exana/Content/StarterContent/Audio/Starter_Music_Cue.uasset" 543
"E:/UnrealProjects/Exana/Content/StarterContent/Audio/Starter_Music_Cue.uexp" 544
"E:/UnrealProjects/Exana/Content/StarterContent/Textures/T_Lamp_M.uasset" 545
"E:/UnrealProjects/Exana/Content/StarterContent/Textures/T_Lamp_M.uexp" 546
"E:/UnrealProjects/Exana/Content/StarterContent/Textures/T_Lamp_M.ubulk" 547
"E:/UnrealProjects/Exana/Content/StarterContent/Textures/T_Lamp_N.uasset" 548
"E:/UnrealProjects/Exana/Content/StarterContent/Textures/T_Lamp_N.uexp" 549
"E:/UnrealProjects/Exana/Content/StarterContent/Textures/T_Lamp_N.ubulk" 550
"E:/UnrealProjects/Exana/Content/StarterContent/Props/Materials/M_Lamp.uasset" 551
"E:/UnrealProjects/Exana/Content/StarterContent/Props/Materials/M_Lamp.uexp" 552
"E:/UnrealProjects/Exana/Content/StarterContent/Props/SM_Lamp_Ceiling.uasset" 553
"E:/UnrealProjects/Exana/Content/StarterContent/Props/SM_Lamp_Ceiling.uexp" 554
"E:/UnrealProjects/Exana/Content/StarterContent/Props/SM_Lamp_Ceiling.ubulk" 555
"E:/UnrealProjects/Exana/Content/StarterContent/Blueprints/Blueprint_CeilingLight.uasset" 556
"E:/UnrealProjects/Exana/Content/StarterContent/Blueprints/Blueprint_CeilingLight.uexp" 557
"E:/UnrealProjects/Exana/Content/StarterContent/Textures/T_Smoke_SubUV.uasset" 558
"E:/UnrealProjects/Exana/Content/StarterContent/Textures/T_Smoke_SubUV.uexp" 559
"E:/UnrealProjects/Exana/Content/StarterContent/Textures/T_Smoke_SubUV.ubulk" 560
"E:/UnrealProjects/Exana/Content/StarterContent/Textures/T_Smoke_Tiled_D.uasset" 561
"E:/UnrealProjects/Exana/Content/StarterContent/Textures/T_Smoke_Tiled_D.uexp" 562
"E:/UnrealProjects/Exana/Content/StarterContent/Textures/T_Smoke_Tiled_D.ubulk" 563
"E:/UnrealProjects/Exana/Content/StarterContent/Particles/Materials/M_smoke_subUV.uasset" 564
"E:/UnrealProjects/Exana/Content/StarterContent/Particles/Materials/M_smoke_subUV.uexp" 565
"E:/UnrealProjects/Exana/Content/StarterContent/Textures/T_Fire_SubUV.uasset" 566
"E:/UnrealProjects/Exana/Content/StarterContent/Textures/T_Fire_SubUV.uexp" 567
"E:/UnrealProjects/Exana/Content/StarterContent/Textures/T_Fire_SubUV.ubulk" 568
"E:/UnrealProjects/Exana/Content/StarterContent/Textures/T_Fire_Tiled_D.uasset" 569
"E:/UnrealProjects/Exana/Content/StarterContent/Textures/T_Fire_Tiled_D.uexp" 570
"E:/UnrealProjects/Exana/Content/StarterContent/Textures/T_Fire_Tiled_D.ubulk" 571
"E:/UnrealProjects/Exana/Content/StarterContent/Particles/Materials/M_Fire_SubUV.uasset" 572
"E:/UnrealProjects/Exana/Content/StarterContent/Particles/Materials/M_Fire_SubUV.uexp" 573
"E:/UnrealProjects/Exana/Content/StarterContent/Textures/T_Water_N.uasset" 574
"E:/UnrealProjects/Exana/Content/StarterContent/Textures/T_Water_N.uexp" 575
"E:/UnrealProjects/Exana/Content/StarterContent/Textures/T_Water_N.ubulk" 576
"E:/UnrealProjects/Exana/Content/StarterContent/Particles/Materials/M_Heat_Distortion.uasset" 577
"E:/UnrealProjects/Exana/Content/StarterContent/Particles/Materials/M_Heat_Distortion.uexp" 578
"../../../Engine/Content/Functions/Engine_MaterialFunctions01/Gradient/RadialGradient.uasset" 579
"../../../Engine/Content/Functions/Engine_MaterialFunctions01/Gradient/RadialGradient.uexp" 580
"E:/UnrealProjects/Exana/Content/StarterContent/Particles/Materials/M_Radial_Gradient.uasset" 581
"E:/UnrealProjects/Exana/Content/StarterContent/Particles/Materials/M_Radial_Gradient.uexp" 582
"E:/UnrealProjects/Exana/Content/StarterContent/Particles/P_Fire.uasset" 583
"E:/UnrealProjects/Exana/Content/StarterContent/Particles/P_Fire.uexp" 584
"E:/UnrealProjects/Exana/Content/StarterContent/Audio/Fire01_Cue.uasset" 585
"E:/UnrealProjects/Exana/Content/StarterContent/Audio/Fire01_Cue.uexp" 586
"E:/UnrealProjects/Exana/Content/StarterContent/Blueprints/Blueprint_Effect_Fire.uasset" 587
"E:/UnrealProjects/Exana/Content/StarterContent/Blueprints/Blueprint_Effect_Fire.uexp" 588
"E:/UnrealProjects/Exana/Content/StarterContent/Audio/Smoke01_Cue.uasset" 589
"E:/UnrealProjects/Exana/Content/StarterContent/Audio/Smoke01_Cue.uexp" 590
"E:/UnrealProjects/Exana/Content/StarterContent/Particles/P_Smoke.uasset" 591
"E:/UnrealProjects/Exana/Content/StarterContent/Particles/P_Smoke.uexp" 592
"E:/UnrealProjects/Exana/Content/StarterContent/Blueprints/Blueprint_Effect_Smoke.uasset" 593
"E:/UnrealProjects/Exana/Content/StarterContent/Blueprints/Blueprint_Effect_Smoke.uexp" 594
"E:/UnrealProjects/Exana/Content/StarterContent/Audio/Fire_Sparks01_Cue.uasset" 595
"E:/UnrealProjects/Exana/Content/StarterContent/Audio/Fire_Sparks01_Cue.uexp" 596
"E:/UnrealProjects/Exana/Content/StarterContent/Textures/T_Spark_Core.uasset" 597
"E:/UnrealProjects/Exana/Content/StarterContent/Textures/T_Spark_Core.uexp" 598
"E:/UnrealProjects/Exana/Content/StarterContent/Textures/T_Spark_Core.ubulk" 599
"E:/UnrealProjects/Exana/Content/StarterContent/Particles/Materials/M_Spark.uasset" 600
"E:/UnrealProjects/Exana/Content/StarterContent/Particles/Materials/M_Spark.uexp" 601
"E:/UnrealProjects/Exana/Content/StarterContent/Particles/P_Sparks.uasset" 602
"E:/UnrealProjects/Exana/Content/StarterContent/Particles/P_Sparks.uexp" 603
"E:/UnrealProjects/Exana/Content/StarterContent/Blueprints/Blueprint_Effect_Sparks.uasset" 604
"E:/UnrealProjects/Exana/Content/StarterContent/Blueprints/Blueprint_Effect_Sparks.uexp" 605
"E:/UnrealProjects/Exana/Content/StarterContent/Materials/M_Basic_Wall.uasset" 606
"E:/UnrealProjects/Exana/Content/StarterContent/Materials/M_Basic_Wall.uexp" 607
"E:/UnrealProjects/Exana/Content/StarterContent/Architecture/Wall_Door_400x300.uasset" 608
"E:/UnrealProjects/Exana/Content/StarterContent/Architecture/Wall_Door_400x300.uexp" 609
"E:/UnrealProjects/Exana/Content/StarterContent/Architecture/Wall_Door_400x300.ubulk" 610
"E:/UnrealProjects/Exana/Content/StarterContent/Architecture/Wall_400x200.uasset" 611
"E:/UnrealProjects/Exana/Content/StarterContent/Architecture/Wall_400x200.uexp" 612
"E:/UnrealProjects/Exana/Content/StarterContent/Architecture/Wall_400x200.ubulk" 613
"E:/UnrealProjects/Exana/Content/StarterContent/Audio/Collapse_Cue.uasset" 614
"E:/UnrealProjects/Exana/Content/StarterContent/Audio/Collapse_Cue.uexp" 615
"E:/UnrealProjects/Exana/Content/StarterContent/Architecture/Wall_Window_400x300.uasset" 616
"E:/UnrealProjects/Exana/Content/StarterContent/Architecture/Wall_Window_400x300.uexp" 617
"E:/UnrealProjects/Exana/Content/StarterContent/Architecture/Wall_Window_400x300.ubulk" 618
"E:/UnrealProjects/Exana/Content/StarterContent/Maps/StarterMap_BuiltData.uasset" 619
"E:/UnrealProjects/Exana/Content/StarterContent/Maps/StarterMap_BuiltData.uexp" 620
"E:/UnrealProjects/Exana/Content/StarterContent/Maps/StarterMap_BuiltData.ubulk" 621
"../../../Engine/Content/Functions/Engine_MaterialFunctions03/Procedurals/ComputeFilterWidth.uasset" 622
"../../../Engine/Content/Functions/Engine_MaterialFunctions03/Procedurals/ComputeFilterWidth.uexp" 623
"../../../Engine/Content/EngineMaterials/AntiAliasedTextMaterialTranslucent.uasset" 624
"../../../Engine/Content/EngineMaterials/AntiAliasedTextMaterialTranslucent.uexp" 625
"E:/UnrealProjects/Exana/Content/StarterContent/Textures/T_Brick_Clay_Beveled_D.uasset" 626
"E:/UnrealProjects/Exana/Content/StarterContent/Textures/T_Brick_Clay_Beveled_D.uexp" 627
"E:/UnrealProjects/Exana/Content/StarterContent/Textures/T_Brick_Clay_Beveled_D.ubulk" 628
"E:/UnrealProjects/Exana/Content/StarterContent/Textures/T_Brick_Clay_Beveled_M.uasset" 629
"E:/UnrealProjects/Exana/Content/StarterContent/Textures/T_Brick_Clay_Beveled_M.uexp" 630
"E:/UnrealProjects/Exana/Content/StarterContent/Textures/T_Brick_Clay_Beveled_M.ubulk" 631
"E:/UnrealProjects/Exana/Content/StarterContent/Textures/T_Brick_Clay_Beveled_N.uasset" 632
"E:/UnrealProjects/Exana/Content/StarterContent/Textures/T_Brick_Clay_Beveled_N.uexp" 633
"E:/UnrealProjects/Exana/Content/StarterContent/Textures/T_Brick_Clay_Beveled_N.ubulk" 634
"E:/UnrealProjects/Exana/Content/StarterContent/Materials/M_Brick_Clay_Beveled.uasset" 635
"E:/UnrealProjects/Exana/Content/StarterContent/Materials/M_Brick_Clay_Beveled.uexp" 636
"E:/UnrealProjects/Exana/Content/StarterContent/Textures/T_Perlin_Noise_M.uasset" 637
"E:/UnrealProjects/Exana/Content/StarterContent/Textures/T_Perlin_Noise_M.uexp" 638
"E:/UnrealProjects/Exana/Content/StarterContent/Textures/T_Perlin_Noise_M.ubulk" 639
"E:/UnrealProjects/Exana/Content/StarterContent/Textures/T_Brick_Cut_Stone_D.uasset" 640
"E:/UnrealProjects/Exana/Content/StarterContent/Textures/T_Brick_Cut_Stone_D.uexp" 641
"E:/UnrealProjects/Exana/Content/StarterContent/Textures/T_Brick_Cut_Stone_D.ubulk" 642
"E:/UnrealProjects/Exana/Content/StarterContent/Textures/T_Brick_Cut_Stone_N.uasset" 643
"E:/UnrealProjects/Exana/Content/StarterContent/Textures/T_Brick_Cut_Stone_N.uexp" 644
"E:/UnrealProjects/Exana/Content/StarterContent/Textures/T_Brick_Cut_Stone_N.ubulk" 645
"E:/UnrealProjects/Exana/Content/StarterContent/Materials/M_Brick_Cut_Stone.uasset" 646
"E:/UnrealProjects/Exana/Content/StarterContent/Materials/M_Brick_Cut_Stone.uexp" 647
"E:/UnrealProjects/Exana/Content/StarterContent/Textures/T_Brick_Clay_New_D.uasset" 648
"E:/UnrealProjects/Exana/Content/StarterContent/Textures/T_Brick_Clay_New_D.uexp" 649
"E:/UnrealProjects/Exana/Content/StarterContent/Textures/T_Brick_Clay_New_D.ubulk" 650
"E:/UnrealProjects/Exana/Content/StarterContent/Textures/T_Brick_Clay_New_M.uasset" 651
"E:/UnrealProjects/Exana/Content/StarterContent/Textures/T_Brick_Clay_New_M.uexp" 652
"E:/UnrealProjects/Exana/Content/StarterContent/Textures/T_Brick_Clay_New_N.uasset" 653
"E:/UnrealProjects/Exana/Content/StarterContent/Textures/T_Brick_Clay_New_N.uexp" 654
"E:/UnrealProjects/Exana/Content/StarterContent/Textures/T_Detail_Rocky_N.uasset" 655
"E:/UnrealProjects/Exana/Content/StarterContent/Textures/T_Detail_Rocky_N.uexp" 656
"E:/UnrealProjects/Exana/Content/StarterContent/Textures/T_Detail_Rocky_N.ubulk" 657
"E:/UnrealProjects/Exana/Content/StarterContent/Materials/M_Brick_Clay_New.uasset" 658
"E:/UnrealProjects/Exana/Content/StarterContent/Materials/M_Brick_Clay_New.uexp" 659
"E:/UnrealProjects/Exana/Content/StarterContent/Materials/M_Water_Lake.uasset" 660
"E:/UnrealProjects/Exana/Content/StarterContent/Materials/M_Water_Lake.uexp" 661
"E:/UnrealProjects/Exana/Content/StarterContent/Textures/T_Concrete_Tiles_D.uasset" 662
"E:/UnrealProjects/Exana/Content/StarterContent/Textures/T_Concrete_Tiles_D.uexp" 663
"E:/UnrealProjects/Exana/Content/StarterContent/Textures/T_Concrete_Tiles_D.ubulk" 664
"E:/UnrealProjects/Exana/Content/StarterContent/Textures/T_Concrete_Tiles_M.uasset" 665
"E:/UnrealProjects/Exana/Content/StarterContent/Textures/T_Concrete_Tiles_M.uexp" 666
"E:/UnrealProjects/Exana/Content/StarterContent/Textures/T_Concrete_Tiles_M.ubulk" 667
"E:/UnrealProjects/Exana/Content/StarterContent/Textures/T_Concrete_Tiles_N.uasset" 668
"E:/UnrealProjects/Exana/Content/StarterContent/Textures/T_Concrete_Tiles_N.uexp" 669
"E:/UnrealProjects/Exana/Content/StarterContent/Textures/T_Concrete_Tiles_N.ubulk" 670
"E:/UnrealProjects/Exana/Content/StarterContent/Textures/T_Concrete_Tiles_Variation_M.uasset" 671
"E:/UnrealProjects/Exana/Content/StarterContent/Textures/T_Concrete_Tiles_Variation_M.uexp" 672
"E:/UnrealProjects/Exana/Content/StarterContent/Textures/T_Concrete_Tiles_Variation_M.ubulk" 673
"E:/UnrealProjects/Exana/Content/StarterContent/Materials/M_Concrete_Tiles.uasset" 674
"E:/UnrealProjects/Exana/Content/StarterContent/Materials/M_Concrete_Tiles.uexp" 675
"E:/UnrealProjects/Exana/Content/StarterContent/Textures/T_Ground_Grass_D.uasset" 676
"E:/UnrealProjects/Exana/Content/StarterContent/Textures/T_Ground_Grass_D.uexp" 677
"E:/UnrealProjects/Exana/Content/StarterContent/Textures/T_Ground_Grass_D.ubulk" 678
"E:/UnrealProjects/Exana/Content/StarterContent/Textures/T_Ground_Grass_N.uasset" 679
"E:/UnrealProjects/Exana/Content/StarterContent/Textures/T_Ground_Grass_N.uexp" 680
"E:/UnrealProjects/Exana/Content/StarterContent/Textures/T_Ground_Grass_N.ubulk" 681
"E:/UnrealProjects/Exana/Content/StarterContent/Materials/M_Ground_Grass.uasset" 682
"E:/UnrealProjects/Exana/Content/StarterContent/Materials/M_Ground_Grass.uexp" 683
"E:/UnrealProjects/Exana/Content/StarterContent/Textures/T_Brick_Hewn_Stone_D.uasset" 684
"E:/UnrealProjects/Exana/Content/StarterContent/Textures/T_Brick_Hewn_Stone_D.uexp" 685
"E:/UnrealProjects/Exana/Content/StarterContent/Textures/T_Brick_Hewn_Stone_D.ubulk" 686
"E:/UnrealProjects/Exana/Content/StarterContent/Textures/T_Brick_Hewn_Stone_M.uasset" 687
"E:/UnrealProjects/Exana/Content/StarterContent/Textures/T_Brick_Hewn_Stone_M.uexp" 688
"E:/UnrealProjects/Exana/Content/StarterContent/Textures/T_Brick_Hewn_Stone_M.ubulk" 689
"E:/UnrealProjects/Exana/Content/StarterContent/Textures/T_Brick_Hewn_Stone_N.uasset" 690
"E:/UnrealProjects/Exana/Content/StarterContent/Textures/T_Brick_Hewn_Stone_N.uexp" 691
"E:/UnrealProjects/Exana/Content/StarterContent/Textures/T_Brick_Hewn_Stone_N.ubulk" 692
"E:/UnrealProjects/Exana/Content/StarterContent/Materials/M_Brick_Hewn_Stone.uasset" 693
"E:/UnrealProjects/Exana/Content/StarterContent/Materials/M_Brick_Hewn_Stone.uexp" 694
"E:/UnrealProjects/Exana/Content/StarterContent/Textures/T_Brick_Clay_Old_D.uasset" 695
"E:/UnrealProjects/Exana/Content/StarterContent/Textures/T_Brick_Clay_Old_D.uexp" 696
"E:/UnrealProjects/Exana/Content/StarterContent/Textures/T_Brick_Clay_Old_D.ubulk" 697
"E:/UnrealProjects/Exana/Content/StarterContent/Textures/T_Brick_Clay_Old_N.uasset" 698
"E:/UnrealProjects/Exana/Content/StarterContent/Textures/T_Brick_Clay_Old_N.uexp" 699
"E:/UnrealProjects/Exana/Content/StarterContent/Textures/T_Brick_Clay_Old_N.ubulk" 700
"E:/UnrealProjects/Exana/Content/StarterContent/Materials/M_Brick_Clay_Old.uasset" 701
"E:/UnrealProjects/Exana/Content/StarterContent/Materials/M_Brick_Clay_Old.uexp" 702
"E:/UnrealProjects/Exana/Content/StarterContent/Textures/T_Rock_Sandstone_D.uasset" 703
"E:/UnrealProjects/Exana/Content/StarterContent/Textures/T_Rock_Sandstone_D.uexp" 704
"E:/UnrealProjects/Exana/Content/StarterContent/Textures/T_Rock_Sandstone_D.ubulk" 705
"E:/UnrealProjects/Exana/Content/StarterContent/Textures/T_Rock_Sandstone_N.uasset" 706
"E:/UnrealProjects/Exana/Content/StarterContent/Textures/T_Rock_Sandstone_N.uexp" 707
"E:/UnrealProjects/Exana/Content/StarterContent/Textures/T_Rock_Sandstone_N.ubulk" 708
"E:/UnrealProjects/Exana/Content/StarterContent/Materials/M_Rock_Sandstone.uasset" 709
"E:/UnrealProjects/Exana/Content/StarterContent/Materials/M_Rock_Sandstone.uexp" 710
"E:/UnrealProjects/Exana/Content/StarterContent/Textures/T_Ceramic_Tile_M.uasset" 711
"E:/UnrealProjects/Exana/Content/StarterContent/Textures/T_Ceramic_Tile_M.uexp" 712
"E:/UnrealProjects/Exana/Content/StarterContent/Textures/T_Ceramic_Tile_M.ubulk" 713
"E:/UnrealProjects/Exana/Content/StarterContent/Textures/T_Ceramic_Tile_N.uasset" 714
"E:/UnrealProjects/Exana/Content/StarterContent/Textures/T_Ceramic_Tile_N.uexp" 715
"E:/UnrealProjects/Exana/Content/StarterContent/Textures/T_Ceramic_Tile_N.ubulk" 716
"E:/UnrealProjects/Exana/Content/StarterContent/Textures/T_Rock_Marble_Polished_D.uasset" 717
"E:/UnrealProjects/Exana/Content/StarterContent/Textures/T_Rock_Marble_Polished_D.uexp" 718
"E:/UnrealProjects/Exana/Content/StarterContent/Textures/T_Rock_Marble_Polished_D.ubulk" 719
"E:/UnrealProjects/Exana/Content/StarterContent/Materials/M_Ceramic_Tile_Checker.uasset" 720
"E:/UnrealProjects/Exana/Content/StarterContent/Materials/M_Ceramic_Tile_Checker.uexp" 721
"E:/UnrealProjects/Exana/Content/StarterContent/Materials/M_Metal_Chrome.uasset" 722
"E:/UnrealProjects/Exana/Content/StarterContent/Materials/M_Metal_Chrome.uexp" 723
"E:/UnrealProjects/Exana/Content/StarterContent/Textures/T_Tech_Hex_Tile_M.uasset" 724
"E:/UnrealProjects/Exana/Content/StarterContent/Textures/T_Tech_Hex_Tile_M.uexp" 725
"E:/UnrealProjects/Exana/Content/StarterContent/Textures/T_Tech_Hex_Tile_M.ubulk" 726
"E:/UnrealProjects/Exana/Content/StarterContent/Textures/T_Tech_Hex_Tile_N.uasset" 727
"E:/UnrealProjects/Exana/Content/StarterContent/Textures/T_Tech_Hex_Tile_N.uexp" 728
"E:/UnrealProjects/Exana/Content/StarterContent/Textures/T_Tech_Hex_Tile_N.ubulk" 729
"E:/UnrealProjects/Exana/Content/StarterContent/Materials/M_Tech_Hex_Tile_Pulse.uasset" 730
"E:/UnrealProjects/Exana/Content/StarterContent/Materials/M_Tech_Hex_Tile_Pulse.uexp" 731
"E:/UnrealProjects/Exana/Content/StarterContent/Textures/T_Wood_Floor_Walnut_D.uasset" 732
"E:/UnrealProjects/Exana/Content/StarterContent/Textures/T_Wood_Floor_Walnut_D.uexp" 733
"E:/UnrealProjects/Exana/Content/StarterContent/Textures/T_Wood_Floor_Walnut_D.ubulk" 734
"E:/UnrealProjects/Exana/Content/StarterContent/Textures/T_Wood_Floor_Walnut_M.uasset" 735
"E:/UnrealProjects/Exana/Content/StarterContent/Textures/T_Wood_Floor_Walnut_M.uexp" 736
"E:/UnrealProjects/Exana/Content/StarterContent/Textures/T_Wood_Floor_Walnut_M.ubulk" 737
"E:/UnrealProjects/Exana/Content/StarterContent/Textures/T_Wood_Floor_Walnut_N.uasset" 738
"E:/UnrealProjects/Exana/Content/StarterContent/Textures/T_Wood_Floor_Walnut_N.uexp" 739
"E:/UnrealProjects/Exana/Content/StarterContent/Textures/T_Wood_Floor_Walnut_N.ubulk" 740
"../../../Engine/Content/Functions/Engine_MaterialFunctions01/Opacity/AlphaOffset.uasset" 741
"../../../Engine/Content/Functions/Engine_MaterialFunctions01/Opacity/AlphaOffset.uexp" 742
"E:/UnrealProjects/Exana/Content/StarterContent/Materials/M_Wood_Floor_Walnut_Worn.uasset" 743
"E:/UnrealProjects/Exana/Content/StarterContent/Materials/M_Wood_Floor_Walnut_Worn.uexp" 744
"E:/UnrealProjects/Exana/Content/StarterContent/Textures/T_Gradinet_01.uasset" 745
"E:/UnrealProjects/Exana/Content/StarterContent/Textures/T_Gradinet_01.uexp" 746
"E:/UnrealProjects/Exana/Content/StarterContent/Textures/T_Gradinet_01.ubulk" 747
"E:/UnrealProjects/Exana/Content/StarterContent/Textures/T_Rock_Smooth_Granite_D.uasset" 748
"E:/UnrealProjects/Exana/Content/StarterContent/Textures/T_Rock_Smooth_Granite_D.uexp" 749
"E:/UnrealProjects/Exana/Content/StarterContent/Textures/T_Rock_Smooth_Granite_D.ubulk" 750
"E:/UnrealProjects/Exana/Content/StarterContent/Textures/T_CobbleStone_Smooth_D.uasset" 751
"E:/UnrealProjects/Exana/Content/StarterContent/Textures/T_CobbleStone_Smooth_D.uexp" 752
"E:/UnrealProjects/Exana/Content/StarterContent/Textures/T_CobbleStone_Smooth_D.ubulk" 753
"E:/UnrealProjects/Exana/Content/StarterContent/Textures/T_CobbleStone_Smooth_M.uasset" 754
"E:/UnrealProjects/Exana/Content/StarterContent/Textures/T_CobbleStone_Smooth_M.uexp" 755
"E:/UnrealProjects/Exana/Content/StarterContent/Textures/T_CobbleStone_Smooth_M.ubulk" 756
"E:/UnrealProjects/Exana/Content/StarterContent/Textures/T_CobbleStone_Smooth_N.uasset" 757
"E:/UnrealProjects/Exana/Content/StarterContent/Textures/T_CobbleStone_Smooth_N.uexp" 758
"E:/UnrealProjects/Exana/Content/StarterContent/Textures/T_CobbleStone_Smooth_N.ubulk" 759
"E:/UnrealProjects/Exana/Content/StarterContent/Materials/M_CobbleStone_Smooth.uasset" 760
"E:/UnrealProjects/Exana/Content/StarterContent/Materials/M_CobbleStone_Smooth.uexp" 761
"E:/UnrealProjects/Exana/Content/StarterContent/Textures/T_CobbleStone_Rough_D.uasset" 762
"E:/UnrealProjects/Exana/Content/StarterContent/Textures/T_CobbleStone_Rough_D.uexp" 763
"E:/UnrealProjects/Exana/Content/StarterContent/Textures/T_CobbleStone_Rough_D.ubulk" 764
"E:/UnrealProjects/Exana/Content/StarterContent/Textures/T_CobbleStone_Rough_N.uasset" 765
"E:/UnrealProjects/Exana/Content/StarterContent/Textures/T_CobbleStone_Rough_N.uexp" 766
"E:/UnrealProjects/Exana/Content/StarterContent/Textures/T_CobbleStone_Rough_N.ubulk" 767
"E:/UnrealProjects/Exana/Content/StarterContent/Materials/M_CobbleStone_Rough.uasset" 768
"E:/UnrealProjects/Exana/Content/StarterContent/Materials/M_CobbleStone_Rough.uexp" 769
"E:/UnrealProjects/Exana/Content/StarterContent/Textures/T_Checker_Noise_M.uasset" 770
"E:/UnrealProjects/Exana/Content/StarterContent/Textures/T_Checker_Noise_M.uexp" 771
"E:/UnrealProjects/Exana/Content/StarterContent/Textures/T_Checker_Noise_M.ubulk" 772
"E:/UnrealProjects/Exana/Content/StarterContent/Textures/T_Single_Tile_N.uasset" 773
"E:/UnrealProjects/Exana/Content/StarterContent/Textures/T_Single_Tile_N.uexp" 774
"E:/UnrealProjects/Exana/Content/StarterContent/Textures/T_Single_Tile_N.ubulk" 775
"E:/UnrealProjects/Exana/Content/StarterContent/Textures/T_Tech_Dot_M.uasset" 776
"E:/UnrealProjects/Exana/Content/StarterContent/Textures/T_Tech_Dot_M.uexp" 777
"E:/UnrealProjects/Exana/Content/StarterContent/Textures/T_Tech_Dot_M.ubulk" 778
"E:/UnrealProjects/Exana/Content/StarterContent/Textures/T_Tech_Dot_N.uasset" 779
"E:/UnrealProjects/Exana/Content/StarterContent/Textures/T_Tech_Dot_N.uexp" 780
"E:/UnrealProjects/Exana/Content/StarterContent/Textures/T_Tech_Dot_N.ubulk" 781
"E:/UnrealProjects/Exana/Content/StarterContent/Materials/M_Tech_Checker_Dot.uasset" 782
"E:/UnrealProjects/Exana/Content/StarterContent/Materials/M_Tech_Checker_Dot.uexp" 783
"E:/UnrealProjects/Exana/Content/StarterContent/Textures/T_Concrete_Grime_D.uasset" 784
"E:/UnrealProjects/Exana/Content/StarterContent/Textures/T_Concrete_Grime_D.uexp" 785
"E:/UnrealProjects/Exana/Content/StarterContent/Textures/T_Concrete_Grime_D.ubulk" 786
"E:/UnrealProjects/Exana/Content/StarterContent/Textures/T_Metal_Rust_N.uasset" 787
"E:/UnrealProjects/Exana/Content/StarterContent/Textures/T_Metal_Rust_N.uexp" 788
"E:/UnrealProjects/Exana/Content/StarterContent/Textures/T_Metal_Rust_N.ubulk" 789
"E:/UnrealProjects/Exana/Content/StarterContent/Materials/M_Concrete_Grime.uasset" 790
"E:/UnrealProjects/Exana/Content/StarterContent/Materials/M_Concrete_Grime.uexp" 791
"E:/UnrealProjects/Exana/Content/StarterContent/Textures/T_Metal_Steel_D.uasset" 792
"E:/UnrealProjects/Exana/Content/StarterContent/Textures/T_Metal_Steel_D.uexp" 793
"E:/UnrealProjects/Exana/Content/StarterContent/Textures/T_Metal_Steel_D.ubulk" 794
"E:/UnrealProjects/Exana/Content/StarterContent/Textures/T_Tech_Panel_M.uasset" 795
"E:/UnrealProjects/Exana/Content/StarterContent/Textures/T_Tech_Panel_M.uexp" 796
"E:/UnrealProjects/Exana/Content/StarterContent/Textures/T_Tech_Panel_M.ubulk" 797
"E:/UnrealProjects/Exana/Content/StarterContent/Textures/T_Tech_Panel_N.uasset" 798
"E:/UnrealProjects/Exana/Content/StarterContent/Textures/T_Tech_Panel_N.uexp" 799
"E:/UnrealProjects/Exana/Content/StarterContent/Textures/T_Tech_Panel_N.ubulk" 800
"E:/UnrealProjects/Exana/Content/StarterContent/Materials/M_Tech_Panel.uasset" 801
"E:/UnrealProjects/Exana/Content/StarterContent/Materials/M_Tech_Panel.uexp" 802
"E:/UnrealProjects/Exana/Content/StarterContent/Textures/T_Metal_Steel_N.uasset" 803
"E:/UnrealProjects/Exana/Content/StarterContent/Textures/T_Metal_Steel_N.uexp" 804
"E:/UnrealProjects/Exana/Content/StarterContent/Textures/T_Metal_Steel_N.ubulk" 805
"E:/UnrealProjects/Exana/Content/StarterContent/Materials/M_Metal_Steel.uasset" 806
"E:/UnrealProjects/Exana/Content/StarterContent/Materials/M_Metal_Steel.uexp" 807
"E:/UnrealProjects/Exana/Content/StarterContent/Textures/T_Metal_Gold_D.uasset" 808
"E:/UnrealProjects/Exana/Content/StarterContent/Textures/T_Metal_Gold_D.uexp" 809
"E:/UnrealProjects/Exana/Content/StarterContent/Textures/T_Metal_Gold_D.ubulk" 810
"E:/UnrealProjects/Exana/Content/StarterContent/Materials/M_Metal_Gold.uasset" 811
"E:/UnrealProjects/Exana/Content/StarterContent/Materials/M_Metal_Gold.uexp" 812
"E:/UnrealProjects/Exana/Content/StarterContent/Textures/T_Rock_Slate_D.uasset" 813
"E:/UnrealProjects/Exana/Content/StarterContent/Textures/T_Rock_Slate_D.uexp" 814
"E:/UnrealProjects/Exana/Content/StarterContent/Textures/T_Rock_Slate_D.ubulk" 815
"E:/UnrealProjects/Exana/Content/StarterContent/Textures/T_Rock_Slate_N.uasset" 816
"E:/UnrealProjects/Exana/Content/StarterContent/Textures/T_Rock_Slate_N.uexp" 817
"E:/UnrealProjects/Exana/Content/StarterContent/Textures/T_Rock_Slate_N.ubulk" 818
"E:/UnrealProjects/Exana/Content/StarterContent/Materials/M_Rock_Slate.uasset" 819
"E:/UnrealProjects/Exana/Content/StarterContent/Materials/M_Rock_Slate.uexp" 820
"E:/UnrealProjects/Exana/Content/StarterContent/Textures/T_Ground_Gravel_D.uasset" 821
"E:/UnrealProjects/Exana/Content/StarterContent/Textures/T_Ground_Gravel_D.uexp" 822
"E:/UnrealProjects/Exana/Content/StarterContent/Textures/T_Ground_Gravel_D.ubulk" 823
"E:/UnrealProjects/Exana/Content/StarterContent/Textures/T_Ground_Gravel_N.uasset" 824
"E:/UnrealProjects/Exana/Content/StarterContent/Textures/T_Ground_Gravel_N.uexp" 825
"E:/UnrealProjects/Exana/Content/StarterContent/Textures/T_Ground_Gravel_N.ubulk" 826
"E:/UnrealProjects/Exana/Content/StarterContent/Materials/M_Ground_Gravel.uasset" 827
"E:/UnrealProjects/Exana/Content/StarterContent/Materials/M_Ground_Gravel.uexp" 828
"E:/UnrealProjects/Exana/Content/StarterContent/Textures/T_Concrete_Poured_D.uasset" 829
"E:/UnrealProjects/Exana/Content/StarterContent/Textures/T_Concrete_Poured_D.uexp" 830
"E:/UnrealProjects/Exana/Content/StarterContent/Textures/T_Concrete_Poured_D.ubulk" 831
"E:/UnrealProjects/Exana/Content/StarterContent/Textures/T_Concrete_Poured_N.uasset" 832
"E:/UnrealProjects/Exana/Content/StarterContent/Textures/T_Concrete_Poured_N.uexp" 833
"E:/UnrealProjects/Exana/Content/StarterContent/Textures/T_Concrete_Poured_N.ubulk" 834
"E:/UnrealProjects/Exana/Content/StarterContent/Materials/M_Concrete_Poured.uasset" 835
"E:/UnrealProjects/Exana/Content/StarterContent/Materials/M_Concrete_Poured.uexp" 836
"E:/UnrealProjects/Exana/Content/StarterContent/Materials/M_Rock_Marble_Polished.uasset" 837
"E:/UnrealProjects/Exana/Content/StarterContent/Materials/M_Rock_Marble_Polished.uexp" 838
"E:/UnrealProjects/Exana/Content/StarterContent/Textures/T_Concrete_Panels_N.uasset" 839
"E:/UnrealProjects/Exana/Content/StarterContent/Textures/T_Concrete_Panels_N.uexp" 840
"E:/UnrealProjects/Exana/Content/StarterContent/Textures/T_Concrete_Panels_N.ubulk" 841
"E:/UnrealProjects/Exana/Content/StarterContent/Textures/T_Concrete_Panels_D.uasset" 842
"E:/UnrealProjects/Exana/Content/StarterContent/Textures/T_Concrete_Panels_D.uexp" 843
"E:/UnrealProjects/Exana/Content/StarterContent/Textures/T_Concrete_Panels_D.ubulk" 844
"E:/UnrealProjects/Exana/Content/StarterContent/Materials/M_Concrete_Panels.uasset" 845
"E:/UnrealProjects/Exana/Content/StarterContent/Materials/M_Concrete_Panels.uexp" 846
"E:/UnrealProjects/Exana/Content/StarterContent/Textures/T_Rock_Basalt_D.uasset" 847
"E:/UnrealProjects/Exana/Content/StarterContent/Textures/T_Rock_Basalt_D.uexp" 848
"E:/UnrealProjects/Exana/Content/StarterContent/Textures/T_Rock_Basalt_D.ubulk" 849
"E:/UnrealProjects/Exana/Content/StarterContent/Textures/T_Rock_Basalt_N.uasset" 850
"E:/UnrealProjects/Exana/Content/StarterContent/Textures/T_Rock_Basalt_N.uexp" 851
"E:/UnrealProjects/Exana/Content/StarterContent/Textures/T_Rock_Basalt_N.ubulk" 852
"E:/UnrealProjects/Exana/Content/StarterContent/Materials/M_Rock_Basalt.uasset" 853
"E:/UnrealProjects/Exana/Content/StarterContent/Materials/M_Rock_Basalt.uexp" 854
"E:/UnrealProjects/Exana/Content/StarterContent/Materials/M_Tech_Hex_Tile.uasset" 855
"E:/UnrealProjects/Exana/Content/StarterContent/Materials/M_Tech_Hex_Tile.uexp" 856
"E:/UnrealProjects/Exana/Content/StarterContent/Textures/T_Water_M.uasset" 857
"E:/UnrealProjects/Exana/Content/StarterContent/Textures/T_Water_M.uexp" 858
"E:/UnrealProjects/Exana/Content/StarterContent/Textures/T_Water_M.ubulk" 859
"E:/UnrealProjects/Exana/Content/StarterContent/Materials/M_Water_Ocean.uasset" 860
"E:/UnrealProjects/Exana/Content/StarterContent/Materials/M_Water_Ocean.uexp" 861
"E:/UnrealProjects/Exana/Content/StarterContent/Textures/T_Metal_Rust_D.uasset" 862
"E:/UnrealProjects/Exana/Content/StarterContent/Textures/T_Metal_Rust_D.uexp" 863
"E:/UnrealProjects/Exana/Content/StarterContent/Textures/T_Metal_Rust_D.ubulk" 864
"E:/UnrealProjects/Exana/Content/StarterContent/Materials/M_Metal_Rust.uasset" 865
"E:/UnrealProjects/Exana/Content/StarterContent/Materials/M_Metal_Rust.uexp" 866
"E:/UnrealProjects/Exana/Content/StarterContent/Textures/T_CobbleStone_Pebble_D.uasset" 867
"E:/UnrealProjects/Exana/Content/StarterContent/Textures/T_CobbleStone_Pebble_D.uexp" 868
"E:/UnrealProjects/Exana/Content/StarterContent/Textures/T_CobbleStone_Pebble_D.ubulk" 869
"E:/UnrealProjects/Exana/Content/StarterContent/Textures/T_CobbleStone_Pebble_M.uasset" 870
"E:/UnrealProjects/Exana/Content/StarterContent/Textures/T_CobbleStone_Pebble_M.uexp" 871
"E:/UnrealProjects/Exana/Content/StarterContent/Textures/T_CobbleStone_Pebble_M.ubulk" 872
"E:/UnrealProjects/Exana/Content/StarterContent/Textures/T_CobbleStone_Pebble_N.uasset" 873
"E:/UnrealProjects/Exana/Content/StarterContent/Textures/T_CobbleStone_Pebble_N.uexp" 874
"E:/UnrealProjects/Exana/Content/StarterContent/Textures/T_CobbleStone_Pebble_N.ubulk" 875
"E:/UnrealProjects/Exana/Content/StarterContent/Materials/M_CobbleStone_Pebble.uasset" 876
"E:/UnrealProjects/Exana/Content/StarterContent/Materials/M_CobbleStone_Pebble.uexp" 877
"E:/UnrealProjects/Exana/Content/StarterContent/Textures/T_ground_Moss_D.uasset" 878
"E:/UnrealProjects/Exana/Content/StarterContent/Textures/T_ground_Moss_D.uexp" 879
"E:/UnrealProjects/Exana/Content/StarterContent/Textures/T_ground_Moss_D.ubulk" 880
"E:/UnrealProjects/Exana/Content/StarterContent/Textures/T_Ground_Moss_N.uasset" 881
"E:/UnrealProjects/Exana/Content/StarterContent/Textures/T_Ground_Moss_N.uexp" 882
"E:/UnrealProjects/Exana/Content/StarterContent/Textures/T_Ground_Moss_N.ubulk" 883
"E:/UnrealProjects/Exana/Content/StarterContent/Materials/M_Ground_Moss.uasset" 884
"E:/UnrealProjects/Exana/Content/StarterContent/Materials/M_Ground_Moss.uexp" 885
"E:/UnrealProjects/Exana/Content/StarterContent/Materials/M_Wood_Floor_Walnut_Polished.uasset" 886
"E:/UnrealProjects/Exana/Content/StarterContent/Materials/M_Wood_Floor_Walnut_Polished.uexp" 887
"E:/UnrealProjects/Exana/Content/StarterContent/Audio/Steam01_Cue.uasset" 888
"E:/UnrealProjects/Exana/Content/StarterContent/Audio/Steam01_Cue.uexp" 889
"E:/UnrealProjects/Exana/Content/StarterContent/Particles/P_Steam_Lit.uasset" 890
"E:/UnrealProjects/Exana/Content/StarterContent/Particles/P_Steam_Lit.uexp" 891
"E:/UnrealProjects/Exana/Content/StarterContent/Blueprints/Blueprint_Effect_Steam.uasset" 892
"E:/UnrealProjects/Exana/Content/StarterContent/Blueprints/Blueprint_Effect_Steam.uexp" 893
"E:/UnrealProjects/Exana/Content/StarterContent/Props/SM_Lamp_Wall.uasset" 894
"E:/UnrealProjects/Exana/Content/StarterContent/Props/SM_Lamp_Wall.uexp" 895
"E:/UnrealProjects/Exana/Content/StarterContent/Props/SM_Lamp_Wall.ubulk" 896
"E:/UnrealProjects/Exana/Content/StarterContent/Blueprints/Blueprint_WallSconce.uasset" 897
"E:/UnrealProjects/Exana/Content/StarterContent/Blueprints/Blueprint_WallSconce.uexp" 898
"E:/UnrealProjects/Exana/Content/StarterContent/Textures/T_Wood_Oak_D.uasset" 899
"E:/UnrealProjects/Exana/Content/StarterContent/Textures/T_Wood_Oak_D.uexp" 900
"E:/UnrealProjects/Exana/Content/StarterContent/Textures/T_Wood_Oak_D.ubulk" 901
"E:/UnrealProjects/Exana/Content/StarterContent/Textures/T_Wood_Oak_N.uasset" 902
"E:/UnrealProjects/Exana/Content/StarterContent/Textures/T_Wood_Oak_N.uexp" 903
"E:/UnrealProjects/Exana/Content/StarterContent/Textures/T_Wood_Oak_N.ubulk" 904
"E:/UnrealProjects/Exana/Content/StarterContent/Materials/M_Wood_Oak.uasset" 905
"E:/UnrealProjects/Exana/Content/StarterContent/Materials/M_Wood_Oak.uexp" 906
"E:/UnrealProjects/Exana/Content/StarterContent/Textures/T_Wood_Pine_D.uasset" 907
"E:/UnrealProjects/Exana/Content/StarterContent/Textures/T_Wood_Pine_D.uexp" 908
"E:/UnrealProjects/Exana/Content/StarterContent/Textures/T_Wood_Pine_D.ubulk" 909
"E:/UnrealProjects/Exana/Content/StarterContent/Textures/T_Wood_Pine_N.uasset" 910
"E:/UnrealProjects/Exana/Content/StarterContent/Textures/T_Wood_Pine_N.uexp" 911
"E:/UnrealProjects/Exana/Content/StarterContent/Textures/T_Wood_Pine_N.ubulk" 912
"E:/UnrealProjects/Exana/Content/StarterContent/Materials/M_Wood_Pine.uasset" 913
"E:/UnrealProjects/Exana/Content/StarterContent/Materials/M_Wood_Pine.uexp" 914
"E:/UnrealProjects/Exana/Content/StarterContent/Textures/T_Wood_Walnut_D.uasset" 915
"E:/UnrealProjects/Exana/Content/StarterContent/Textures/T_Wood_Walnut_D.uexp" 916
"E:/UnrealProjects/Exana/Content/StarterContent/Textures/T_Wood_Walnut_D.ubulk" 917
"E:/UnrealProjects/Exana/Content/StarterContent/Textures/T_Wood_Walnut_N.uasset" 918
"E:/UnrealProjects/Exana/Content/StarterContent/Textures/T_Wood_Walnut_N.uexp" 919
"E:/UnrealProjects/Exana/Content/StarterContent/Textures/T_Wood_Walnut_N.ubulk" 920
"E:/UnrealProjects/Exana/Content/StarterContent/Materials/M_Wood_Walnut.uasset" 921
"E:/UnrealProjects/Exana/Content/StarterContent/Materials/M_Wood_Walnut.uexp" 922
"E:/UnrealProjects/Exana/Content/StarterContent/Textures/T_Dust_Particle_D.uasset" 923
"E:/UnrealProjects/Exana/Content/StarterContent/Textures/T_Dust_Particle_D.uexp" 924
"E:/UnrealProjects/Exana/Content/StarterContent/Textures/T_Dust_Particle_D.ubulk" 925
"E:/UnrealProjects/Exana/Content/StarterContent/Particles/Materials/M_Dust_Particle.uasset" 926
"E:/UnrealProjects/Exana/Content/StarterContent/Particles/Materials/M_Dust_Particle.uexp" 927
"E:/UnrealProjects/Exana/Content/StarterContent/Particles/P_Ambient_Dust.uasset" 928
"E:/UnrealProjects/Exana/Content/StarterContent/Particles/P_Ambient_Dust.uexp" 929
"E:/UnrealProjects/Exana/Content/StarterContent/Props/MaterialSphere.uasset" 930
"E:/UnrealProjects/Exana/Content/StarterContent/Props/MaterialSphere.uexp" 931
"E:/UnrealProjects/Exana/Content/StarterContent/Props/MaterialSphere.ubulk" 932
"E:/UnrealProjects/Exana/Content/StarterContent/Textures/T_Frame_M.uasset" 933
"E:/UnrealProjects/Exana/Content/StarterContent/Textures/T_Frame_M.uexp" 934
"E:/UnrealProjects/Exana/Content/StarterContent/Textures/T_Frame_M.ubulk" 935
"E:/UnrealProjects/Exana/Content/StarterContent/Textures/T_Frame_N.uasset" 936
"E:/UnrealProjects/Exana/Content/StarterContent/Textures/T_Frame_N.uexp" 937
"E:/UnrealProjects/Exana/Content/StarterContent/Textures/T_Frame_N.ubulk" 938
"E:/UnrealProjects/Exana/Content/StarterContent/Props/Materials/M_Frame.uasset" 939
"E:/UnrealProjects/Exana/Content/StarterContent/Props/Materials/M_Frame.uexp" 940
"E:/UnrealProjects/Exana/Content/StarterContent/Props/SM_CornerFrame.uasset" 941
"E:/UnrealProjects/Exana/Content/StarterContent/Props/SM_CornerFrame.uexp" 942
"E:/UnrealProjects/Exana/Content/StarterContent/Props/SM_CornerFrame.ubulk" 943
"E:/UnrealProjects/Exana/Content/StarterContent/Props/SM_DoorFrame.uasset" 944
"E:/UnrealProjects/Exana/Content/StarterContent/Props/SM_DoorFrame.uexp" 945
"E:/UnrealProjects/Exana/Content/StarterContent/Props/SM_DoorFrame.ubulk" 946
"E:/UnrealProjects/Exana/Content/StarterContent/Materials/M_Glass.uasset" 947
"E:/UnrealProjects/Exana/Content/StarterContent/Materials/M_Glass.uexp" 948
"E:/UnrealProjects/Exana/Content/StarterContent/Props/SM_GlassWindow.uasset" 949
"E:/UnrealProjects/Exana/Content/StarterContent/Props/SM_GlassWindow.uexp" 950
"E:/UnrealProjects/Exana/Content/StarterContent/Props/SM_GlassWindow.ubulk" 951
"E:/UnrealProjects/Exana/Content/StarterContent/Props/SM_PillarFrame.uasset" 952
"E:/UnrealProjects/Exana/Content/StarterContent/Props/SM_PillarFrame.uexp" 953
"E:/UnrealProjects/Exana/Content/StarterContent/Props/SM_PillarFrame.ubulk" 954
"E:/UnrealProjects/Exana/Content/StarterContent/Props/SM_PillarFrame300.uasset" 955
"E:/UnrealProjects/Exana/Content/StarterContent/Props/SM_PillarFrame300.uexp" 956
"E:/UnrealProjects/Exana/Content/StarterContent/Props/SM_PillarFrame300.ubulk" 957
"E:/UnrealProjects/Exana/Content/StarterContent/Props/SM_WindowFrame.uasset" 958
"E:/UnrealProjects/Exana/Content/StarterContent/Props/SM_WindowFrame.uexp" 959
"E:/UnrealProjects/Exana/Content/StarterContent/Props/SM_WindowFrame.ubulk" 960
"E:/UnrealProjects/Exana/Content/StarterContent/Shapes/Shape_Cube.uasset" 961
"E:/UnrealProjects/Exana/Content/StarterContent/Shapes/Shape_Cube.uexp" 962
"E:/UnrealProjects/Exana/Content/StarterContent/Shapes/Shape_Cube.ubulk" 963
"E:/UnrealProjects/Exana/Content/StarterContent/Shapes/Shape_QuadPyramid.uasset" 964
"E:/UnrealProjects/Exana/Content/StarterContent/Shapes/Shape_QuadPyramid.uexp" 965
"E:/UnrealProjects/Exana/Content/StarterContent/Shapes/Shape_QuadPyramid.ubulk" 966
"E:/UnrealProjects/Exana/Content/StarterContent/Shapes/Shape_Sphere.uasset" 967
"E:/UnrealProjects/Exana/Content/StarterContent/Shapes/Shape_Sphere.uexp" 968
"E:/UnrealProjects/Exana/Content/StarterContent/Shapes/Shape_Sphere.ubulk" 969
"E:/UnrealProjects/Exana/Content/StarterContent/Maps/StarterMap.uexp" 970
"E:/UnrealProjects/Exana/Content/StarterContent/Maps/StarterMap.umap" 971
"E:/UnrealProjects/Exana/Content/Geometry/Meshes/CubeMaterial.uasset" 972
"E:/UnrealProjects/Exana/Content/Geometry/Meshes/CubeMaterial.uexp" 973
"E:/UnrealProjects/Exana/Content/Geometry/Meshes/1M_Cube.uasset" 974
"E:/UnrealProjects/Exana/Content/Geometry/Meshes/1M_Cube.uexp" 975
"E:/UnrealProjects/Exana/Content/Geometry/Meshes/1M_Cube.ubulk" 976
"E:/UnrealProjects/Exana/Content/Geometry/Meshes/1M_Cube_Chamfer.uasset" 977
"E:/UnrealProjects/Exana/Content/Geometry/Meshes/1M_Cube_Chamfer.uexp" 978
"E:/UnrealProjects/Exana/Content/Geometry/Meshes/1M_Cube_Chamfer.ubulk" 979
"E:/UnrealProjects/Exana/Content/Geometry/Meshes/TemplateFloor.uasset" 980
"E:/UnrealProjects/Exana/Content/Geometry/Meshes/TemplateFloor.uexp" 981
"E:/UnrealProjects/Exana/Content/Geometry/Meshes/TemplateFloor.ubulk" 982
"E:/UnrealProjects/Exana/Content/ThirdPerson/Meshes/RampMaterial.uasset" 983
"E:/UnrealProjects/Exana/Content/ThirdPerson/Meshes/RampMaterial.uexp" 984
"E:/UnrealProjects/Exana/Content/ThirdPerson/Meshes/Bump_StaticMesh.uasset" 985
"E:/UnrealProjects/Exana/Content/ThirdPerson/Meshes/Bump_StaticMesh.uexp" 986
"E:/UnrealProjects/Exana/Content/ThirdPerson/Meshes/Bump_StaticMesh.ubulk" 987
"E:/UnrealProjects/Exana/Content/ThirdPerson/Meshes/LeftArm_StaticMesh.uasset" 988
"E:/UnrealProjects/Exana/Content/ThirdPerson/Meshes/LeftArm_StaticMesh.uexp" 989
"E:/UnrealProjects/Exana/Content/ThirdPerson/Meshes/LeftArm_StaticMesh.ubulk" 990
"E:/UnrealProjects/Exana/Content/ThirdPerson/Meshes/Linear_Stair_StaticMesh.uasset" 991
"E:/UnrealProjects/Exana/Content/ThirdPerson/Meshes/Linear_Stair_StaticMesh.uexp" 992
"E:/UnrealProjects/Exana/Content/ThirdPerson/Meshes/Linear_Stair_StaticMesh.ubulk" 993
"E:/UnrealProjects/Exana/Content/ThirdPerson/Meshes/Ramp_StaticMesh.uasset" 994
"E:/UnrealProjects/Exana/Content/ThirdPerson/Meshes/Ramp_StaticMesh.uexp" 995
"E:/UnrealProjects/Exana/Content/ThirdPerson/Meshes/Ramp_StaticMesh.ubulk" 996
"E:/UnrealProjects/Exana/Content/ThirdPerson/Meshes/RightArm_StaticMesh.uasset" 997
"E:/UnrealProjects/Exana/Content/ThirdPerson/Meshes/RightArm_StaticMesh.uexp" 998
"E:/UnrealProjects/Exana/Content/ThirdPerson/Meshes/RightArm_StaticMesh.ubulk" 999
"E:/UnrealProjects/Exana/Content/ThirdPersonBP/Maps/ThirdPersonExampleMap_BuiltData.uasset" 1000
"E:/UnrealProjects/Exana/Content/ThirdPersonBP/Maps/ThirdPersonExampleMap_BuiltData.uexp" 1001
"E:/UnrealProjects/Exana/Content/ThirdPersonBP/Maps/ThirdPersonExampleMap_BuiltData.ubulk" 1002
"E:/UnrealProjects/Exana/Content/ThirdPersonBP/Maps/ThirdPersonExampleMap.uexp" 1003
"E:/UnrealProjects/Exana/Content/ThirdPersonBP/Maps/ThirdPersonExampleMap.umap" 1004
"../../../Engine/Content/Maps/Entry_BuiltData.uasset" 1005
"../../../Engine/Content/Maps/Entry_BuiltData.uexp" 1006
"../../../Engine/Content/Maps/Entry.uexp" 1007
"../../../Engine/Content/Maps/Entry.umap" 1008
